[2025-05-19T08:11:52.026+0000] {taskinstance.py:1087} INFO - Dependencies all met for <TaskInstance: math_crawler_pipeline.get_links manual__2025-05-19T08:11:50.677035+00:00 [queued]>
[2025-05-19T08:11:52.034+0000] {taskinstance.py:1087} INFO - Dependencies all met for <TaskInstance: math_crawler_pipeline.get_links manual__2025-05-19T08:11:50.677035+00:00 [queued]>
[2025-05-19T08:11:52.034+0000] {taskinstance.py:1283} INFO - 
--------------------------------------------------------------------------------
[2025-05-19T08:11:52.034+0000] {taskinstance.py:1284} INFO - Starting attempt 1 of 3
[2025-05-19T08:11:52.034+0000] {taskinstance.py:1285} INFO - 
--------------------------------------------------------------------------------
[2025-05-19T08:11:52.045+0000] {taskinstance.py:1304} INFO - Executing <Task(PythonOperator): get_links> on 2025-05-19 08:11:50.677035+00:00
[2025-05-19T08:11:52.050+0000] {standard_task_runner.py:55} INFO - Started process 1297 to run task
[2025-05-19T08:11:52.053+0000] {standard_task_runner.py:82} INFO - Running: ['***', 'tasks', 'run', 'math_crawler_pipeline', 'get_links', 'manual__2025-05-19T08:11:50.677035+00:00', '--job-id', '15', '--raw', '--subdir', 'DAGS_FOLDER/MathDag.py', '--cfg-path', '/tmp/tmpfdt6unjj']
[2025-05-19T08:11:52.055+0000] {standard_task_runner.py:83} INFO - Job 15: Subtask get_links
[2025-05-19T08:11:52.103+0000] {task_command.py:389} INFO - Running <TaskInstance: math_crawler_pipeline.get_links manual__2025-05-19T08:11:50.677035+00:00 [running]> on host 23e48ed0cd15
[2025-05-19T08:11:52.151+0000] {taskinstance.py:1511} INFO - Exporting the following env vars:
AIRFLOW_CTX_DAG_OWNER=***
AIRFLOW_CTX_DAG_ID=math_crawler_pipeline
AIRFLOW_CTX_TASK_ID=get_links
AIRFLOW_CTX_EXECUTION_DATE=2025-05-19T08:11:50.677035+00:00
AIRFLOW_CTX_TRY_NUMBER=1
AIRFLOW_CTX_DAG_RUN_ID=manual__2025-05-19T08:11:50.677035+00:00
[2025-05-19T08:11:52.453+0000] {python.py:177} INFO - Done. Returned value was: None
[2025-05-19T08:11:52.465+0000] {taskinstance.py:1322} INFO - Marking task as SUCCESS. dag_id=math_crawler_pipeline, task_id=get_links, execution_date=20250519T081150, start_date=20250519T081152, end_date=20250519T081152
[2025-05-19T08:11:52.518+0000] {local_task_job.py:159} INFO - Task exited with return code 0
[2025-05-19T08:11:52.542+0000] {taskinstance.py:2582} INFO - 1 downstream tasks scheduled from follow-on schedule check
