[2025-05-19T16:47:53.087+0000] {taskinstance.py:1087} INFO - Dependencies all met for <TaskInstance: math_crawler_pipeline.extract_problem_and_solution manual__2025-05-19T16:30:42.437473+00:00 [queued]>
[2025-05-19T16:47:53.095+0000] {taskinstance.py:1087} INFO - Dependencies all met for <TaskInstance: math_crawler_pipeline.extract_problem_and_solution manual__2025-05-19T16:30:42.437473+00:00 [queued]>
[2025-05-19T16:47:53.096+0000] {taskinstance.py:1283} INFO - 
--------------------------------------------------------------------------------
[2025-05-19T16:47:53.096+0000] {taskinstance.py:1284} INFO - Starting attempt 2 of 4
[2025-05-19T16:47:53.096+0000] {taskinstance.py:1285} INFO - 
--------------------------------------------------------------------------------
[2025-05-19T16:47:53.107+0000] {taskinstance.py:1304} INFO - Executing <Task(PythonOperator): extract_problem_and_solution> on 2025-05-19 16:30:42.437473+00:00
[2025-05-19T16:47:53.111+0000] {standard_task_runner.py:55} INFO - Started process 218 to run task
[2025-05-19T16:47:53.114+0000] {standard_task_runner.py:82} INFO - Running: ['***', 'tasks', 'run', 'math_crawler_pipeline', 'extract_problem_and_solution', 'manual__2025-05-19T16:30:42.437473+00:00', '--job-id', '146', '--raw', '--subdir', 'DAGS_FOLDER/MathDag.py', '--cfg-path', '/tmp/tmp0ho1jt7a']
[2025-05-19T16:47:53.117+0000] {standard_task_runner.py:83} INFO - Job 146: Subtask extract_problem_and_solution
[2025-05-19T16:47:53.190+0000] {task_command.py:389} INFO - Running <TaskInstance: math_crawler_pipeline.extract_problem_and_solution manual__2025-05-19T16:30:42.437473+00:00 [running]> on host 11cd72090704
[2025-05-19T16:47:53.248+0000] {taskinstance.py:1511} INFO - Exporting the following env vars:
AIRFLOW_CTX_DAG_OWNER=***
AIRFLOW_CTX_DAG_ID=math_crawler_pipeline
AIRFLOW_CTX_TASK_ID=extract_problem_and_solution
AIRFLOW_CTX_EXECUTION_DATE=2025-05-19T16:30:42.437473+00:00
AIRFLOW_CTX_TRY_NUMBER=2
AIRFLOW_CTX_DAG_RUN_ID=manual__2025-05-19T16:30:42.437473+00:00
[2025-05-19T16:47:53.258+0000] {MathDag.py:45} INFO - Đang crawl link 1/64: https://loigiaihay.com/de-tham-khao-thi-vao-10-toan-ha-noi-nam-2025-co-dap-an-va-loi-giai-chi-tiet-a179519.html
[2025-05-19T16:52:53.267+0000] {MathDag.py:50} ERROR - Lỗi crawl link https://loigiaihay.com/de-tham-khao-thi-vao-10-toan-ha-noi-nam-2025-co-dap-an-va-loi-giai-chi-tiet-a179519.html: Message: Could not start a new session. New session request timed out 
Host info: host: '6d65284669c8', ip: '172.18.0.3'
Build info: version: '4.32.0', revision: 'd17c8aa950'
System info: os.name: 'Linux', os.arch: 'amd64', os.version: '6.10.14-linuxkit', java.version: '21.0.7'
Driver info: driver.version: unknown
Stacktrace:
    at org.openqa.selenium.grid.sessionqueue.local.LocalNewSessionQueue.addToQueue (LocalNewSessionQueue.java:224)
    at org.openqa.selenium.grid.sessionqueue.NewSessionQueue.lambda$new$0 (NewSessionQueue.java:68)
    at org.openqa.selenium.remote.http.Route$TemplatizedRoute.handle (Route.java:192)
    at org.openqa.selenium.remote.http.Route.execute (Route.java:69)
    at org.openqa.selenium.remote.http.Route$CombinedRoute.handle (Route.java:360)
    at org.openqa.selenium.remote.http.Route.execute (Route.java:69)
    at org.openqa.selenium.grid.sessionqueue.NewSessionQueue.execute (NewSessionQueue.java:128)
    at org.openqa.selenium.remote.tracing.SpanWrappedHttpHandler.execute (SpanWrappedHttpHandler.java:87)
    at org.openqa.selenium.remote.http.Filter$1.execute (Filter.java:63)
    at org.openqa.selenium.remote.http.Route$CombinedRoute.handle (Route.java:360)
    at org.openqa.selenium.remote.http.Route.execute (Route.java:69)
    at org.openqa.selenium.grid.router.Router.execute (Router.java:89)
    at org.openqa.selenium.grid.web.EnsureSpecCompliantResponseHeaders.lambda$apply$0 (EnsureSpecCompliantResponseHeaders.java:34)
    at org.openqa.selenium.remote.http.Filter$1.execute (Filter.java:63)
    at org.openqa.selenium.remote.http.Route$CombinedRoute.handle (Route.java:360)
    at org.openqa.selenium.remote.http.Route.execute (Route.java:69)
    at org.openqa.selenium.remote.http.Route$NestedRoute.handle (Route.java:270)
    at org.openqa.selenium.remote.http.Route.execute (Route.java:69)
    at org.openqa.selenium.remote.http.Route$CombinedRoute.handle (Route.java:360)
    at org.openqa.selenium.remote.http.Route.execute (Route.java:69)
    at org.openqa.selenium.remote.AddWebDriverSpecHeaders.lambda$apply$0 (AddWebDriverSpecHeaders.java:35)
    at org.openqa.selenium.remote.ErrorFilter.lambda$apply$0 (ErrorFilter.java:44)
    at org.openqa.selenium.remote.http.Filter$1.execute (Filter.java:63)
    at org.openqa.selenium.remote.ErrorFilter.lambda$apply$0 (ErrorFilter.java:44)
    at org.openqa.selenium.remote.http.Filter$1.execute (Filter.java:63)
    at org.openqa.selenium.netty.server.SeleniumHandler.lambda$channelRead0$0 (SeleniumHandler.java:49)
    at java.util.concurrent.Executors$RunnableAdapter.call (Executors.java:572)
    at java.util.concurrent.FutureTask.run (FutureTask.java:317)
    at java.util.concurrent.ThreadPoolExecutor.runWorker (ThreadPoolExecutor.java:1144)
    at java.util.concurrent.ThreadPoolExecutor$Worker.run (ThreadPoolExecutor.java:642)
    at java.lang.Thread.run (Thread.java:1583)
[2025-05-19T16:52:53.268+0000] {MathDag.py:45} INFO - Đang crawl link 2/64: https://loigiaihay.com/de-tham-khao-thi-vao-10-toan-ha-noi-nam-2025-co-dap-an-va-loi-giai-chi-tiet-de-2-a179539.html
[2025-05-19T16:54:30.156+0000] {MathDag.py:47} INFO -   -> Crawl thành công, số block: 208
[2025-05-19T16:54:30.157+0000] {MathDag.py:45} INFO - Đang crawl link 3/64: https://loigiaihay.com/de-tham-khao-thi-vao-10-toan-ha-noi-nam-2025-co-dap-an-va-loi-giai-chi-tiet-de-3-a181097.html
[2025-05-19T16:54:40.570+0000] {MathDag.py:47} INFO -   -> Crawl thành công, số block: 217
[2025-05-19T16:54:40.572+0000] {MathDag.py:45} INFO - Đang crawl link 4/64: https://loigiaihay.com/de-tham-khao-thi-vao-10-mon-toan-ha-noi-nam-2025-de-so-4-a181870.html
[2025-05-19T16:54:50.505+0000] {MathDag.py:47} INFO -   -> Crawl thành công, số block: 188
[2025-05-19T16:54:50.505+0000] {MathDag.py:45} INFO - Đang crawl link 5/64: https://loigiaihay.com/de-tham-khao-thi-vao-10-mon-toan-ha-noi-nam-2025-de-so-5-a182059.html
[2025-05-19T16:55:00.269+0000] {MathDag.py:47} INFO -   -> Crawl thành công, số block: 212
[2025-05-19T16:55:00.269+0000] {MathDag.py:45} INFO - Đang crawl link 6/64: https://loigiaihay.com/de-tham-khao-thi-vao-10-mon-toan-ha-noi-nam-2025-de-so-6-a182290.html
[2025-05-19T16:55:10.019+0000] {MathDag.py:47} INFO -   -> Crawl thành công, số block: 186
[2025-05-19T16:55:10.019+0000] {MathDag.py:45} INFO - Đang crawl link 7/64: https://loigiaihay.com/de-tham-khao-thi-vao-10-mon-toan-ha-noi-nam-2025-de-so-7-a182562.html
[2025-05-19T16:55:23.307+0000] {MathDag.py:47} INFO -   -> Crawl thành công, số block: 170
[2025-05-19T16:55:23.308+0000] {MathDag.py:45} INFO - Đang crawl link 8/64: https://loigiaihay.com/de-tham-khao-thi-vao-10-mon-toan-ha-noi-nam-2025-de-so-8-a183073.html
[2025-05-19T16:55:32.518+0000] {MathDag.py:47} INFO -   -> Crawl thành công, số block: 171
[2025-05-19T16:55:32.519+0000] {MathDag.py:45} INFO - Đang crawl link 9/64: https://loigiaihay.com/de-tham-khao-thi-vao-10-mon-toan-ha-noi-nam-2025-de-so-9-a183564.html
[2025-05-19T16:55:41.697+0000] {MathDag.py:47} INFO -   -> Crawl thành công, số block: 170
[2025-05-19T16:55:41.697+0000] {MathDag.py:45} INFO - Đang crawl link 10/64: https://loigiaihay.com/de-tham-khao-thi-vao-10-mon-toan-ha-noi-nam-2025-de-so-10-a183809.html
[2025-05-19T16:55:49.524+0000] {MathDag.py:47} INFO -   -> Crawl thành công, số block: 170
[2025-05-19T16:55:49.524+0000] {MathDag.py:45} INFO - Đang crawl link 11/64: https://loigiaihay.com/de-tham-khao-thi-vao-10-mon-toan-ha-noi-nam-2025-de-so-11-a184285.html
[2025-05-19T16:55:58.710+0000] {MathDag.py:47} INFO -   -> Crawl thành công, số block: 162
[2025-05-19T16:55:58.710+0000] {MathDag.py:45} INFO - Đang crawl link 12/64: https://loigiaihay.com/de-tham-khao-thi-vao-10-toan-tp-ho-chi-minh-nam-2025-co-dap-an-va-loi-giai-chi-tiet-de-1-a179544.html
[2025-05-19T16:56:08.504+0000] {MathDag.py:47} INFO -   -> Crawl thành công, số block: 207
[2025-05-19T16:56:08.505+0000] {MathDag.py:45} INFO - Đang crawl link 13/64: https://loigiaihay.com/de-tham-khao-thi-vao-10-mon-toan-tp-ho-chi-minh-nam-2025-de-so-2-a181829.html
[2025-05-19T16:56:18.291+0000] {MathDag.py:47} INFO -   -> Crawl thành công, số block: 226
[2025-05-19T16:56:18.291+0000] {MathDag.py:45} INFO - Đang crawl link 14/64: https://loigiaihay.com/de-tham-khao-thi-vao-10-mon-toan-tp-ho-chi-minh-nam-2025-de-so-3-a181884.html
[2025-05-19T16:56:27.691+0000] {MathDag.py:47} INFO -   -> Crawl thành công, số block: 191
[2025-05-19T16:56:27.692+0000] {MathDag.py:45} INFO - Đang crawl link 15/64: https://loigiaihay.com/de-tham-khao-thi-vao-10-mon-toan-tp-ho-chi-minh-nam-2025-de-so-4-a181981.html
[2025-05-19T16:56:40.559+0000] {MathDag.py:47} INFO -   -> Crawl thành công, số block: 237
[2025-05-19T16:56:40.559+0000] {MathDag.py:45} INFO - Đang crawl link 16/64: https://loigiaihay.com/de-tham-khao-thi-vao-10-mon-toan-tp-ho-chi-minh-nam-2025-de-so-5-a182269.html
[2025-05-19T16:56:50.223+0000] {MathDag.py:47} INFO -   -> Crawl thành công, số block: 246
[2025-05-19T16:56:50.223+0000] {MathDag.py:45} INFO - Đang crawl link 17/64: https://loigiaihay.com/de-tham-khao-thi-vao-10-mon-toan-tp-ho-chi-minh-nam-2025-de-so-6-a182568.html
[2025-05-19T16:57:04.080+0000] {MathDag.py:47} INFO -   -> Crawl thành công, số block: 249
[2025-05-19T16:57:04.080+0000] {MathDag.py:45} INFO - Đang crawl link 18/64: https://loigiaihay.com/de-tham-khao-thi-vao-10-mon-toan-tp-ho-chi-minh-nam-2025-de-so-7-a182986.html
[2025-05-19T16:57:13.465+0000] {MathDag.py:47} INFO -   -> Crawl thành công, số block: 199
[2025-05-19T16:57:13.466+0000] {MathDag.py:45} INFO - Đang crawl link 19/64: https://loigiaihay.com/de-tham-khao-thi-vao-10-mon-toan-tp-ho-chi-minh-nam-2025-de-so-8-a183544.html
[2025-05-19T16:57:28.050+0000] {MathDag.py:47} INFO -   -> Crawl thành công, số block: 218
[2025-05-19T16:57:28.051+0000] {MathDag.py:45} INFO - Đang crawl link 20/64: https://loigiaihay.com/de-tham-khao-thi-vao-10-mon-toan-tp-ho-chi-minh-nam-2025-de-so-9-a184122.html
[2025-05-19T16:57:37.606+0000] {MathDag.py:47} INFO -   -> Crawl thành công, số block: 208
[2025-05-19T16:57:37.607+0000] {MathDag.py:45} INFO - Đang crawl link 21/64: https://loigiaihay.com/de-tham-khao-thi-vao-10-mon-toan-tp-ho-chi-minh-nam-2025-de-so-10-a184527.html
[2025-05-19T16:57:47.001+0000] {MathDag.py:47} INFO -   -> Crawl thành công, số block: 191
[2025-05-19T16:57:47.001+0000] {MathDag.py:45} INFO - Đang crawl link 22/64: https://loigiaihay.com/de-so-1-de-thi-vao-lop-10-mon-toan-c44a49454.html
[2025-05-19T16:57:56.963+0000] {MathDag.py:47} INFO -   -> Crawl thành công, số block: 16
[2025-05-19T16:57:56.963+0000] {MathDag.py:45} INFO - Đang crawl link 23/64: https://loigiaihay.com/de-so-2-de-thi-vao-lop-10-mon-toan-c44a49464.html
[2025-05-19T16:58:05.856+0000] {MathDag.py:47} INFO -   -> Crawl thành công, số block: 23
[2025-05-19T16:58:05.857+0000] {MathDag.py:45} INFO - Đang crawl link 24/64: https://loigiaihay.com/de-so-3-de-thi-vao-lop-10-mon-toan-c44a49465.html
[2025-05-19T16:58:15.964+0000] {MathDag.py:47} INFO -   -> Crawl thành công, số block: 23
[2025-05-19T16:58:15.964+0000] {MathDag.py:45} INFO - Đang crawl link 25/64: https://loigiaihay.com/de-so-4-de-thi-vao-lop-10-mon-toan-c44a49466.html
[2025-05-19T16:58:25.553+0000] {MathDag.py:47} INFO -   -> Crawl thành công, số block: 18
[2025-05-19T16:58:25.554+0000] {MathDag.py:45} INFO - Đang crawl link 26/64: https://loigiaihay.com/de-so-5-de-thi-vao-lop-10-mon-toan-c44a49467.html
[2025-05-19T16:58:35.537+0000] {MathDag.py:47} INFO -   -> Crawl thành công, số block: 4
[2025-05-19T16:58:35.537+0000] {MathDag.py:45} INFO - Đang crawl link 27/64: https://loigiaihay.com/de-so-6-de-thi-vao-lop-10-mon-toan-c44a49468.html
[2025-05-19T16:58:45.364+0000] {MathDag.py:47} INFO -   -> Crawl thành công, số block: 16
[2025-05-19T16:58:45.365+0000] {MathDag.py:45} INFO - Đang crawl link 28/64: https://loigiaihay.com/de-so-7-de-thi-vao-lop-10-mon-toan-c44a49469.html
[2025-05-19T16:58:55.154+0000] {MathDag.py:47} INFO -   -> Crawl thành công, số block: 26
[2025-05-19T16:58:55.154+0000] {MathDag.py:45} INFO - Đang crawl link 29/64: https://loigiaihay.com/de-so-8-de-thi-vao-lop-10-mon-toan-c44a49470.html
[2025-05-19T16:59:04.949+0000] {MathDag.py:47} INFO -   -> Crawl thành công, số block: 5
[2025-05-19T16:59:04.950+0000] {MathDag.py:45} INFO - Đang crawl link 30/64: https://loigiaihay.com/de-so-9-de-thi-vao-lop-10-mon-toan-c44a49471.html
[2025-05-19T16:59:14.952+0000] {MathDag.py:47} INFO -   -> Crawl thành công, số block: 3
[2025-05-19T16:59:14.953+0000] {MathDag.py:45} INFO - Đang crawl link 31/64: https://loigiaihay.com/de-so-10-de-thi-vao-lop-10-mon-toan-c44a49472.html
[2025-05-19T16:59:25.011+0000] {MathDag.py:47} INFO -   -> Crawl thành công, số block: 3
[2025-05-19T16:59:25.011+0000] {MathDag.py:45} INFO - Đang crawl link 32/64: https://loigiaihay.com/de-so-11-de-thi-vao-lop-10-mon-toan-c44a49473.html
[2025-05-19T16:59:34.805+0000] {MathDag.py:47} INFO -   -> Crawl thành công, số block: 9
[2025-05-19T16:59:34.805+0000] {MathDag.py:45} INFO - Đang crawl link 33/64: https://loigiaihay.com/de-so-12-de-thi-vao-lop-10-mon-toan-c44a49474.html
[2025-05-19T16:59:44.657+0000] {MathDag.py:47} INFO -   -> Crawl thành công, số block: 3
[2025-05-19T16:59:44.657+0000] {MathDag.py:45} INFO - Đang crawl link 34/64: https://loigiaihay.com/de-so-13-de-thi-vao-lop-10-mon-toan-c44a49515.html
[2025-05-19T16:59:54.073+0000] {MathDag.py:47} INFO -   -> Crawl thành công, số block: 16
[2025-05-19T16:59:54.073+0000] {MathDag.py:45} INFO - Đang crawl link 35/64: https://loigiaihay.com/de-so-14-de-thi-vao-lop-10-mon-toan-c44a49529.html
[2025-05-19T17:00:06.043+0000] {MathDag.py:47} INFO -   -> Crawl thành công, số block: 9
[2025-05-19T17:00:06.044+0000] {MathDag.py:45} INFO - Đang crawl link 36/64: https://loigiaihay.com/de-so-15-de-thi-vao-lop-10-mon-toan-c44a49531.html
[2025-05-19T17:00:16.191+0000] {MathDag.py:47} INFO -   -> Crawl thành công, số block: 18
[2025-05-19T17:00:16.191+0000] {MathDag.py:45} INFO - Đang crawl link 37/64: https://loigiaihay.com/de-so-16-de-thi-vao-lop-10-mon-toan-c44a49533.html
[2025-05-19T17:00:27.430+0000] {MathDag.py:47} INFO -   -> Crawl thành công, số block: 24
[2025-05-19T17:00:27.431+0000] {MathDag.py:45} INFO - Đang crawl link 38/64: https://loigiaihay.com/de-so-17-de-thi-vao-lop-10-mon-toan-c44a49536.html
[2025-05-19T17:00:38.425+0000] {MathDag.py:47} INFO -   -> Crawl thành công, số block: 11
[2025-05-19T17:00:38.426+0000] {MathDag.py:45} INFO - Đang crawl link 39/64: https://loigiaihay.com/de-so-18-de-thi-vao-lop-10-mon-toan-c44a49538.html
[2025-05-19T17:00:49.461+0000] {MathDag.py:47} INFO -   -> Crawl thành công, số block: 5
[2025-05-19T17:00:49.461+0000] {MathDag.py:45} INFO - Đang crawl link 40/64: https://loigiaihay.com/de-so-19-de-thi-vao-lop-10-mon-toan-c44a49540.html
[2025-05-19T17:01:00.437+0000] {MathDag.py:47} INFO -   -> Crawl thành công, số block: 23
[2025-05-19T17:01:00.437+0000] {MathDag.py:45} INFO - Đang crawl link 41/64: https://loigiaihay.com/de-so-20-de-thi-vao-lop-10-mon-toan-c44a49541.html
[2025-05-19T17:01:10.498+0000] {MathDag.py:47} INFO -   -> Crawl thành công, số block: 16
[2025-05-19T17:01:10.499+0000] {MathDag.py:45} INFO - Đang crawl link 42/64: https://loigiaihay.com/de-so-21-de-thi-vao-lop-10-mon-toan-c44a49573.html
[2025-05-19T17:01:22.994+0000] {MathDag.py:47} INFO -   -> Crawl thành công, số block: 4
[2025-05-19T17:01:22.995+0000] {MathDag.py:45} INFO - Đang crawl link 43/64: https://loigiaihay.com/de-so-22-de-thi-vao-lop-10-mon-toan-c44a49582.html
[2025-05-19T17:01:34.682+0000] {MathDag.py:47} INFO -   -> Crawl thành công, số block: 9
[2025-05-19T17:01:34.682+0000] {MathDag.py:45} INFO - Đang crawl link 44/64: https://loigiaihay.com/de-so-23-de-thi-vao-lop-10-mon-toan-c44a49583.html
[2025-05-19T17:01:45.288+0000] {MathDag.py:47} INFO -   -> Crawl thành công, số block: 3
[2025-05-19T17:01:45.289+0000] {MathDag.py:45} INFO - Đang crawl link 45/64: https://loigiaihay.com/de-so-24-de-thi-vao-lop-10-mon-toan-c44a49585.html
[2025-05-19T17:01:55.569+0000] {MathDag.py:47} INFO -   -> Crawl thành công, số block: 4
[2025-05-19T17:01:55.570+0000] {MathDag.py:45} INFO - Đang crawl link 46/64: https://loigiaihay.com/de-so-25-de-thi-vao-lop-10-mon-toan-c44a49613.html
[2025-05-19T17:02:06.661+0000] {MathDag.py:47} INFO -   -> Crawl thành công, số block: 16
[2025-05-19T17:02:06.662+0000] {MathDag.py:45} INFO - Đang crawl link 47/64: https://loigiaihay.com/de-so-26-de-thi-vao-lop-10-mon-toan-c44a49614.html
[2025-05-19T17:02:17.262+0000] {MathDag.py:47} INFO -   -> Crawl thành công, số block: 3
[2025-05-19T17:02:17.263+0000] {MathDag.py:45} INFO - Đang crawl link 48/64: https://loigiaihay.com/de-so-27-de-thi-vao-lop-10-mon-toan-c44a49615.html
[2025-05-19T17:02:28.670+0000] {MathDag.py:47} INFO -   -> Crawl thành công, số block: 6
[2025-05-19T17:02:28.671+0000] {MathDag.py:45} INFO - Đang crawl link 49/64: https://loigiaihay.com/de-so-28-de-thi-vao-lop-10-mon-toan-c44a49616.html
[2025-05-19T17:02:39.457+0000] {MathDag.py:47} INFO -   -> Crawl thành công, số block: 4
[2025-05-19T17:02:39.458+0000] {MathDag.py:45} INFO - Đang crawl link 50/64: https://loigiaihay.com/de-so-29-de-thi-vao-lop-10-mon-toan-c44a49621.html
[2025-05-19T17:02:49.851+0000] {MathDag.py:47} INFO -   -> Crawl thành công, số block: 16
[2025-05-19T17:02:49.852+0000] {MathDag.py:45} INFO - Đang crawl link 51/64: https://loigiaihay.com/de-so-30-de-thi-vao-lop-10-mon-toan-c44a49629.html
[2025-05-19T17:02:59.862+0000] {MathDag.py:47} INFO -   -> Crawl thành công, số block: 3
[2025-05-19T17:02:59.862+0000] {MathDag.py:45} INFO - Đang crawl link 52/64: https://loigiaihay.com/de-so-31-de-thi-vao-lop-10-mon-toan-c44a49640.html
[2025-05-19T17:03:10.411+0000] {MathDag.py:47} INFO -   -> Crawl thành công, số block: 3
[2025-05-19T17:03:10.412+0000] {MathDag.py:45} INFO - Đang crawl link 53/64: https://loigiaihay.com/de-so-32-de-thi-vao-lop-10-mon-toan-c44a49639.html
[2025-05-19T17:03:26.286+0000] {MathDag.py:47} INFO -   -> Crawl thành công, số block: 28
[2025-05-19T17:03:26.286+0000] {MathDag.py:45} INFO - Đang crawl link 54/64: https://loigiaihay.com/de-so-33-de-thi-vao-lop-10-mon-toan-c44a49641.html
[2025-05-19T17:03:36.517+0000] {MathDag.py:47} INFO -   -> Crawl thành công, số block: 4
[2025-05-19T17:03:36.518+0000] {MathDag.py:45} INFO - Đang crawl link 55/64: https://loigiaihay.com/de-so-34-de-thi-vao-lop-10-mon-toan-c44a49643.html
[2025-05-19T17:03:51.590+0000] {MathDag.py:47} INFO -   -> Crawl thành công, số block: 22
[2025-05-19T17:03:51.591+0000] {MathDag.py:45} INFO - Đang crawl link 56/64: https://loigiaihay.com/de-so-35-de-thi-vao-lop-10-mon-toan-c44a49644.html
[2025-05-19T17:04:02.045+0000] {MathDag.py:47} INFO -   -> Crawl thành công, số block: 17
[2025-05-19T17:04:02.046+0000] {MathDag.py:45} INFO - Đang crawl link 57/64: https://loigiaihay.com/de-so-36-de-thi-vao-lop-10-mon-toan-c44a49645.html
[2025-05-19T17:04:12.456+0000] {MathDag.py:47} INFO -   -> Crawl thành công, số block: 3
[2025-05-19T17:04:12.457+0000] {MathDag.py:45} INFO - Đang crawl link 58/64: https://loigiaihay.com/de-so-37-de-thi-vao-lop-10-mon-toan-c44a49646.html
[2025-05-19T17:04:23.020+0000] {MathDag.py:47} INFO -   -> Crawl thành công, số block: 5
[2025-05-19T17:04:23.020+0000] {MathDag.py:45} INFO - Đang crawl link 59/64: https://loigiaihay.com/de-so-38-de-thi-vao-lop-10-mon-toan-c44a49647.html
[2025-05-19T17:04:33.185+0000] {MathDag.py:47} INFO -   -> Crawl thành công, số block: 22
[2025-05-19T17:04:33.186+0000] {MathDag.py:45} INFO - Đang crawl link 60/64: https://loigiaihay.com/de-so-39-de-thi-vao-lop-10-mon-toan-c44a49648.html
[2025-05-19T17:04:43.700+0000] {MathDag.py:47} INFO -   -> Crawl thành công, số block: 3
[2025-05-19T17:04:43.700+0000] {MathDag.py:45} INFO - Đang crawl link 61/64: https://loigiaihay.com/de-so-40-de-thi-vao-lop-10-mon-toan-c44a49649.html
[2025-05-19T17:04:54.176+0000] {MathDag.py:47} INFO -   -> Crawl thành công, số block: 16
[2025-05-19T17:04:54.177+0000] {MathDag.py:45} INFO - Đang crawl link 62/64: https://loigiaihay.com/de-so-41-de-thi-vao-lop-10-mon-toan-c44a49650.html
[2025-05-19T17:05:04.214+0000] {MathDag.py:47} INFO -   -> Crawl thành công, số block: 3
[2025-05-19T17:05:04.214+0000] {MathDag.py:45} INFO - Đang crawl link 63/64: https://loigiaihay.com/de-so-42-de-thi-vao-lop-10-mon-toan-c44a49651.html
[2025-05-19T17:05:15.042+0000] {MathDag.py:47} INFO -   -> Crawl thành công, số block: 16
[2025-05-19T17:05:15.043+0000] {MathDag.py:45} INFO - Đang crawl link 64/64: https://loigiaihay.com/de-so-43-de-thi-vao-lop-10-mon-toan-c44a49652.html
[2025-05-19T17:05:25.740+0000] {MathDag.py:47} INFO -   -> Crawl thành công, số block: 16
[2025-05-19T17:05:25.810+0000] {python.py:177} INFO - Done. Returned value was: None
[2025-05-19T17:05:25.824+0000] {taskinstance.py:1322} INFO - Marking task as SUCCESS. dag_id=math_crawler_pipeline, task_id=extract_problem_and_solution, execution_date=20250519T163042, start_date=20250519T164753, end_date=20250519T170525
[2025-05-19T17:05:25.898+0000] {local_task_job.py:159} INFO - Task exited with return code 0
[2025-05-19T17:05:26.147+0000] {taskinstance.py:2582} INFO - 1 downstream tasks scheduled from follow-on schedule check
