[2025-05-19T11:10:23.320+0000] {taskinstance.py:1087} INFO - Dependencies all met for <TaskInstance: math_crawler_pipeline.generate_pdf manual__2025-05-19T09:23:32.331846+00:00 [queued]>
[2025-05-19T11:10:23.334+0000] {taskinstance.py:1087} INFO - Dependencies all met for <TaskInstance: math_crawler_pipeline.generate_pdf manual__2025-05-19T09:23:32.331846+00:00 [queued]>
[2025-05-19T11:10:23.334+0000] {taskinstance.py:1283} INFO - 
--------------------------------------------------------------------------------
[2025-05-19T11:10:23.334+0000] {taskinstance.py:1284} INFO - Starting attempt 2 of 3
[2025-05-19T11:10:23.335+0000] {taskinstance.py:1285} INFO - 
--------------------------------------------------------------------------------
[2025-05-19T11:10:23.348+0000] {taskinstance.py:1304} INFO - Executing <Task(PythonOperator): generate_pdf> on 2025-05-19 09:23:32.331846+00:00
[2025-05-19T11:10:23.353+0000] {standard_task_runner.py:55} INFO - Started process 183 to run task
[2025-05-19T11:10:23.357+0000] {standard_task_runner.py:82} INFO - Running: ['***', 'tasks', 'run', 'math_crawler_pipeline', 'generate_pdf', 'manual__2025-05-19T09:23:32.331846+00:00', '--job-id', '85', '--raw', '--subdir', 'DAGS_FOLDER/MathDag.py', '--cfg-path', '/tmp/tmp4oy7wb3z']
[2025-05-19T11:10:23.359+0000] {standard_task_runner.py:83} INFO - Job 85: Subtask generate_pdf
[2025-05-19T11:10:23.418+0000] {task_command.py:389} INFO - Running <TaskInstance: math_crawler_pipeline.generate_pdf manual__2025-05-19T09:23:32.331846+00:00 [running]> on host 23e48ed0cd15
[2025-05-19T11:10:23.479+0000] {taskinstance.py:1511} INFO - Exporting the following env vars:
AIRFLOW_CTX_DAG_OWNER=***
AIRFLOW_CTX_DAG_ID=math_crawler_pipeline
AIRFLOW_CTX_TASK_ID=generate_pdf
AIRFLOW_CTX_EXECUTION_DATE=2025-05-19T09:23:32.331846+00:00
AIRFLOW_CTX_TRY_NUMBER=2
AIRFLOW_CTX_DAG_RUN_ID=manual__2025-05-19T09:23:32.331846+00:00
[2025-05-19T11:21:37.695+0000] {local_task_job.py:82} ERROR - Received SIGTERM. Terminating subprocesses
[2025-05-19T11:21:37.713+0000] {process_utils.py:129} INFO - Sending Signals.SIGTERM to group 183. PIDs of all processes in the group: [183]
[2025-05-19T11:21:37.742+0000] {process_utils.py:84} INFO - Sending the signal Signals.SIGTERM to group 183
[2025-05-19T11:21:37.749+0000] {taskinstance.py:1483} ERROR - Received SIGTERM. Terminating subprocesses.
