[2025-05-19T11:22:29.700+0000] {taskinstance.py:1087} INFO - Dependencies all met for <TaskInstance: math_crawler_pipeline.extract_problem_and_solution manual__2025-05-19T11:22:21.225207+00:00 [queued]>
[2025-05-19T11:22:29.706+0000] {taskinstance.py:1087} INFO - Dependencies all met for <TaskInstance: math_crawler_pipeline.extract_problem_and_solution manual__2025-05-19T11:22:21.225207+00:00 [queued]>
[2025-05-19T11:22:29.706+0000] {taskinstance.py:1283} INFO - 
--------------------------------------------------------------------------------
[2025-05-19T11:22:29.706+0000] {taskinstance.py:1284} INFO - Starting attempt 1 of 3
[2025-05-19T11:22:29.706+0000] {taskinstance.py:1285} INFO - 
--------------------------------------------------------------------------------
[2025-05-19T11:22:29.714+0000] {taskinstance.py:1304} INFO - Executing <Task(PythonOperator): extract_problem_and_solution> on 2025-05-19 11:22:21.225207+00:00
[2025-05-19T11:22:29.718+0000] {standard_task_runner.py:55} INFO - Started process 202 to run task
[2025-05-19T11:22:29.720+0000] {standard_task_runner.py:82} INFO - Running: ['***', 'tasks', 'run', 'math_crawler_pipeline', 'extract_problem_and_solution', 'manual__2025-05-19T11:22:21.225207+00:00', '--job-id', '88', '--raw', '--subdir', 'DAGS_FOLDER/MathDag.py', '--cfg-path', '/tmp/tmpk0cw8jo1']
[2025-05-19T11:22:29.722+0000] {standard_task_runner.py:83} INFO - Job 88: Subtask extract_problem_and_solution
[2025-05-19T11:22:29.761+0000] {task_command.py:389} INFO - Running <TaskInstance: math_crawler_pipeline.extract_problem_and_solution manual__2025-05-19T11:22:21.225207+00:00 [running]> on host 23e48ed0cd15
[2025-05-19T11:22:29.802+0000] {taskinstance.py:1511} INFO - Exporting the following env vars:
AIRFLOW_CTX_DAG_OWNER=***
AIRFLOW_CTX_DAG_ID=math_crawler_pipeline
AIRFLOW_CTX_TASK_ID=extract_problem_and_solution
AIRFLOW_CTX_EXECUTION_DATE=2025-05-19T11:22:21.225207+00:00
AIRFLOW_CTX_TRY_NUMBER=1
AIRFLOW_CTX_DAG_RUN_ID=manual__2025-05-19T11:22:21.225207+00:00
[2025-05-19T11:22:29.810+0000] {MathDag.py:45} INFO - Đang crawl link 1/64: https://loigiaihay.com/de-tham-khao-thi-vao-10-toan-ha-noi-nam-2025-co-dap-an-va-loi-giai-chi-tiet-a179519.html
[2025-05-19T11:23:18.649+0000] {MathDag.py:47} INFO -   -> Crawl thành công, số block: 195
[2025-05-19T11:23:18.650+0000] {MathDag.py:45} INFO - Đang crawl link 2/64: https://loigiaihay.com/de-tham-khao-thi-vao-10-toan-ha-noi-nam-2025-co-dap-an-va-loi-giai-chi-tiet-de-2-a179539.html
[2025-05-19T11:24:07.250+0000] {MathDag.py:47} INFO -   -> Crawl thành công, số block: 208
[2025-05-19T11:24:07.251+0000] {MathDag.py:45} INFO - Đang crawl link 3/64: https://loigiaihay.com/de-tham-khao-thi-vao-10-toan-ha-noi-nam-2025-co-dap-an-va-loi-giai-chi-tiet-de-3-a181097.html
[2025-05-19T11:24:46.885+0000] {MathDag.py:47} INFO -   -> Crawl thành công, số block: 217
[2025-05-19T11:24:46.885+0000] {MathDag.py:45} INFO - Đang crawl link 4/64: https://loigiaihay.com/de-tham-khao-thi-vao-10-mon-toan-ha-noi-nam-2025-de-so-4-a181870.html
[2025-05-19T11:25:35.490+0000] {MathDag.py:47} INFO -   -> Crawl thành công, số block: 188
[2025-05-19T11:25:35.491+0000] {MathDag.py:45} INFO - Đang crawl link 5/64: https://loigiaihay.com/de-tham-khao-thi-vao-10-mon-toan-ha-noi-nam-2025-de-so-5-a182059.html
[2025-05-19T11:26:15.845+0000] {MathDag.py:47} INFO -   -> Crawl thành công, số block: 212
[2025-05-19T11:26:15.846+0000] {MathDag.py:45} INFO - Đang crawl link 6/64: https://loigiaihay.com/de-tham-khao-thi-vao-10-mon-toan-ha-noi-nam-2025-de-so-6-a182290.html
[2025-05-19T11:26:56.949+0000] {MathDag.py:47} INFO -   -> Crawl thành công, số block: 186
[2025-05-19T11:26:56.950+0000] {MathDag.py:45} INFO - Đang crawl link 7/64: https://loigiaihay.com/de-tham-khao-thi-vao-10-mon-toan-ha-noi-nam-2025-de-so-7-a182562.html
[2025-05-19T11:27:04.602+0000] {MathDag.py:47} INFO -   -> Crawl thành công, số block: 170
[2025-05-19T11:27:04.602+0000] {MathDag.py:45} INFO - Đang crawl link 8/64: https://loigiaihay.com/de-tham-khao-thi-vao-10-mon-toan-ha-noi-nam-2025-de-so-8-a183073.html
[2025-05-19T11:27:28.096+0000] {MathDag.py:47} INFO -   -> Crawl thành công, số block: 171
[2025-05-19T11:27:28.097+0000] {MathDag.py:45} INFO - Đang crawl link 9/64: https://loigiaihay.com/de-tham-khao-thi-vao-10-mon-toan-ha-noi-nam-2025-de-so-9-a183564.html
[2025-05-19T11:28:05.118+0000] {MathDag.py:47} INFO -   -> Crawl thành công, số block: 170
[2025-05-19T11:28:05.119+0000] {MathDag.py:45} INFO - Đang crawl link 10/64: https://loigiaihay.com/de-tham-khao-thi-vao-10-mon-toan-ha-noi-nam-2025-de-so-10-a183809.html
[2025-05-19T11:28:38.288+0000] {MathDag.py:47} INFO -   -> Crawl thành công, số block: 170
[2025-05-19T11:28:38.289+0000] {MathDag.py:45} INFO - Đang crawl link 11/64: https://loigiaihay.com/de-tham-khao-thi-vao-10-mon-toan-ha-noi-nam-2025-de-so-11-a184285.html
[2025-05-19T11:29:15.870+0000] {MathDag.py:47} INFO -   -> Crawl thành công, số block: 162
[2025-05-19T11:29:15.870+0000] {MathDag.py:45} INFO - Đang crawl link 12/64: https://loigiaihay.com/de-tham-khao-thi-vao-10-toan-tp-ho-chi-minh-nam-2025-co-dap-an-va-loi-giai-chi-tiet-de-1-a179544.html
[2025-05-19T11:29:23.642+0000] {MathDag.py:47} INFO -   -> Crawl thành công, số block: 207
[2025-05-19T11:29:23.642+0000] {MathDag.py:45} INFO - Đang crawl link 13/64: https://loigiaihay.com/de-tham-khao-thi-vao-10-mon-toan-tp-ho-chi-minh-nam-2025-de-so-2-a181829.html
[2025-05-19T11:30:01.467+0000] {MathDag.py:47} INFO -   -> Crawl thành công, số block: 226
[2025-05-19T11:30:01.467+0000] {MathDag.py:45} INFO - Đang crawl link 14/64: https://loigiaihay.com/de-tham-khao-thi-vao-10-mon-toan-tp-ho-chi-minh-nam-2025-de-so-3-a181884.html
[2025-05-19T11:30:49.790+0000] {MathDag.py:47} INFO -   -> Crawl thành công, số block: 191
[2025-05-19T11:30:49.790+0000] {MathDag.py:45} INFO - Đang crawl link 15/64: https://loigiaihay.com/de-tham-khao-thi-vao-10-mon-toan-tp-ho-chi-minh-nam-2025-de-so-4-a181981.html
[2025-05-19T11:31:27.362+0000] {MathDag.py:47} INFO -   -> Crawl thành công, số block: 237
[2025-05-19T11:31:27.363+0000] {MathDag.py:45} INFO - Đang crawl link 16/64: https://loigiaihay.com/de-tham-khao-thi-vao-10-mon-toan-tp-ho-chi-minh-nam-2025-de-so-5-a182269.html
[2025-05-19T11:32:04.035+0000] {MathDag.py:47} INFO -   -> Crawl thành công, số block: 246
[2025-05-19T11:32:04.036+0000] {MathDag.py:45} INFO - Đang crawl link 17/64: https://loigiaihay.com/de-tham-khao-thi-vao-10-mon-toan-tp-ho-chi-minh-nam-2025-de-so-6-a182568.html
[2025-05-19T11:32:39.194+0000] {MathDag.py:47} INFO -   -> Crawl thành công, số block: 249
[2025-05-19T11:32:39.194+0000] {MathDag.py:45} INFO - Đang crawl link 18/64: https://loigiaihay.com/de-tham-khao-thi-vao-10-mon-toan-tp-ho-chi-minh-nam-2025-de-so-7-a182986.html
[2025-05-19T11:33:16.596+0000] {MathDag.py:47} INFO -   -> Crawl thành công, số block: 199
[2025-05-19T11:33:16.597+0000] {MathDag.py:45} INFO - Đang crawl link 19/64: https://loigiaihay.com/de-tham-khao-thi-vao-10-mon-toan-tp-ho-chi-minh-nam-2025-de-so-8-a183544.html
[2025-05-19T11:35:37.506+0000] {MathDag.py:47} INFO -   -> Crawl thành công, số block: 218
[2025-05-19T11:35:37.507+0000] {MathDag.py:45} INFO - Đang crawl link 20/64: https://loigiaihay.com/de-tham-khao-thi-vao-10-mon-toan-tp-ho-chi-minh-nam-2025-de-so-9-a184122.html
[2025-05-19T11:36:14.271+0000] {MathDag.py:47} INFO -   -> Crawl thành công, số block: 208
[2025-05-19T11:36:14.272+0000] {MathDag.py:45} INFO - Đang crawl link 21/64: https://loigiaihay.com/de-tham-khao-thi-vao-10-mon-toan-tp-ho-chi-minh-nam-2025-de-so-10-a184527.html
[2025-05-19T11:36:50.417+0000] {MathDag.py:47} INFO -   -> Crawl thành công, số block: 191
[2025-05-19T11:36:50.417+0000] {MathDag.py:45} INFO - Đang crawl link 22/64: https://loigiaihay.com/de-so-1-de-thi-vao-lop-10-mon-toan-c44a49454.html
[2025-05-19T11:37:38.841+0000] {MathDag.py:47} INFO -   -> Crawl thành công, số block: 2
[2025-05-19T11:37:38.848+0000] {MathDag.py:45} INFO - Đang crawl link 23/64: https://loigiaihay.com/de-so-2-de-thi-vao-lop-10-mon-toan-c44a49464.html
[2025-05-19T11:38:03.578+0000] {MathDag.py:47} INFO -   -> Crawl thành công, số block: 2
[2025-05-19T11:38:03.578+0000] {MathDag.py:45} INFO - Đang crawl link 24/64: https://loigiaihay.com/de-so-3-de-thi-vao-lop-10-mon-toan-c44a49465.html
[2025-05-19T11:38:42.017+0000] {MathDag.py:47} INFO -   -> Crawl thành công, số block: 2
[2025-05-19T11:38:42.018+0000] {MathDag.py:45} INFO - Đang crawl link 25/64: https://loigiaihay.com/de-so-4-de-thi-vao-lop-10-mon-toan-c44a49466.html
[2025-05-19T11:39:30.510+0000] {MathDag.py:47} INFO -   -> Crawl thành công, số block: 2
[2025-05-19T11:39:30.510+0000] {MathDag.py:45} INFO - Đang crawl link 26/64: https://loigiaihay.com/de-so-5-de-thi-vao-lop-10-mon-toan-c44a49467.html
[2025-05-19T11:40:18.874+0000] {MathDag.py:47} INFO -   -> Crawl thành công, số block: 2
[2025-05-19T11:40:18.875+0000] {MathDag.py:45} INFO - Đang crawl link 27/64: https://loigiaihay.com/de-so-6-de-thi-vao-lop-10-mon-toan-c44a49468.html
[2025-05-19T11:40:46.880+0000] {MathDag.py:47} INFO -   -> Crawl thành công, số block: 2
[2025-05-19T11:40:46.880+0000] {MathDag.py:45} INFO - Đang crawl link 28/64: https://loigiaihay.com/de-so-7-de-thi-vao-lop-10-mon-toan-c44a49469.html
[2025-05-19T11:41:35.250+0000] {MathDag.py:47} INFO -   -> Crawl thành công, số block: 2
[2025-05-19T11:41:35.251+0000] {MathDag.py:45} INFO - Đang crawl link 29/64: https://loigiaihay.com/de-so-8-de-thi-vao-lop-10-mon-toan-c44a49470.html
[2025-05-19T11:42:12.754+0000] {MathDag.py:47} INFO -   -> Crawl thành công, số block: 2
[2025-05-19T11:42:12.754+0000] {MathDag.py:45} INFO - Đang crawl link 30/64: https://loigiaihay.com/de-so-9-de-thi-vao-lop-10-mon-toan-c44a49471.html
[2025-05-19T11:43:00.889+0000] {MathDag.py:47} INFO -   -> Crawl thành công, số block: 2
[2025-05-19T11:43:00.889+0000] {MathDag.py:45} INFO - Đang crawl link 31/64: https://loigiaihay.com/de-so-10-de-thi-vao-lop-10-mon-toan-c44a49472.html
[2025-05-19T11:43:37.517+0000] {MathDag.py:47} INFO -   -> Crawl thành công, số block: 2
[2025-05-19T11:43:37.517+0000] {MathDag.py:45} INFO - Đang crawl link 32/64: https://loigiaihay.com/de-so-11-de-thi-vao-lop-10-mon-toan-c44a49473.html
[2025-05-19T11:44:15.824+0000] {MathDag.py:47} INFO -   -> Crawl thành công, số block: 2
[2025-05-19T11:44:15.824+0000] {MathDag.py:45} INFO - Đang crawl link 33/64: https://loigiaihay.com/de-so-12-de-thi-vao-lop-10-mon-toan-c44a49474.html
[2025-05-19T11:44:50.573+0000] {MathDag.py:47} INFO -   -> Crawl thành công, số block: 2
[2025-05-19T11:44:50.574+0000] {MathDag.py:45} INFO - Đang crawl link 34/64: https://loigiaihay.com/de-so-13-de-thi-vao-lop-10-mon-toan-c44a49515.html
[2025-05-19T11:45:14.634+0000] {MathDag.py:47} INFO -   -> Crawl thành công, số block: 2
[2025-05-19T11:45:14.635+0000] {MathDag.py:45} INFO - Đang crawl link 35/64: https://loigiaihay.com/de-so-14-de-thi-vao-lop-10-mon-toan-c44a49529.html
[2025-05-19T11:46:03.975+0000] {MathDag.py:47} INFO -   -> Crawl thành công, số block: 2
[2025-05-19T11:46:03.975+0000] {MathDag.py:45} INFO - Đang crawl link 36/64: https://loigiaihay.com/de-so-15-de-thi-vao-lop-10-mon-toan-c44a49531.html
[2025-05-19T11:46:43.008+0000] {MathDag.py:47} INFO -   -> Crawl thành công, số block: 2
[2025-05-19T11:46:43.008+0000] {MathDag.py:45} INFO - Đang crawl link 37/64: https://loigiaihay.com/de-so-16-de-thi-vao-lop-10-mon-toan-c44a49533.html
[2025-05-19T11:47:20.513+0000] {MathDag.py:47} INFO -   -> Crawl thành công, số block: 2
[2025-05-19T11:47:20.514+0000] {MathDag.py:45} INFO - Đang crawl link 38/64: https://loigiaihay.com/de-so-17-de-thi-vao-lop-10-mon-toan-c44a49536.html
[2025-05-19T11:47:58.312+0000] {MathDag.py:47} INFO -   -> Crawl thành công, số block: 2
[2025-05-19T11:47:58.312+0000] {MathDag.py:45} INFO - Đang crawl link 39/64: https://loigiaihay.com/de-so-18-de-thi-vao-lop-10-mon-toan-c44a49538.html
[2025-05-19T11:48:41.399+0000] {MathDag.py:47} INFO -   -> Crawl thành công, số block: 2
[2025-05-19T11:48:41.400+0000] {MathDag.py:45} INFO - Đang crawl link 40/64: https://loigiaihay.com/de-so-19-de-thi-vao-lop-10-mon-toan-c44a49540.html
[2025-05-19T11:49:20.859+0000] {MathDag.py:47} INFO -   -> Crawl thành công, số block: 2
[2025-05-19T11:49:20.860+0000] {MathDag.py:45} INFO - Đang crawl link 41/64: https://loigiaihay.com/de-so-20-de-thi-vao-lop-10-mon-toan-c44a49541.html
[2025-05-19T11:49:58.939+0000] {MathDag.py:47} INFO -   -> Crawl thành công, số block: 2
[2025-05-19T11:49:58.939+0000] {MathDag.py:45} INFO - Đang crawl link 42/64: https://loigiaihay.com/de-so-21-de-thi-vao-lop-10-mon-toan-c44a49573.html
[2025-05-19T11:50:46.676+0000] {MathDag.py:47} INFO -   -> Crawl thành công, số block: 2
[2025-05-19T11:50:46.676+0000] {MathDag.py:45} INFO - Đang crawl link 43/64: https://loigiaihay.com/de-so-22-de-thi-vao-lop-10-mon-toan-c44a49582.html
[2025-05-19T11:51:26.364+0000] {MathDag.py:47} INFO -   -> Crawl thành công, số block: 2
[2025-05-19T11:51:26.364+0000] {MathDag.py:45} INFO - Đang crawl link 44/64: https://loigiaihay.com/de-so-23-de-thi-vao-lop-10-mon-toan-c44a49583.html
[2025-05-19T11:52:03.974+0000] {MathDag.py:47} INFO -   -> Crawl thành công, số block: 2
[2025-05-19T11:52:03.974+0000] {MathDag.py:45} INFO - Đang crawl link 45/64: https://loigiaihay.com/de-so-24-de-thi-vao-lop-10-mon-toan-c44a49585.html
[2025-05-19T11:52:32.913+0000] {MathDag.py:47} INFO -   -> Crawl thành công, số block: 2
[2025-05-19T11:52:32.913+0000] {MathDag.py:45} INFO - Đang crawl link 46/64: https://loigiaihay.com/de-so-25-de-thi-vao-lop-10-mon-toan-c44a49613.html
[2025-05-19T11:52:58.590+0000] {MathDag.py:47} INFO -   -> Crawl thành công, số block: 2
[2025-05-19T11:52:58.590+0000] {MathDag.py:45} INFO - Đang crawl link 47/64: https://loigiaihay.com/de-so-26-de-thi-vao-lop-10-mon-toan-c44a49614.html
[2025-05-19T11:53:44.100+0000] {MathDag.py:47} INFO -   -> Crawl thành công, số block: 2
[2025-05-19T11:53:44.101+0000] {MathDag.py:45} INFO - Đang crawl link 48/64: https://loigiaihay.com/de-so-27-de-thi-vao-lop-10-mon-toan-c44a49615.html
[2025-05-19T11:54:22.140+0000] {MathDag.py:47} INFO -   -> Crawl thành công, số block: 2
[2025-05-19T11:54:22.140+0000] {MathDag.py:45} INFO - Đang crawl link 49/64: https://loigiaihay.com/de-so-28-de-thi-vao-lop-10-mon-toan-c44a49616.html
[2025-05-19T11:55:04.038+0000] {MathDag.py:47} INFO -   -> Crawl thành công, số block: 2
[2025-05-19T11:55:04.039+0000] {MathDag.py:45} INFO - Đang crawl link 50/64: https://loigiaihay.com/de-so-29-de-thi-vao-lop-10-mon-toan-c44a49621.html
[2025-05-19T11:55:42.435+0000] {MathDag.py:47} INFO -   -> Crawl thành công, số block: 2
[2025-05-19T11:55:42.435+0000] {MathDag.py:45} INFO - Đang crawl link 51/64: https://loigiaihay.com/de-so-30-de-thi-vao-lop-10-mon-toan-c44a49629.html
[2025-05-19T11:56:21.907+0000] {MathDag.py:47} INFO -   -> Crawl thành công, số block: 2
[2025-05-19T11:56:21.908+0000] {MathDag.py:45} INFO - Đang crawl link 52/64: https://loigiaihay.com/de-so-31-de-thi-vao-lop-10-mon-toan-c44a49640.html
[2025-05-19T11:56:51.385+0000] {MathDag.py:47} INFO -   -> Crawl thành công, số block: 2
[2025-05-19T11:56:51.386+0000] {MathDag.py:45} INFO - Đang crawl link 53/64: https://loigiaihay.com/de-so-32-de-thi-vao-lop-10-mon-toan-c44a49639.html
[2025-05-19T11:57:40.605+0000] {MathDag.py:47} INFO -   -> Crawl thành công, số block: 2
[2025-05-19T11:57:40.605+0000] {MathDag.py:45} INFO - Đang crawl link 54/64: https://loigiaihay.com/de-so-33-de-thi-vao-lop-10-mon-toan-c44a49641.html
[2025-05-19T11:58:19.792+0000] {MathDag.py:47} INFO -   -> Crawl thành công, số block: 2
[2025-05-19T11:58:19.793+0000] {MathDag.py:45} INFO - Đang crawl link 55/64: https://loigiaihay.com/de-so-34-de-thi-vao-lop-10-mon-toan-c44a49643.html
[2025-05-19T11:59:08.444+0000] {MathDag.py:47} INFO -   -> Crawl thành công, số block: 2
[2025-05-19T11:59:08.445+0000] {MathDag.py:45} INFO - Đang crawl link 56/64: https://loigiaihay.com/de-so-35-de-thi-vao-lop-10-mon-toan-c44a49644.html
[2025-05-19T12:00:00.625+0000] {MathDag.py:47} INFO -   -> Crawl thành công, số block: 2
[2025-05-19T12:00:00.625+0000] {MathDag.py:45} INFO - Đang crawl link 57/64: https://loigiaihay.com/de-so-36-de-thi-vao-lop-10-mon-toan-c44a49645.html
[2025-05-19T12:00:44.808+0000] {MathDag.py:47} INFO -   -> Crawl thành công, số block: 2
[2025-05-19T12:00:44.809+0000] {MathDag.py:45} INFO - Đang crawl link 58/64: https://loigiaihay.com/de-so-37-de-thi-vao-lop-10-mon-toan-c44a49646.html
[2025-05-19T12:01:23.201+0000] {MathDag.py:47} INFO -   -> Crawl thành công, số block: 2
[2025-05-19T12:01:23.202+0000] {MathDag.py:45} INFO - Đang crawl link 59/64: https://loigiaihay.com/de-so-38-de-thi-vao-lop-10-mon-toan-c44a49647.html
[2025-05-19T12:01:31.697+0000] {MathDag.py:47} INFO -   -> Crawl thành công, số block: 2
[2025-05-19T12:01:31.697+0000] {MathDag.py:45} INFO - Đang crawl link 60/64: https://loigiaihay.com/de-so-39-de-thi-vao-lop-10-mon-toan-c44a49648.html
[2025-05-19T12:02:00.284+0000] {MathDag.py:47} INFO -   -> Crawl thành công, số block: 2
[2025-05-19T12:02:00.284+0000] {MathDag.py:45} INFO - Đang crawl link 61/64: https://loigiaihay.com/de-so-40-de-thi-vao-lop-10-mon-toan-c44a49649.html
[2025-05-19T12:02:27.738+0000] {MathDag.py:47} INFO -   -> Crawl thành công, số block: 2
[2025-05-19T12:02:27.738+0000] {MathDag.py:45} INFO - Đang crawl link 62/64: https://loigiaihay.com/de-so-41-de-thi-vao-lop-10-mon-toan-c44a49650.html
[2025-05-19T12:03:05.802+0000] {MathDag.py:47} INFO -   -> Crawl thành công, số block: 2
[2025-05-19T12:03:05.802+0000] {MathDag.py:45} INFO - Đang crawl link 63/64: https://loigiaihay.com/de-so-42-de-thi-vao-lop-10-mon-toan-c44a49651.html
[2025-05-19T12:03:14.270+0000] {MathDag.py:47} INFO -   -> Crawl thành công, số block: 2
[2025-05-19T12:03:14.271+0000] {MathDag.py:45} INFO - Đang crawl link 64/64: https://loigiaihay.com/de-so-43-de-thi-vao-lop-10-mon-toan-c44a49652.html
[2025-05-19T12:03:43.665+0000] {MathDag.py:47} INFO -   -> Crawl thành công, số block: 2
[2025-05-19T12:03:43.716+0000] {python.py:177} INFO - Done. Returned value was: None
[2025-05-19T12:03:43.725+0000] {taskinstance.py:1322} INFO - Marking task as SUCCESS. dag_id=math_crawler_pipeline, task_id=extract_problem_and_solution, execution_date=20250519T112221, start_date=20250519T112229, end_date=20250519T120343
[2025-05-19T12:03:43.763+0000] {local_task_job.py:159} INFO - Task exited with return code 0
[2025-05-19T12:03:43.969+0000] {taskinstance.py:2582} INFO - 2 downstream tasks scheduled from follow-on schedule check
