[2025-05-19T15:05:20.424+0000] {taskinstance.py:1087} INFO - Dependencies all met for <TaskInstance: math_crawler_pipeline.extract_problem_and_solution manual__2025-05-19T14:49:24.473916+00:00 [queued]>
[2025-05-19T15:05:20.434+0000] {taskinstance.py:1087} INFO - Dependencies all met for <TaskInstance: math_crawler_pipeline.extract_problem_and_solution manual__2025-05-19T14:49:24.473916+00:00 [queued]>
[2025-05-19T15:05:20.434+0000] {taskinstance.py:1283} INFO - 
--------------------------------------------------------------------------------
[2025-05-19T15:05:20.434+0000] {taskinstance.py:1284} INFO - Starting attempt 2 of 3
[2025-05-19T15:05:20.434+0000] {taskinstance.py:1285} INFO - 
--------------------------------------------------------------------------------
[2025-05-19T15:05:20.447+0000] {taskinstance.py:1304} INFO - Executing <Task(PythonOperator): extract_problem_and_solution> on 2025-05-19 14:49:24.473916+00:00
[2025-05-19T15:05:20.453+0000] {standard_task_runner.py:55} INFO - Started process 181 to run task
[2025-05-19T15:05:20.460+0000] {standard_task_runner.py:82} INFO - Running: ['***', 'tasks', 'run', 'math_crawler_pipeline', 'extract_problem_and_solution', 'manual__2025-05-19T14:49:24.473916+00:00', '--job-id', '104', '--raw', '--subdir', 'DAGS_FOLDER/MathDag.py', '--cfg-path', '/tmp/tmpit9_g2q3']
[2025-05-19T15:05:20.467+0000] {standard_task_runner.py:83} INFO - Job 104: Subtask extract_problem_and_solution
[2025-05-19T15:05:20.597+0000] {task_command.py:389} INFO - Running <TaskInstance: math_crawler_pipeline.extract_problem_and_solution manual__2025-05-19T14:49:24.473916+00:00 [running]> on host 11cd72090704
[2025-05-19T15:05:20.698+0000] {taskinstance.py:1511} INFO - Exporting the following env vars:
AIRFLOW_CTX_DAG_OWNER=***
AIRFLOW_CTX_DAG_ID=math_crawler_pipeline
AIRFLOW_CTX_TASK_ID=extract_problem_and_solution
AIRFLOW_CTX_EXECUTION_DATE=2025-05-19T14:49:24.473916+00:00
AIRFLOW_CTX_TRY_NUMBER=2
AIRFLOW_CTX_DAG_RUN_ID=manual__2025-05-19T14:49:24.473916+00:00
[2025-05-19T15:05:20.725+0000] {MathDag.py:45} INFO - Đang crawl link 1/64: https://loigiaihay.com/de-tham-khao-thi-vao-10-toan-ha-noi-nam-2025-co-dap-an-va-loi-giai-chi-tiet-a179519.html
[2025-05-19T15:05:33.076+0000] {MathDag.py:47} INFO -   -> Crawl thành công, số block: 195
[2025-05-19T15:05:33.077+0000] {MathDag.py:45} INFO - Đang crawl link 2/64: https://loigiaihay.com/de-tham-khao-thi-vao-10-toan-ha-noi-nam-2025-co-dap-an-va-loi-giai-chi-tiet-de-2-a179539.html
[2025-05-19T15:05:44.607+0000] {MathDag.py:47} INFO -   -> Crawl thành công, số block: 208
[2025-05-19T15:05:44.607+0000] {MathDag.py:45} INFO - Đang crawl link 3/64: https://loigiaihay.com/de-tham-khao-thi-vao-10-toan-ha-noi-nam-2025-co-dap-an-va-loi-giai-chi-tiet-de-3-a181097.html
[2025-05-19T15:05:55.511+0000] {MathDag.py:47} INFO -   -> Crawl thành công, số block: 217
[2025-05-19T15:05:55.512+0000] {MathDag.py:45} INFO - Đang crawl link 4/64: https://loigiaihay.com/de-tham-khao-thi-vao-10-mon-toan-ha-noi-nam-2025-de-so-4-a181870.html
[2025-05-19T15:06:05.295+0000] {MathDag.py:47} INFO -   -> Crawl thành công, số block: 188
[2025-05-19T15:06:05.296+0000] {MathDag.py:45} INFO - Đang crawl link 5/64: https://loigiaihay.com/de-tham-khao-thi-vao-10-mon-toan-ha-noi-nam-2025-de-so-5-a182059.html
[2025-05-19T15:06:19.681+0000] {MathDag.py:47} INFO -   -> Crawl thành công, số block: 212
[2025-05-19T15:06:19.681+0000] {MathDag.py:45} INFO - Đang crawl link 6/64: https://loigiaihay.com/de-tham-khao-thi-vao-10-mon-toan-ha-noi-nam-2025-de-so-6-a182290.html
[2025-05-19T15:06:29.602+0000] {MathDag.py:47} INFO -   -> Crawl thành công, số block: 186
[2025-05-19T15:06:29.603+0000] {MathDag.py:45} INFO - Đang crawl link 7/64: https://loigiaihay.com/de-tham-khao-thi-vao-10-mon-toan-ha-noi-nam-2025-de-so-7-a182562.html
[2025-05-19T15:06:39.847+0000] {MathDag.py:47} INFO -   -> Crawl thành công, số block: 170
[2025-05-19T15:06:39.847+0000] {MathDag.py:45} INFO - Đang crawl link 8/64: https://loigiaihay.com/de-tham-khao-thi-vao-10-mon-toan-ha-noi-nam-2025-de-so-8-a183073.html
[2025-05-19T15:06:51.862+0000] {MathDag.py:47} INFO -   -> Crawl thành công, số block: 171
[2025-05-19T15:06:51.863+0000] {MathDag.py:45} INFO - Đang crawl link 9/64: https://loigiaihay.com/de-tham-khao-thi-vao-10-mon-toan-ha-noi-nam-2025-de-so-9-a183564.html
[2025-05-19T15:07:01.456+0000] {MathDag.py:47} INFO -   -> Crawl thành công, số block: 170
[2025-05-19T15:07:01.456+0000] {MathDag.py:45} INFO - Đang crawl link 10/64: https://loigiaihay.com/de-tham-khao-thi-vao-10-mon-toan-ha-noi-nam-2025-de-so-10-a183809.html
[2025-05-19T15:07:11.393+0000] {MathDag.py:47} INFO -   -> Crawl thành công, số block: 170
[2025-05-19T15:07:11.393+0000] {MathDag.py:45} INFO - Đang crawl link 11/64: https://loigiaihay.com/de-tham-khao-thi-vao-10-mon-toan-ha-noi-nam-2025-de-so-11-a184285.html
[2025-05-19T15:07:21.051+0000] {MathDag.py:47} INFO -   -> Crawl thành công, số block: 162
[2025-05-19T15:07:21.051+0000] {MathDag.py:45} INFO - Đang crawl link 12/64: https://loigiaihay.com/de-tham-khao-thi-vao-10-toan-tp-ho-chi-minh-nam-2025-co-dap-an-va-loi-giai-chi-tiet-de-1-a179544.html
[2025-05-19T15:07:30.849+0000] {MathDag.py:47} INFO -   -> Crawl thành công, số block: 207
[2025-05-19T15:07:30.849+0000] {MathDag.py:45} INFO - Đang crawl link 13/64: https://loigiaihay.com/de-tham-khao-thi-vao-10-mon-toan-tp-ho-chi-minh-nam-2025-de-so-2-a181829.html
[2025-05-19T15:07:40.396+0000] {MathDag.py:47} INFO -   -> Crawl thành công, số block: 226
[2025-05-19T15:07:40.396+0000] {MathDag.py:45} INFO - Đang crawl link 14/64: https://loigiaihay.com/de-tham-khao-thi-vao-10-mon-toan-tp-ho-chi-minh-nam-2025-de-so-3-a181884.html
[2025-05-19T15:07:49.967+0000] {MathDag.py:47} INFO -   -> Crawl thành công, số block: 191
[2025-05-19T15:07:49.968+0000] {MathDag.py:45} INFO - Đang crawl link 15/64: https://loigiaihay.com/de-tham-khao-thi-vao-10-mon-toan-tp-ho-chi-minh-nam-2025-de-so-4-a181981.html
[2025-05-19T15:07:59.643+0000] {MathDag.py:47} INFO -   -> Crawl thành công, số block: 237
[2025-05-19T15:07:59.643+0000] {MathDag.py:45} INFO - Đang crawl link 16/64: https://loigiaihay.com/de-tham-khao-thi-vao-10-mon-toan-tp-ho-chi-minh-nam-2025-de-so-5-a182269.html
[2025-05-19T15:08:09.111+0000] {MathDag.py:47} INFO -   -> Crawl thành công, số block: 246
[2025-05-19T15:08:09.112+0000] {MathDag.py:45} INFO - Đang crawl link 17/64: https://loigiaihay.com/de-tham-khao-thi-vao-10-mon-toan-tp-ho-chi-minh-nam-2025-de-so-6-a182568.html
[2025-05-19T15:08:18.980+0000] {MathDag.py:47} INFO -   -> Crawl thành công, số block: 249
[2025-05-19T15:08:18.981+0000] {MathDag.py:45} INFO - Đang crawl link 18/64: https://loigiaihay.com/de-tham-khao-thi-vao-10-mon-toan-tp-ho-chi-minh-nam-2025-de-so-7-a182986.html
[2025-05-19T15:08:28.429+0000] {MathDag.py:47} INFO -   -> Crawl thành công, số block: 199
[2025-05-19T15:08:28.429+0000] {MathDag.py:45} INFO - Đang crawl link 19/64: https://loigiaihay.com/de-tham-khao-thi-vao-10-mon-toan-tp-ho-chi-minh-nam-2025-de-so-8-a183544.html
[2025-05-19T15:08:38.286+0000] {MathDag.py:47} INFO -   -> Crawl thành công, số block: 218
[2025-05-19T15:08:38.287+0000] {MathDag.py:45} INFO - Đang crawl link 20/64: https://loigiaihay.com/de-tham-khao-thi-vao-10-mon-toan-tp-ho-chi-minh-nam-2025-de-so-9-a184122.html
[2025-05-19T15:08:47.573+0000] {MathDag.py:47} INFO -   -> Crawl thành công, số block: 208
[2025-05-19T15:08:47.573+0000] {MathDag.py:45} INFO - Đang crawl link 21/64: https://loigiaihay.com/de-tham-khao-thi-vao-10-mon-toan-tp-ho-chi-minh-nam-2025-de-so-10-a184527.html
[2025-05-19T15:08:57.330+0000] {MathDag.py:47} INFO -   -> Crawl thành công, số block: 191
[2025-05-19T15:08:57.331+0000] {MathDag.py:45} INFO - Đang crawl link 22/64: https://loigiaihay.com/de-so-1-de-thi-vao-lop-10-mon-toan-c44a49454.html
[2025-05-19T15:09:06.995+0000] {MathDag.py:47} INFO -   -> Crawl thành công, số block: 2
[2025-05-19T15:09:06.995+0000] {MathDag.py:45} INFO - Đang crawl link 23/64: https://loigiaihay.com/de-so-2-de-thi-vao-lop-10-mon-toan-c44a49464.html
[2025-05-19T15:09:16.363+0000] {MathDag.py:47} INFO -   -> Crawl thành công, số block: 2
[2025-05-19T15:09:16.363+0000] {MathDag.py:45} INFO - Đang crawl link 24/64: https://loigiaihay.com/de-so-3-de-thi-vao-lop-10-mon-toan-c44a49465.html
[2025-05-19T15:09:25.971+0000] {MathDag.py:47} INFO -   -> Crawl thành công, số block: 2
[2025-05-19T15:09:25.971+0000] {MathDag.py:45} INFO - Đang crawl link 25/64: https://loigiaihay.com/de-so-4-de-thi-vao-lop-10-mon-toan-c44a49466.html
[2025-05-19T15:09:35.658+0000] {MathDag.py:47} INFO -   -> Crawl thành công, số block: 2
[2025-05-19T15:09:35.659+0000] {MathDag.py:45} INFO - Đang crawl link 26/64: https://loigiaihay.com/de-so-5-de-thi-vao-lop-10-mon-toan-c44a49467.html
[2025-05-19T15:09:45.359+0000] {MathDag.py:47} INFO -   -> Crawl thành công, số block: 2
[2025-05-19T15:09:45.359+0000] {MathDag.py:45} INFO - Đang crawl link 27/64: https://loigiaihay.com/de-so-6-de-thi-vao-lop-10-mon-toan-c44a49468.html
[2025-05-19T15:09:55.204+0000] {MathDag.py:47} INFO -   -> Crawl thành công, số block: 2
[2025-05-19T15:09:55.205+0000] {MathDag.py:45} INFO - Đang crawl link 28/64: https://loigiaihay.com/de-so-7-de-thi-vao-lop-10-mon-toan-c44a49469.html
[2025-05-19T15:10:05.850+0000] {MathDag.py:47} INFO -   -> Crawl thành công, số block: 2
[2025-05-19T15:10:05.860+0000] {MathDag.py:45} INFO - Đang crawl link 29/64: https://loigiaihay.com/de-so-8-de-thi-vao-lop-10-mon-toan-c44a49470.html
[2025-05-19T15:10:18.265+0000] {MathDag.py:47} INFO -   -> Crawl thành công, số block: 2
[2025-05-19T15:10:18.265+0000] {MathDag.py:45} INFO - Đang crawl link 30/64: https://loigiaihay.com/de-so-9-de-thi-vao-lop-10-mon-toan-c44a49471.html
[2025-05-19T15:10:28.972+0000] {MathDag.py:47} INFO -   -> Crawl thành công, số block: 2
[2025-05-19T15:10:28.973+0000] {MathDag.py:45} INFO - Đang crawl link 31/64: https://loigiaihay.com/de-so-10-de-thi-vao-lop-10-mon-toan-c44a49472.html
[2025-05-19T15:10:39.892+0000] {MathDag.py:47} INFO -   -> Crawl thành công, số block: 2
[2025-05-19T15:10:39.893+0000] {MathDag.py:45} INFO - Đang crawl link 32/64: https://loigiaihay.com/de-so-11-de-thi-vao-lop-10-mon-toan-c44a49473.html
[2025-05-19T15:10:50.961+0000] {MathDag.py:47} INFO -   -> Crawl thành công, số block: 2
[2025-05-19T15:10:50.961+0000] {MathDag.py:45} INFO - Đang crawl link 33/64: https://loigiaihay.com/de-so-12-de-thi-vao-lop-10-mon-toan-c44a49474.html
[2025-05-19T15:11:01.799+0000] {MathDag.py:47} INFO -   -> Crawl thành công, số block: 2
[2025-05-19T15:11:01.799+0000] {MathDag.py:45} INFO - Đang crawl link 34/64: https://loigiaihay.com/de-so-13-de-thi-vao-lop-10-mon-toan-c44a49515.html
[2025-05-19T15:11:12.320+0000] {MathDag.py:47} INFO -   -> Crawl thành công, số block: 2
[2025-05-19T15:11:12.321+0000] {MathDag.py:45} INFO - Đang crawl link 35/64: https://loigiaihay.com/de-so-14-de-thi-vao-lop-10-mon-toan-c44a49529.html
[2025-05-19T15:11:24.133+0000] {MathDag.py:47} INFO -   -> Crawl thành công, số block: 2
[2025-05-19T15:11:24.134+0000] {MathDag.py:45} INFO - Đang crawl link 36/64: https://loigiaihay.com/de-so-15-de-thi-vao-lop-10-mon-toan-c44a49531.html
[2025-05-19T15:11:34.503+0000] {MathDag.py:47} INFO -   -> Crawl thành công, số block: 2
[2025-05-19T15:11:34.503+0000] {MathDag.py:45} INFO - Đang crawl link 37/64: https://loigiaihay.com/de-so-16-de-thi-vao-lop-10-mon-toan-c44a49533.html
[2025-05-19T15:11:44.073+0000] {MathDag.py:47} INFO -   -> Crawl thành công, số block: 2
[2025-05-19T15:11:44.074+0000] {MathDag.py:45} INFO - Đang crawl link 38/64: https://loigiaihay.com/de-so-17-de-thi-vao-lop-10-mon-toan-c44a49536.html
[2025-05-19T15:11:54.429+0000] {MathDag.py:47} INFO -   -> Crawl thành công, số block: 2
[2025-05-19T15:11:54.429+0000] {MathDag.py:45} INFO - Đang crawl link 39/64: https://loigiaihay.com/de-so-18-de-thi-vao-lop-10-mon-toan-c44a49538.html
[2025-05-19T15:12:05.606+0000] {MathDag.py:47} INFO -   -> Crawl thành công, số block: 2
[2025-05-19T15:12:05.606+0000] {MathDag.py:45} INFO - Đang crawl link 40/64: https://loigiaihay.com/de-so-19-de-thi-vao-lop-10-mon-toan-c44a49540.html
[2025-05-19T15:12:16.372+0000] {MathDag.py:47} INFO -   -> Crawl thành công, số block: 2
[2025-05-19T15:12:16.373+0000] {MathDag.py:45} INFO - Đang crawl link 41/64: https://loigiaihay.com/de-so-20-de-thi-vao-lop-10-mon-toan-c44a49541.html
[2025-05-19T15:12:26.837+0000] {MathDag.py:47} INFO -   -> Crawl thành công, số block: 2
[2025-05-19T15:12:26.837+0000] {MathDag.py:45} INFO - Đang crawl link 42/64: https://loigiaihay.com/de-so-21-de-thi-vao-lop-10-mon-toan-c44a49573.html
[2025-05-19T15:12:37.965+0000] {MathDag.py:47} INFO -   -> Crawl thành công, số block: 2
[2025-05-19T15:12:37.965+0000] {MathDag.py:45} INFO - Đang crawl link 43/64: https://loigiaihay.com/de-so-22-de-thi-vao-lop-10-mon-toan-c44a49582.html
[2025-05-19T15:12:49.329+0000] {MathDag.py:47} INFO -   -> Crawl thành công, số block: 2
[2025-05-19T15:12:49.330+0000] {MathDag.py:45} INFO - Đang crawl link 44/64: https://loigiaihay.com/de-so-23-de-thi-vao-lop-10-mon-toan-c44a49583.html
[2025-05-19T15:13:04.719+0000] {MathDag.py:47} INFO -   -> Crawl thành công, số block: 2
[2025-05-19T15:13:04.720+0000] {MathDag.py:45} INFO - Đang crawl link 45/64: https://loigiaihay.com/de-so-24-de-thi-vao-lop-10-mon-toan-c44a49585.html
[2025-05-19T15:13:15.433+0000] {MathDag.py:47} INFO -   -> Crawl thành công, số block: 2
[2025-05-19T15:13:15.433+0000] {MathDag.py:45} INFO - Đang crawl link 46/64: https://loigiaihay.com/de-so-25-de-thi-vao-lop-10-mon-toan-c44a49613.html
[2025-05-19T15:13:28.010+0000] {MathDag.py:47} INFO -   -> Crawl thành công, số block: 2
[2025-05-19T15:13:28.012+0000] {MathDag.py:45} INFO - Đang crawl link 47/64: https://loigiaihay.com/de-so-26-de-thi-vao-lop-10-mon-toan-c44a49614.html
[2025-05-19T15:13:39.373+0000] {MathDag.py:47} INFO -   -> Crawl thành công, số block: 2
[2025-05-19T15:13:39.373+0000] {MathDag.py:45} INFO - Đang crawl link 48/64: https://loigiaihay.com/de-so-27-de-thi-vao-lop-10-mon-toan-c44a49615.html
[2025-05-19T15:13:50.213+0000] {MathDag.py:47} INFO -   -> Crawl thành công, số block: 2
[2025-05-19T15:13:50.214+0000] {MathDag.py:45} INFO - Đang crawl link 49/64: https://loigiaihay.com/de-so-28-de-thi-vao-lop-10-mon-toan-c44a49616.html
[2025-05-19T15:14:01.967+0000] {MathDag.py:47} INFO -   -> Crawl thành công, số block: 2
[2025-05-19T15:14:01.967+0000] {MathDag.py:45} INFO - Đang crawl link 50/64: https://loigiaihay.com/de-so-29-de-thi-vao-lop-10-mon-toan-c44a49621.html
[2025-05-19T15:14:13.638+0000] {MathDag.py:47} INFO -   -> Crawl thành công, số block: 2
[2025-05-19T15:14:13.638+0000] {MathDag.py:45} INFO - Đang crawl link 51/64: https://loigiaihay.com/de-so-30-de-thi-vao-lop-10-mon-toan-c44a49629.html
[2025-05-19T15:14:29.350+0000] {MathDag.py:47} INFO -   -> Crawl thành công, số block: 2
[2025-05-19T15:14:29.351+0000] {MathDag.py:45} INFO - Đang crawl link 52/64: https://loigiaihay.com/de-so-31-de-thi-vao-lop-10-mon-toan-c44a49640.html
[2025-05-19T15:14:42.278+0000] {MathDag.py:47} INFO -   -> Crawl thành công, số block: 2
[2025-05-19T15:14:42.279+0000] {MathDag.py:45} INFO - Đang crawl link 53/64: https://loigiaihay.com/de-so-32-de-thi-vao-lop-10-mon-toan-c44a49639.html
[2025-05-19T15:14:52.931+0000] {MathDag.py:47} INFO -   -> Crawl thành công, số block: 2
[2025-05-19T15:14:52.931+0000] {MathDag.py:45} INFO - Đang crawl link 54/64: https://loigiaihay.com/de-so-33-de-thi-vao-lop-10-mon-toan-c44a49641.html
[2025-05-19T15:15:03.270+0000] {MathDag.py:47} INFO -   -> Crawl thành công, số block: 2
[2025-05-19T15:15:03.270+0000] {MathDag.py:45} INFO - Đang crawl link 55/64: https://loigiaihay.com/de-so-34-de-thi-vao-lop-10-mon-toan-c44a49643.html
[2025-05-19T15:15:12.557+0000] {MathDag.py:47} INFO -   -> Crawl thành công, số block: 2
[2025-05-19T15:15:12.557+0000] {MathDag.py:45} INFO - Đang crawl link 56/64: https://loigiaihay.com/de-so-35-de-thi-vao-lop-10-mon-toan-c44a49644.html
[2025-05-19T15:15:22.908+0000] {MathDag.py:47} INFO -   -> Crawl thành công, số block: 2
[2025-05-19T15:15:22.909+0000] {MathDag.py:45} INFO - Đang crawl link 57/64: https://loigiaihay.com/de-so-36-de-thi-vao-lop-10-mon-toan-c44a49645.html
[2025-05-19T15:15:33.784+0000] {MathDag.py:47} INFO -   -> Crawl thành công, số block: 2
[2025-05-19T15:15:33.784+0000] {MathDag.py:45} INFO - Đang crawl link 58/64: https://loigiaihay.com/de-so-37-de-thi-vao-lop-10-mon-toan-c44a49646.html
[2025-05-19T15:15:43.924+0000] {MathDag.py:47} INFO -   -> Crawl thành công, số block: 2
[2025-05-19T15:15:43.924+0000] {MathDag.py:45} INFO - Đang crawl link 59/64: https://loigiaihay.com/de-so-38-de-thi-vao-lop-10-mon-toan-c44a49647.html
[2025-05-19T15:15:54.090+0000] {MathDag.py:47} INFO -   -> Crawl thành công, số block: 2
[2025-05-19T15:15:54.090+0000] {MathDag.py:45} INFO - Đang crawl link 60/64: https://loigiaihay.com/de-so-39-de-thi-vao-lop-10-mon-toan-c44a49648.html
[2025-05-19T15:16:04.975+0000] {MathDag.py:47} INFO -   -> Crawl thành công, số block: 2
[2025-05-19T15:16:04.976+0000] {MathDag.py:45} INFO - Đang crawl link 61/64: https://loigiaihay.com/de-so-40-de-thi-vao-lop-10-mon-toan-c44a49649.html
[2025-05-19T15:16:14.870+0000] {MathDag.py:47} INFO -   -> Crawl thành công, số block: 2
[2025-05-19T15:16:14.871+0000] {MathDag.py:45} INFO - Đang crawl link 62/64: https://loigiaihay.com/de-so-41-de-thi-vao-lop-10-mon-toan-c44a49650.html
[2025-05-19T15:16:25.224+0000] {MathDag.py:47} INFO -   -> Crawl thành công, số block: 2
[2025-05-19T15:16:25.224+0000] {MathDag.py:45} INFO - Đang crawl link 63/64: https://loigiaihay.com/de-so-42-de-thi-vao-lop-10-mon-toan-c44a49651.html
[2025-05-19T15:16:36.179+0000] {MathDag.py:47} INFO -   -> Crawl thành công, số block: 2
[2025-05-19T15:16:36.180+0000] {MathDag.py:45} INFO - Đang crawl link 64/64: https://loigiaihay.com/de-so-43-de-thi-vao-lop-10-mon-toan-c44a49652.html
[2025-05-19T15:16:49.017+0000] {MathDag.py:47} INFO -   -> Crawl thành công, số block: 2
[2025-05-19T15:16:49.059+0000] {python.py:177} INFO - Done. Returned value was: None
[2025-05-19T15:16:49.065+0000] {taskinstance.py:1322} INFO - Marking task as SUCCESS. dag_id=math_crawler_pipeline, task_id=extract_problem_and_solution, execution_date=20250519T144924, start_date=20250519T150520, end_date=20250519T151649
[2025-05-19T15:16:49.091+0000] {local_task_job.py:159} INFO - Task exited with return code 0
[2025-05-19T15:16:49.110+0000] {taskinstance.py:2582} INFO - 2 downstream tasks scheduled from follow-on schedule check
