[2025-05-19T12:52:52.829+0000] {taskinstance.py:1087} INFO - Dependencies all met for <TaskInstance: math_crawler_pipeline.generate_pdf manual__2025-05-19T11:22:21.225207+00:00 [queued]>
[2025-05-19T12:52:52.841+0000] {taskinstance.py:1087} INFO - Dependencies all met for <TaskInstance: math_crawler_pipeline.generate_pdf manual__2025-05-19T11:22:21.225207+00:00 [queued]>
[2025-05-19T12:52:52.841+0000] {taskinstance.py:1283} INFO - 
--------------------------------------------------------------------------------
[2025-05-19T12:52:52.842+0000] {taskinstance.py:1284} INFO - Starting attempt 2 of 3
[2025-05-19T12:52:52.842+0000] {taskinstance.py:1285} INFO - 
--------------------------------------------------------------------------------
[2025-05-19T12:52:52.859+0000] {taskinstance.py:1304} INFO - Executing <Task(PythonOperator): generate_pdf> on 2025-05-19 11:22:21.225207+00:00
[2025-05-19T12:52:52.865+0000] {standard_task_runner.py:55} INFO - Started process 191 to run task
[2025-05-19T12:52:52.869+0000] {standard_task_runner.py:82} INFO - Running: ['***', 'tasks', 'run', 'math_crawler_pipeline', 'generate_pdf', 'manual__2025-05-19T11:22:21.225207+00:00', '--job-id', '93', '--raw', '--subdir', 'DAGS_FOLDER/MathDag.py', '--cfg-path', '/tmp/tmpwh37x5t3']
[2025-05-19T12:52:52.871+0000] {standard_task_runner.py:83} INFO - Job 93: Subtask generate_pdf
[2025-05-19T12:52:52.933+0000] {task_command.py:389} INFO - Running <TaskInstance: math_crawler_pipeline.generate_pdf manual__2025-05-19T11:22:21.225207+00:00 [running]> on host 11cd72090704
[2025-05-19T12:52:52.989+0000] {taskinstance.py:1511} INFO - Exporting the following env vars:
AIRFLOW_CTX_DAG_OWNER=***
AIRFLOW_CTX_DAG_ID=math_crawler_pipeline
AIRFLOW_CTX_TASK_ID=generate_pdf
AIRFLOW_CTX_EXECUTION_DATE=2025-05-19T11:22:21.225207+00:00
AIRFLOW_CTX_TRY_NUMBER=2
AIRFLOW_CTX_DAG_RUN_ID=manual__2025-05-19T11:22:21.225207+00:00
[2025-05-19T12:56:24.453+0000] {local_task_job.py:223} WARNING - State of this instance has been externally set to None. Terminating instance.
[2025-05-19T12:56:24.456+0000] {process_utils.py:129} INFO - Sending Signals.SIGTERM to group 191. PIDs of all processes in the group: [191]
[2025-05-19T12:56:24.457+0000] {process_utils.py:84} INFO - Sending the signal Signals.SIGTERM to group 191
[2025-05-19T12:56:24.457+0000] {taskinstance.py:1483} ERROR - Received SIGTERM. Terminating subprocesses.
[2025-05-19T12:57:24.496+0000] {process_utils.py:147} WARNING - process psutil.Process(pid=191, name='airflow task ru', status='sleeping', started='12:52:52') did not respond to SIGTERM. Trying SIGKILL
[2025-05-19T12:57:24.498+0000] {process_utils.py:84} INFO - Sending the signal Signals.SIGKILL to group 191
[2025-05-19T12:57:24.514+0000] {process_utils.py:79} INFO - Process psutil.Process(pid=191, name='airflow task ru', status='terminated', exitcode=<Negsignal.SIGKILL: -9>, started='12:52:52') (191) terminated with exit code Negsignal.SIGKILL
[2025-05-19T12:57:24.515+0000] {standard_task_runner.py:168} ERROR - Job 93 was killed before it finished (likely due to running out of memory)
