[2025-05-19T12:03:46.520+0000] {taskinstance.py:1087} INFO - Dependencies all met for <TaskInstance: math_crawler_pipeline.generate_pdf manual__2025-05-19T11:22:21.225207+00:00 [queued]>
[2025-05-19T12:03:46.531+0000] {taskinstance.py:1087} INFO - Dependencies all met for <TaskInstance: math_crawler_pipeline.generate_pdf manual__2025-05-19T11:22:21.225207+00:00 [queued]>
[2025-05-19T12:03:46.531+0000] {taskinstance.py:1283} INFO - 
--------------------------------------------------------------------------------
[2025-05-19T12:03:46.532+0000] {taskinstance.py:1284} INFO - Starting attempt 1 of 3
[2025-05-19T12:03:46.532+0000] {taskinstance.py:1285} INFO - 
--------------------------------------------------------------------------------
[2025-05-19T12:03:46.548+0000] {taskinstance.py:1304} INFO - Executing <Task(PythonOperator): generate_pdf> on 2025-05-19 11:22:21.225207+00:00
[2025-05-19T12:03:46.555+0000] {standard_task_runner.py:55} INFO - Started process 1097 to run task
[2025-05-19T12:03:46.560+0000] {standard_task_runner.py:82} INFO - Running: ['***', 'tasks', 'run', 'math_crawler_pipeline', 'generate_pdf', 'manual__2025-05-19T11:22:21.225207+00:00', '--job-id', '89', '--raw', '--subdir', 'DAGS_FOLDER/MathDag.py', '--cfg-path', '/tmp/tmpf8e6znbn']
[2025-05-19T12:03:46.563+0000] {standard_task_runner.py:83} INFO - Job 89: Subtask generate_pdf
[2025-05-19T12:03:46.626+0000] {task_command.py:389} INFO - Running <TaskInstance: math_crawler_pipeline.generate_pdf manual__2025-05-19T11:22:21.225207+00:00 [running]> on host 23e48ed0cd15
[2025-05-19T12:03:46.693+0000] {taskinstance.py:1511} INFO - Exporting the following env vars:
AIRFLOW_CTX_DAG_OWNER=***
AIRFLOW_CTX_DAG_ID=math_crawler_pipeline
AIRFLOW_CTX_TASK_ID=generate_pdf
AIRFLOW_CTX_EXECUTION_DATE=2025-05-19T11:22:21.225207+00:00
AIRFLOW_CTX_TRY_NUMBER=1
AIRFLOW_CTX_DAG_RUN_ID=manual__2025-05-19T11:22:21.225207+00:00
[2025-05-19T12:06:53.313+0000] {local_task_job.py:82} ERROR - Received SIGTERM. Terminating subprocesses
[2025-05-19T12:06:53.318+0000] {process_utils.py:129} INFO - Sending Signals.SIGTERM to group 1097. PIDs of all processes in the group: [1097]
[2025-05-19T12:06:53.318+0000] {process_utils.py:84} INFO - Sending the signal Signals.SIGTERM to group 1097
[2025-05-19T12:06:53.319+0000] {taskinstance.py:1483} ERROR - Received SIGTERM. Terminating subprocesses.
[2025-05-19T12:06:55.548+0000] {local_task_job.py:82} ERROR - Received SIGTERM. Terminating subprocesses
[2025-05-19T12:06:55.551+0000] {process_utils.py:129} INFO - Sending Signals.SIGTERM to group 1097. PIDs of all processes in the group: [1097]
