[2025-05-19T07:35:49.449+0000] {taskinstance.py:1087} INFO - Dependencies all met for <TaskInstance: math_crawler_pipeline.crawl_and_save scheduled__2025-05-17T08:00:00+00:00 [queued]>
[2025-05-19T07:35:49.456+0000] {taskinstance.py:1087} INFO - Dependencies all met for <TaskInstance: math_crawler_pipeline.crawl_and_save scheduled__2025-05-17T08:00:00+00:00 [queued]>
[2025-05-19T07:35:49.456+0000] {taskinstance.py:1283} INFO - 
--------------------------------------------------------------------------------
[2025-05-19T07:35:49.456+0000] {taskinstance.py:1284} INFO - Starting attempt 1 of 3
[2025-05-19T07:35:49.456+0000] {taskinstance.py:1285} INFO - 
--------------------------------------------------------------------------------
[2025-05-19T07:35:49.464+0000] {taskinstance.py:1304} INFO - Executing <Task(PythonOperator): crawl_and_save> on 2025-05-17 08:00:00+00:00
[2025-05-19T07:35:49.468+0000] {standard_task_runner.py:55} INFO - Started process 433 to run task
[2025-05-19T07:35:49.471+0000] {standard_task_runner.py:82} INFO - Running: ['***', 'tasks', 'run', 'math_crawler_pipeline', 'crawl_and_save', 'scheduled__2025-05-17T08:00:00+00:00', '--job-id', '6', '--raw', '--subdir', 'DAGS_FOLDER/MathDag.py', '--cfg-path', '/tmp/tmp7rzumxwq']
[2025-05-19T07:35:49.474+0000] {standard_task_runner.py:83} INFO - Job 6: Subtask crawl_and_save
[2025-05-19T07:35:49.534+0000] {task_command.py:389} INFO - Running <TaskInstance: math_crawler_pipeline.crawl_and_save scheduled__2025-05-17T08:00:00+00:00 [running]> on host 23e48ed0cd15
[2025-05-19T07:35:49.608+0000] {taskinstance.py:1511} INFO - Exporting the following env vars:
AIRFLOW_CTX_DAG_OWNER=***
AIRFLOW_CTX_DAG_ID=math_crawler_pipeline
AIRFLOW_CTX_TASK_ID=crawl_and_save
AIRFLOW_CTX_EXECUTION_DATE=2025-05-17T08:00:00+00:00
AIRFLOW_CTX_TRY_NUMBER=1
AIRFLOW_CTX_DAG_RUN_ID=scheduled__2025-05-17T08:00:00+00:00
[2025-05-19T07:35:49.619+0000] {MathDag.py:36} WARNING - No links found!
[2025-05-19T07:35:49.620+0000] {python.py:177} INFO - Done. Returned value was: None
[2025-05-19T07:35:49.626+0000] {taskinstance.py:1322} INFO - Marking task as SUCCESS. dag_id=math_crawler_pipeline, task_id=crawl_and_save, execution_date=20250517T080000, start_date=20250519T073549, end_date=20250519T073549
[2025-05-19T07:35:49.650+0000] {local_task_job.py:159} INFO - Task exited with return code 0
[2025-05-19T07:35:49.670+0000] {taskinstance.py:2582} INFO - 0 downstream tasks scheduled from follow-on schedule check
