[2025-05-19T08:23:43.098+0000] {taskinstance.py:1087} INFO - Dependencies all met for <TaskInstance: math_crawler_pipeline.generate_pdf manual__2025-05-19T08:23:37.365112+00:00 [queued]>
[2025-05-19T08:23:43.114+0000] {taskinstance.py:1087} INFO - Dependencies all met for <TaskInstance: math_crawler_pipeline.generate_pdf manual__2025-05-19T08:23:37.365112+00:00 [queued]>
[2025-05-19T08:23:43.115+0000] {taskinstance.py:1283} INFO - 
--------------------------------------------------------------------------------
[2025-05-19T08:23:43.116+0000] {taskinstance.py:1284} INFO - Starting attempt 1 of 3
[2025-05-19T08:23:43.116+0000] {taskinstance.py:1285} INFO - 
--------------------------------------------------------------------------------
[2025-05-19T08:23:43.135+0000] {taskinstance.py:1304} INFO - Executing <Task(PythonOperator): generate_pdf> on 2025-05-19 08:23:37.365112+00:00
[2025-05-19T08:23:43.143+0000] {standard_task_runner.py:55} INFO - Started process 1680 to run task
[2025-05-19T08:23:43.147+0000] {standard_task_runner.py:82} INFO - Running: ['***', 'tasks', 'run', 'math_crawler_pipeline', 'generate_pdf', 'manual__2025-05-19T08:23:37.365112+00:00', '--job-id', '29', '--raw', '--subdir', 'DAGS_FOLDER/MathDag.py', '--cfg-path', '/tmp/tmpynliaky2']
[2025-05-19T08:23:43.150+0000] {standard_task_runner.py:83} INFO - Job 29: Subtask generate_pdf
[2025-05-19T08:23:43.208+0000] {task_command.py:389} INFO - Running <TaskInstance: math_crawler_pipeline.generate_pdf manual__2025-05-19T08:23:37.365112+00:00 [running]> on host 23e48ed0cd15
[2025-05-19T08:23:43.262+0000] {taskinstance.py:1511} INFO - Exporting the following env vars:
AIRFLOW_CTX_DAG_OWNER=***
AIRFLOW_CTX_DAG_ID=math_crawler_pipeline
AIRFLOW_CTX_TASK_ID=generate_pdf
AIRFLOW_CTX_EXECUTION_DATE=2025-05-19T08:23:37.365112+00:00
AIRFLOW_CTX_TRY_NUMBER=1
AIRFLOW_CTX_DAG_RUN_ID=manual__2025-05-19T08:23:37.365112+00:00
[2025-05-19T08:23:43.272+0000] {MathDag.py:80} WARNING - Không có nội dung nào để xuất PDF!
[2025-05-19T08:23:43.274+0000] {python.py:177} INFO - Done. Returned value was: None
[2025-05-19T08:23:43.281+0000] {taskinstance.py:1322} INFO - Marking task as SUCCESS. dag_id=math_crawler_pipeline, task_id=generate_pdf, execution_date=20250519T082337, start_date=20250519T082343, end_date=20250519T082343
[2025-05-19T08:23:43.325+0000] {local_task_job.py:159} INFO - Task exited with return code 0
[2025-05-19T08:23:43.338+0000] {taskinstance.py:2582} INFO - 0 downstream tasks scheduled from follow-on schedule check
