[2025-05-19T13:13:37.372+0000] {taskinstance.py:1087} INFO - Dependencies all met for <TaskInstance: math_crawler_pipeline.save_to_bigquery manual__2025-05-19T12:56:24.211949+00:00 [queued]>
[2025-05-19T13:13:37.379+0000] {taskinstance.py:1087} INFO - Dependencies all met for <TaskInstance: math_crawler_pipeline.save_to_bigquery manual__2025-05-19T12:56:24.211949+00:00 [queued]>
[2025-05-19T13:13:37.380+0000] {taskinstance.py:1283} INFO - 
--------------------------------------------------------------------------------
[2025-05-19T13:13:37.381+0000] {taskinstance.py:1284} INFO - Starting attempt 1 of 3
[2025-05-19T13:13:37.382+0000] {taskinstance.py:1285} INFO - 
--------------------------------------------------------------------------------
[2025-05-19T13:13:37.395+0000] {taskinstance.py:1304} INFO - Executing <Task(PythonOperator): save_to_bigquery> on 2025-05-19 12:56:24.211949+00:00
[2025-05-19T13:13:37.402+0000] {standard_task_runner.py:55} INFO - Started process 652 to run task
[2025-05-19T13:13:37.405+0000] {standard_task_runner.py:82} INFO - Running: ['***', 'tasks', 'run', 'math_crawler_pipeline', 'save_to_bigquery', 'manual__2025-05-19T12:56:24.211949+00:00', '--job-id', '97', '--raw', '--subdir', 'DAGS_FOLDER/MathDag.py', '--cfg-path', '/tmp/tmpj5e3cnfa']
[2025-05-19T13:13:37.409+0000] {standard_task_runner.py:83} INFO - Job 97: Subtask save_to_bigquery
[2025-05-19T13:13:37.456+0000] {task_command.py:389} INFO - Running <TaskInstance: math_crawler_pipeline.save_to_bigquery manual__2025-05-19T12:56:24.211949+00:00 [running]> on host 11cd72090704
[2025-05-19T13:13:37.513+0000] {taskinstance.py:1511} INFO - Exporting the following env vars:
AIRFLOW_CTX_DAG_OWNER=***
AIRFLOW_CTX_DAG_ID=math_crawler_pipeline
AIRFLOW_CTX_TASK_ID=save_to_bigquery
AIRFLOW_CTX_EXECUTION_DATE=2025-05-19T12:56:24.211949+00:00
AIRFLOW_CTX_TRY_NUMBER=1
AIRFLOW_CTX_DAG_RUN_ID=manual__2025-05-19T12:56:24.211949+00:00
[2025-05-19T13:13:39.068+0000] {MathDag.py:75} ERROR - Lỗi lưu BigQuery cho link 1: 404 POST https://bigquery.googleapis.com/bigquery/v2/projects/tensile-cogency-408304/datasets/tensile-cogency-408304.Math/tables/MathEx/insertAll?prettyPrint=false: Not found: Dataset tensile-cogency-408304:tensile-cogency-408304.Math
[2025-05-19T13:13:40.027+0000] {MathDag.py:75} ERROR - Lỗi lưu BigQuery cho link 2: 404 POST https://bigquery.googleapis.com/bigquery/v2/projects/tensile-cogency-408304/datasets/tensile-cogency-408304.Math/tables/MathEx/insertAll?prettyPrint=false: Not found: Dataset tensile-cogency-408304:tensile-cogency-408304.Math
[2025-05-19T13:13:40.878+0000] {MathDag.py:75} ERROR - Lỗi lưu BigQuery cho link 3: 404 POST https://bigquery.googleapis.com/bigquery/v2/projects/tensile-cogency-408304/datasets/tensile-cogency-408304.Math/tables/MathEx/insertAll?prettyPrint=false: Not found: Dataset tensile-cogency-408304:tensile-cogency-408304.Math
[2025-05-19T13:13:41.583+0000] {MathDag.py:75} ERROR - Lỗi lưu BigQuery cho link 4: 404 POST https://bigquery.googleapis.com/bigquery/v2/projects/tensile-cogency-408304/datasets/tensile-cogency-408304.Math/tables/MathEx/insertAll?prettyPrint=false: Not found: Dataset tensile-cogency-408304:tensile-cogency-408304.Math
[2025-05-19T13:13:42.557+0000] {MathDag.py:75} ERROR - Lỗi lưu BigQuery cho link 5: 404 POST https://bigquery.googleapis.com/bigquery/v2/projects/tensile-cogency-408304/datasets/tensile-cogency-408304.Math/tables/MathEx/insertAll?prettyPrint=false: Not found: Dataset tensile-cogency-408304:tensile-cogency-408304.Math
[2025-05-19T13:13:43.272+0000] {MathDag.py:75} ERROR - Lỗi lưu BigQuery cho link 6: 404 POST https://bigquery.googleapis.com/bigquery/v2/projects/tensile-cogency-408304/datasets/tensile-cogency-408304.Math/tables/MathEx/insertAll?prettyPrint=false: Not found: Dataset tensile-cogency-408304:tensile-cogency-408304.Math
[2025-05-19T13:13:44.625+0000] {MathDag.py:75} ERROR - Lỗi lưu BigQuery cho link 7: 404 POST https://bigquery.googleapis.com/bigquery/v2/projects/tensile-cogency-408304/datasets/tensile-cogency-408304.Math/tables/MathEx/insertAll?prettyPrint=false: Not found: Dataset tensile-cogency-408304:tensile-cogency-408304.Math
[2025-05-19T13:13:45.474+0000] {MathDag.py:75} ERROR - Lỗi lưu BigQuery cho link 8: 404 POST https://bigquery.googleapis.com/bigquery/v2/projects/tensile-cogency-408304/datasets/tensile-cogency-408304.Math/tables/MathEx/insertAll?prettyPrint=false: Not found: Dataset tensile-cogency-408304:tensile-cogency-408304.Math
[2025-05-19T13:13:46.167+0000] {MathDag.py:75} ERROR - Lỗi lưu BigQuery cho link 9: 404 POST https://bigquery.googleapis.com/bigquery/v2/projects/tensile-cogency-408304/datasets/tensile-cogency-408304.Math/tables/MathEx/insertAll?prettyPrint=false: Not found: Dataset tensile-cogency-408304:tensile-cogency-408304.Math
[2025-05-19T13:13:47.343+0000] {MathDag.py:75} ERROR - Lỗi lưu BigQuery cho link 10: 404 POST https://bigquery.googleapis.com/bigquery/v2/projects/tensile-cogency-408304/datasets/tensile-cogency-408304.Math/tables/MathEx/insertAll?prettyPrint=false: Not found: Dataset tensile-cogency-408304:tensile-cogency-408304.Math
[2025-05-19T13:13:48.747+0000] {MathDag.py:75} ERROR - Lỗi lưu BigQuery cho link 11: 404 POST https://bigquery.googleapis.com/bigquery/v2/projects/tensile-cogency-408304/datasets/tensile-cogency-408304.Math/tables/MathEx/insertAll?prettyPrint=false: Not found: Dataset tensile-cogency-408304:tensile-cogency-408304.Math
[2025-05-19T13:13:49.686+0000] {MathDag.py:75} ERROR - Lỗi lưu BigQuery cho link 12: 404 POST https://bigquery.googleapis.com/bigquery/v2/projects/tensile-cogency-408304/datasets/tensile-cogency-408304.Math/tables/MathEx/insertAll?prettyPrint=false: Not found: Dataset tensile-cogency-408304:tensile-cogency-408304.Math
[2025-05-19T13:13:50.540+0000] {MathDag.py:75} ERROR - Lỗi lưu BigQuery cho link 13: 404 POST https://bigquery.googleapis.com/bigquery/v2/projects/tensile-cogency-408304/datasets/tensile-cogency-408304.Math/tables/MathEx/insertAll?prettyPrint=false: Not found: Dataset tensile-cogency-408304:tensile-cogency-408304.Math
[2025-05-19T13:13:52.159+0000] {MathDag.py:75} ERROR - Lỗi lưu BigQuery cho link 14: 404 POST https://bigquery.googleapis.com/bigquery/v2/projects/tensile-cogency-408304/datasets/tensile-cogency-408304.Math/tables/MathEx/insertAll?prettyPrint=false: Not found: Dataset tensile-cogency-408304:tensile-cogency-408304.Math
[2025-05-19T13:13:53.013+0000] {MathDag.py:75} ERROR - Lỗi lưu BigQuery cho link 15: 404 POST https://bigquery.googleapis.com/bigquery/v2/projects/tensile-cogency-408304/datasets/tensile-cogency-408304.Math/tables/MathEx/insertAll?prettyPrint=false: Not found: Dataset tensile-cogency-408304:tensile-cogency-408304.Math
[2025-05-19T13:13:53.842+0000] {MathDag.py:75} ERROR - Lỗi lưu BigQuery cho link 16: 404 POST https://bigquery.googleapis.com/bigquery/v2/projects/tensile-cogency-408304/datasets/tensile-cogency-408304.Math/tables/MathEx/insertAll?prettyPrint=false: Not found: Dataset tensile-cogency-408304:tensile-cogency-408304.Math
[2025-05-19T13:13:54.630+0000] {MathDag.py:75} ERROR - Lỗi lưu BigQuery cho link 17: 404 POST https://bigquery.googleapis.com/bigquery/v2/projects/tensile-cogency-408304/datasets/tensile-cogency-408304.Math/tables/MathEx/insertAll?prettyPrint=false: Not found: Dataset tensile-cogency-408304:tensile-cogency-408304.Math
[2025-05-19T13:13:55.666+0000] {MathDag.py:75} ERROR - Lỗi lưu BigQuery cho link 18: 404 POST https://bigquery.googleapis.com/bigquery/v2/projects/tensile-cogency-408304/datasets/tensile-cogency-408304.Math/tables/MathEx/insertAll?prettyPrint=false: Not found: Dataset tensile-cogency-408304:tensile-cogency-408304.Math
[2025-05-19T13:13:57.073+0000] {MathDag.py:75} ERROR - Lỗi lưu BigQuery cho link 19: 404 POST https://bigquery.googleapis.com/bigquery/v2/projects/tensile-cogency-408304/datasets/tensile-cogency-408304.Math/tables/MathEx/insertAll?prettyPrint=false: Not found: Dataset tensile-cogency-408304:tensile-cogency-408304.Math
[2025-05-19T13:13:58.022+0000] {MathDag.py:75} ERROR - Lỗi lưu BigQuery cho link 20: 404 POST https://bigquery.googleapis.com/bigquery/v2/projects/tensile-cogency-408304/datasets/tensile-cogency-408304.Math/tables/MathEx/insertAll?prettyPrint=false: Not found: Dataset tensile-cogency-408304:tensile-cogency-408304.Math
[2025-05-19T13:13:58.815+0000] {MathDag.py:75} ERROR - Lỗi lưu BigQuery cho link 21: 404 POST https://bigquery.googleapis.com/bigquery/v2/projects/tensile-cogency-408304/datasets/tensile-cogency-408304.Math/tables/MathEx/insertAll?prettyPrint=false: Not found: Dataset tensile-cogency-408304:tensile-cogency-408304.Math
[2025-05-19T13:13:59.540+0000] {MathDag.py:75} ERROR - Lỗi lưu BigQuery cho link 22: 404 POST https://bigquery.googleapis.com/bigquery/v2/projects/tensile-cogency-408304/datasets/tensile-cogency-408304.Math/tables/MathEx/insertAll?prettyPrint=false: Not found: Dataset tensile-cogency-408304:tensile-cogency-408304.Math
[2025-05-19T13:14:00.588+0000] {MathDag.py:75} ERROR - Lỗi lưu BigQuery cho link 23: 404 POST https://bigquery.googleapis.com/bigquery/v2/projects/tensile-cogency-408304/datasets/tensile-cogency-408304.Math/tables/MathEx/insertAll?prettyPrint=false: Not found: Dataset tensile-cogency-408304:tensile-cogency-408304.Math
[2025-05-19T13:14:01.444+0000] {MathDag.py:75} ERROR - Lỗi lưu BigQuery cho link 24: 404 POST https://bigquery.googleapis.com/bigquery/v2/projects/tensile-cogency-408304/datasets/tensile-cogency-408304.Math/tables/MathEx/insertAll?prettyPrint=false: Not found: Dataset tensile-cogency-408304:tensile-cogency-408304.Math
[2025-05-19T13:14:02.460+0000] {MathDag.py:75} ERROR - Lỗi lưu BigQuery cho link 25: 404 POST https://bigquery.googleapis.com/bigquery/v2/projects/tensile-cogency-408304/datasets/tensile-cogency-408304.Math/tables/MathEx/insertAll?prettyPrint=false: Not found: Dataset tensile-cogency-408304:tensile-cogency-408304.Math
[2025-05-19T13:14:03.405+0000] {MathDag.py:75} ERROR - Lỗi lưu BigQuery cho link 26: 404 POST https://bigquery.googleapis.com/bigquery/v2/projects/tensile-cogency-408304/datasets/tensile-cogency-408304.Math/tables/MathEx/insertAll?prettyPrint=false: Not found: Dataset tensile-cogency-408304:tensile-cogency-408304.Math
[2025-05-19T13:14:04.664+0000] {MathDag.py:75} ERROR - Lỗi lưu BigQuery cho link 27: 404 POST https://bigquery.googleapis.com/bigquery/v2/projects/tensile-cogency-408304/datasets/tensile-cogency-408304.Math/tables/MathEx/insertAll?prettyPrint=false: Not found: Dataset tensile-cogency-408304:tensile-cogency-408304.Math
[2025-05-19T13:14:05.505+0000] {MathDag.py:75} ERROR - Lỗi lưu BigQuery cho link 28: 404 POST https://bigquery.googleapis.com/bigquery/v2/projects/tensile-cogency-408304/datasets/tensile-cogency-408304.Math/tables/MathEx/insertAll?prettyPrint=false: Not found: Dataset tensile-cogency-408304:tensile-cogency-408304.Math
[2025-05-19T13:14:06.270+0000] {MathDag.py:75} ERROR - Lỗi lưu BigQuery cho link 29: 404 POST https://bigquery.googleapis.com/bigquery/v2/projects/tensile-cogency-408304/datasets/tensile-cogency-408304.Math/tables/MathEx/insertAll?prettyPrint=false: Not found: Dataset tensile-cogency-408304:tensile-cogency-408304.Math
[2025-05-19T13:14:08.374+0000] {MathDag.py:75} ERROR - Lỗi lưu BigQuery cho link 30: 404 POST https://bigquery.googleapis.com/bigquery/v2/projects/tensile-cogency-408304/datasets/tensile-cogency-408304.Math/tables/MathEx/insertAll?prettyPrint=false: Not found: Dataset tensile-cogency-408304:tensile-cogency-408304.Math
[2025-05-19T13:14:09.002+0000] {MathDag.py:75} ERROR - Lỗi lưu BigQuery cho link 31: 404 POST https://bigquery.googleapis.com/bigquery/v2/projects/tensile-cogency-408304/datasets/tensile-cogency-408304.Math/tables/MathEx/insertAll?prettyPrint=false: Not found: Dataset tensile-cogency-408304:tensile-cogency-408304.Math
[2025-05-19T13:14:09.835+0000] {MathDag.py:75} ERROR - Lỗi lưu BigQuery cho link 32: 404 POST https://bigquery.googleapis.com/bigquery/v2/projects/tensile-cogency-408304/datasets/tensile-cogency-408304.Math/tables/MathEx/insertAll?prettyPrint=false: Not found: Dataset tensile-cogency-408304:tensile-cogency-408304.Math
[2025-05-19T13:14:10.652+0000] {MathDag.py:75} ERROR - Lỗi lưu BigQuery cho link 33: 404 POST https://bigquery.googleapis.com/bigquery/v2/projects/tensile-cogency-408304/datasets/tensile-cogency-408304.Math/tables/MathEx/insertAll?prettyPrint=false: Not found: Dataset tensile-cogency-408304:tensile-cogency-408304.Math
[2025-05-19T13:14:11.578+0000] {MathDag.py:75} ERROR - Lỗi lưu BigQuery cho link 34: 404 POST https://bigquery.googleapis.com/bigquery/v2/projects/tensile-cogency-408304/datasets/tensile-cogency-408304.Math/tables/MathEx/insertAll?prettyPrint=false: Not found: Dataset tensile-cogency-408304:tensile-cogency-408304.Math
[2025-05-19T13:14:13.205+0000] {MathDag.py:75} ERROR - Lỗi lưu BigQuery cho link 35: 404 POST https://bigquery.googleapis.com/bigquery/v2/projects/tensile-cogency-408304/datasets/tensile-cogency-408304.Math/tables/MathEx/insertAll?prettyPrint=false: Not found: Dataset tensile-cogency-408304:tensile-cogency-408304.Math
[2025-05-19T13:14:14.316+0000] {MathDag.py:75} ERROR - Lỗi lưu BigQuery cho link 36: 404 POST https://bigquery.googleapis.com/bigquery/v2/projects/tensile-cogency-408304/datasets/tensile-cogency-408304.Math/tables/MathEx/insertAll?prettyPrint=false: Not found: Dataset tensile-cogency-408304:tensile-cogency-408304.Math
[2025-05-19T13:14:15.151+0000] {MathDag.py:75} ERROR - Lỗi lưu BigQuery cho link 37: 404 POST https://bigquery.googleapis.com/bigquery/v2/projects/tensile-cogency-408304/datasets/tensile-cogency-408304.Math/tables/MathEx/insertAll?prettyPrint=false: Not found: Dataset tensile-cogency-408304:tensile-cogency-408304.Math
[2025-05-19T13:14:16.110+0000] {MathDag.py:75} ERROR - Lỗi lưu BigQuery cho link 38: 404 POST https://bigquery.googleapis.com/bigquery/v2/projects/tensile-cogency-408304/datasets/tensile-cogency-408304.Math/tables/MathEx/insertAll?prettyPrint=false: Not found: Dataset tensile-cogency-408304:tensile-cogency-408304.Math
[2025-05-19T13:14:17.291+0000] {MathDag.py:75} ERROR - Lỗi lưu BigQuery cho link 39: 404 POST https://bigquery.googleapis.com/bigquery/v2/projects/tensile-cogency-408304/datasets/tensile-cogency-408304.Math/tables/MathEx/insertAll?prettyPrint=false: Not found: Dataset tensile-cogency-408304:tensile-cogency-408304.Math
[2025-05-19T13:14:18.216+0000] {MathDag.py:75} ERROR - Lỗi lưu BigQuery cho link 40: 404 POST https://bigquery.googleapis.com/bigquery/v2/projects/tensile-cogency-408304/datasets/tensile-cogency-408304.Math/tables/MathEx/insertAll?prettyPrint=false: Not found: Dataset tensile-cogency-408304:tensile-cogency-408304.Math
[2025-05-19T13:14:19.273+0000] {MathDag.py:75} ERROR - Lỗi lưu BigQuery cho link 41: 404 POST https://bigquery.googleapis.com/bigquery/v2/projects/tensile-cogency-408304/datasets/tensile-cogency-408304.Math/tables/MathEx/insertAll?prettyPrint=false: Not found: Dataset tensile-cogency-408304:tensile-cogency-408304.Math
[2025-05-19T13:14:19.992+0000] {MathDag.py:75} ERROR - Lỗi lưu BigQuery cho link 42: 404 POST https://bigquery.googleapis.com/bigquery/v2/projects/tensile-cogency-408304/datasets/tensile-cogency-408304.Math/tables/MathEx/insertAll?prettyPrint=false: Not found: Dataset tensile-cogency-408304:tensile-cogency-408304.Math
[2025-05-19T13:14:21.272+0000] {MathDag.py:75} ERROR - Lỗi lưu BigQuery cho link 43: 404 POST https://bigquery.googleapis.com/bigquery/v2/projects/tensile-cogency-408304/datasets/tensile-cogency-408304.Math/tables/MathEx/insertAll?prettyPrint=false: Not found: Dataset tensile-cogency-408304:tensile-cogency-408304.Math
[2025-05-19T13:14:22.154+0000] {MathDag.py:75} ERROR - Lỗi lưu BigQuery cho link 44: 404 POST https://bigquery.googleapis.com/bigquery/v2/projects/tensile-cogency-408304/datasets/tensile-cogency-408304.Math/tables/MathEx/insertAll?prettyPrint=false: Not found: Dataset tensile-cogency-408304:tensile-cogency-408304.Math
[2025-05-19T13:14:23.016+0000] {MathDag.py:75} ERROR - Lỗi lưu BigQuery cho link 45: 404 POST https://bigquery.googleapis.com/bigquery/v2/projects/tensile-cogency-408304/datasets/tensile-cogency-408304.Math/tables/MathEx/insertAll?prettyPrint=false: Not found: Dataset tensile-cogency-408304:tensile-cogency-408304.Math
[2025-05-19T13:14:23.750+0000] {MathDag.py:75} ERROR - Lỗi lưu BigQuery cho link 46: 404 POST https://bigquery.googleapis.com/bigquery/v2/projects/tensile-cogency-408304/datasets/tensile-cogency-408304.Math/tables/MathEx/insertAll?prettyPrint=false: Not found: Dataset tensile-cogency-408304:tensile-cogency-408304.Math
[2025-05-19T13:14:24.636+0000] {MathDag.py:75} ERROR - Lỗi lưu BigQuery cho link 47: 404 POST https://bigquery.googleapis.com/bigquery/v2/projects/tensile-cogency-408304/datasets/tensile-cogency-408304.Math/tables/MathEx/insertAll?prettyPrint=false: Not found: Dataset tensile-cogency-408304:tensile-cogency-408304.Math
[2025-05-19T13:14:25.343+0000] {MathDag.py:75} ERROR - Lỗi lưu BigQuery cho link 48: 404 POST https://bigquery.googleapis.com/bigquery/v2/projects/tensile-cogency-408304/datasets/tensile-cogency-408304.Math/tables/MathEx/insertAll?prettyPrint=false: Not found: Dataset tensile-cogency-408304:tensile-cogency-408304.Math
[2025-05-19T13:14:26.127+0000] {MathDag.py:75} ERROR - Lỗi lưu BigQuery cho link 49: 404 POST https://bigquery.googleapis.com/bigquery/v2/projects/tensile-cogency-408304/datasets/tensile-cogency-408304.Math/tables/MathEx/insertAll?prettyPrint=false: Not found: Dataset tensile-cogency-408304:tensile-cogency-408304.Math
[2025-05-19T13:14:26.971+0000] {MathDag.py:75} ERROR - Lỗi lưu BigQuery cho link 50: 404 POST https://bigquery.googleapis.com/bigquery/v2/projects/tensile-cogency-408304/datasets/tensile-cogency-408304.Math/tables/MathEx/insertAll?prettyPrint=false: Not found: Dataset tensile-cogency-408304:tensile-cogency-408304.Math
[2025-05-19T13:14:28.182+0000] {MathDag.py:75} ERROR - Lỗi lưu BigQuery cho link 51: 404 POST https://bigquery.googleapis.com/bigquery/v2/projects/tensile-cogency-408304/datasets/tensile-cogency-408304.Math/tables/MathEx/insertAll?prettyPrint=false: Not found: Dataset tensile-cogency-408304:tensile-cogency-408304.Math
[2025-05-19T13:14:29.244+0000] {MathDag.py:75} ERROR - Lỗi lưu BigQuery cho link 52: 404 POST https://bigquery.googleapis.com/bigquery/v2/projects/tensile-cogency-408304/datasets/tensile-cogency-408304.Math/tables/MathEx/insertAll?prettyPrint=false: Not found: Dataset tensile-cogency-408304:tensile-cogency-408304.Math
[2025-05-19T13:14:30.425+0000] {MathDag.py:75} ERROR - Lỗi lưu BigQuery cho link 53: 404 POST https://bigquery.googleapis.com/bigquery/v2/projects/tensile-cogency-408304/datasets/tensile-cogency-408304.Math/tables/MathEx/insertAll?prettyPrint=false: Not found: Dataset tensile-cogency-408304:tensile-cogency-408304.Math
[2025-05-19T13:14:31.232+0000] {MathDag.py:75} ERROR - Lỗi lưu BigQuery cho link 54: 404 POST https://bigquery.googleapis.com/bigquery/v2/projects/tensile-cogency-408304/datasets/tensile-cogency-408304.Math/tables/MathEx/insertAll?prettyPrint=false: Not found: Dataset tensile-cogency-408304:tensile-cogency-408304.Math
[2025-05-19T13:14:32.170+0000] {MathDag.py:75} ERROR - Lỗi lưu BigQuery cho link 55: 404 POST https://bigquery.googleapis.com/bigquery/v2/projects/tensile-cogency-408304/datasets/tensile-cogency-408304.Math/tables/MathEx/insertAll?prettyPrint=false: Not found: Dataset tensile-cogency-408304:tensile-cogency-408304.Math
[2025-05-19T13:14:33.254+0000] {MathDag.py:75} ERROR - Lỗi lưu BigQuery cho link 56: 404 POST https://bigquery.googleapis.com/bigquery/v2/projects/tensile-cogency-408304/datasets/tensile-cogency-408304.Math/tables/MathEx/insertAll?prettyPrint=false: Not found: Dataset tensile-cogency-408304:tensile-cogency-408304.Math
[2025-05-19T13:14:34.065+0000] {MathDag.py:75} ERROR - Lỗi lưu BigQuery cho link 57: 404 POST https://bigquery.googleapis.com/bigquery/v2/projects/tensile-cogency-408304/datasets/tensile-cogency-408304.Math/tables/MathEx/insertAll?prettyPrint=false: Not found: Dataset tensile-cogency-408304:tensile-cogency-408304.Math
[2025-05-19T13:14:34.877+0000] {MathDag.py:75} ERROR - Lỗi lưu BigQuery cho link 58: 404 POST https://bigquery.googleapis.com/bigquery/v2/projects/tensile-cogency-408304/datasets/tensile-cogency-408304.Math/tables/MathEx/insertAll?prettyPrint=false: Not found: Dataset tensile-cogency-408304:tensile-cogency-408304.Math
[2025-05-19T13:14:36.231+0000] {MathDag.py:75} ERROR - Lỗi lưu BigQuery cho link 59: 404 POST https://bigquery.googleapis.com/bigquery/v2/projects/tensile-cogency-408304/datasets/tensile-cogency-408304.Math/tables/MathEx/insertAll?prettyPrint=false: Not found: Dataset tensile-cogency-408304:tensile-cogency-408304.Math
[2025-05-19T13:14:43.065+0000] {MathDag.py:75} ERROR - Lỗi lưu BigQuery cho link 60: 404 POST https://bigquery.googleapis.com/bigquery/v2/projects/tensile-cogency-408304/datasets/tensile-cogency-408304.Math/tables/MathEx/insertAll?prettyPrint=false: Not found: Dataset tensile-cogency-408304:tensile-cogency-408304.Math
[2025-05-19T13:14:44.140+0000] {MathDag.py:75} ERROR - Lỗi lưu BigQuery cho link 61: 404 POST https://bigquery.googleapis.com/bigquery/v2/projects/tensile-cogency-408304/datasets/tensile-cogency-408304.Math/tables/MathEx/insertAll?prettyPrint=false: Not found: Dataset tensile-cogency-408304:tensile-cogency-408304.Math
[2025-05-19T13:14:44.945+0000] {MathDag.py:75} ERROR - Lỗi lưu BigQuery cho link 62: 404 POST https://bigquery.googleapis.com/bigquery/v2/projects/tensile-cogency-408304/datasets/tensile-cogency-408304.Math/tables/MathEx/insertAll?prettyPrint=false: Not found: Dataset tensile-cogency-408304:tensile-cogency-408304.Math
[2025-05-19T13:14:46.012+0000] {MathDag.py:75} ERROR - Lỗi lưu BigQuery cho link 63: 404 POST https://bigquery.googleapis.com/bigquery/v2/projects/tensile-cogency-408304/datasets/tensile-cogency-408304.Math/tables/MathEx/insertAll?prettyPrint=false: Not found: Dataset tensile-cogency-408304:tensile-cogency-408304.Math
[2025-05-19T13:14:46.014+0000] {python.py:177} INFO - Done. Returned value was: None
[2025-05-19T13:14:46.040+0000] {taskinstance.py:1322} INFO - Marking task as SUCCESS. dag_id=math_crawler_pipeline, task_id=save_to_bigquery, execution_date=20250519T125624, start_date=20250519T131337, end_date=20250519T131446
[2025-05-19T13:14:46.115+0000] {local_task_job.py:159} INFO - Task exited with return code 0
[2025-05-19T13:14:46.143+0000] {taskinstance.py:2582} INFO - 0 downstream tasks scheduled from follow-on schedule check
