[2025-05-19T09:59:29.457+0000] {taskinstance.py:1087} INFO - Dependencies all met for <TaskInstance: math_crawler_pipeline.extract_problem_and_solution manual__2025-05-19T09:23:32.331846+00:00 [queued]>
[2025-05-19T09:59:29.465+0000] {taskinstance.py:1087} INFO - Dependencies all met for <TaskInstance: math_crawler_pipeline.extract_problem_and_solution manual__2025-05-19T09:23:32.331846+00:00 [queued]>
[2025-05-19T09:59:29.466+0000] {taskinstance.py:1283} INFO - 
--------------------------------------------------------------------------------
[2025-05-19T09:59:29.466+0000] {taskinstance.py:1284} INFO - Starting attempt 4 of 3
[2025-05-19T09:59:29.466+0000] {taskinstance.py:1285} INFO - 
--------------------------------------------------------------------------------
[2025-05-19T09:59:29.475+0000] {taskinstance.py:1304} INFO - Executing <Task(PythonOperator): extract_problem_and_solution> on 2025-05-19 09:23:32.331846+00:00
[2025-05-19T09:59:29.480+0000] {standard_task_runner.py:55} INFO - Started process 183 to run task
[2025-05-19T09:59:29.484+0000] {standard_task_runner.py:82} INFO - Running: ['***', 'tasks', 'run', 'math_crawler_pipeline', 'extract_problem_and_solution', 'manual__2025-05-19T09:23:32.331846+00:00', '--job-id', '81', '--raw', '--subdir', 'DAGS_FOLDER/MathDag.py', '--cfg-path', '/tmp/tmp_j05sxyu']
[2025-05-19T09:59:29.487+0000] {standard_task_runner.py:83} INFO - Job 81: Subtask extract_problem_and_solution
[2025-05-19T09:59:29.540+0000] {task_command.py:389} INFO - Running <TaskInstance: math_crawler_pipeline.extract_problem_and_solution manual__2025-05-19T09:23:32.331846+00:00 [running]> on host 23e48ed0cd15
[2025-05-19T09:59:29.591+0000] {taskinstance.py:1511} INFO - Exporting the following env vars:
AIRFLOW_CTX_DAG_OWNER=***
AIRFLOW_CTX_DAG_ID=math_crawler_pipeline
AIRFLOW_CTX_TASK_ID=extract_problem_and_solution
AIRFLOW_CTX_EXECUTION_DATE=2025-05-19T09:23:32.331846+00:00
AIRFLOW_CTX_TRY_NUMBER=4
AIRFLOW_CTX_DAG_RUN_ID=manual__2025-05-19T09:23:32.331846+00:00
[2025-05-19T09:59:29.600+0000] {MathDag.py:45} INFO - Đang crawl link 1/64: https://loigiaihay.com/de-tham-khao-thi-vao-10-toan-ha-noi-nam-2025-co-dap-an-va-loi-giai-chi-tiet-a179519.html
[2025-05-19T10:00:07.528+0000] {MathDag.py:47} INFO -   -> Crawl thành công, số block: 195
[2025-05-19T10:00:07.529+0000] {MathDag.py:45} INFO - Đang crawl link 2/64: https://loigiaihay.com/de-tham-khao-thi-vao-10-toan-ha-noi-nam-2025-co-dap-an-va-loi-giai-chi-tiet-de-2-a179539.html
[2025-05-19T10:00:47.264+0000] {MathDag.py:47} INFO -   -> Crawl thành công, số block: 208
[2025-05-19T10:00:47.264+0000] {MathDag.py:45} INFO - Đang crawl link 3/64: https://loigiaihay.com/de-tham-khao-thi-vao-10-toan-ha-noi-nam-2025-co-dap-an-va-loi-giai-chi-tiet-de-3-a181097.html
[2025-05-19T10:01:40.332+0000] {MathDag.py:47} INFO -   -> Crawl thành công, số block: 217
[2025-05-19T10:01:40.332+0000] {MathDag.py:45} INFO - Đang crawl link 4/64: https://loigiaihay.com/de-tham-khao-thi-vao-10-mon-toan-ha-noi-nam-2025-de-so-4-a181870.html
[2025-05-19T10:02:17.375+0000] {MathDag.py:47} INFO -   -> Crawl thành công, số block: 188
[2025-05-19T10:02:17.375+0000] {MathDag.py:45} INFO - Đang crawl link 5/64: https://loigiaihay.com/de-tham-khao-thi-vao-10-mon-toan-ha-noi-nam-2025-de-so-5-a182059.html
[2025-05-19T10:02:53.763+0000] {MathDag.py:47} INFO -   -> Crawl thành công, số block: 212
[2025-05-19T10:02:53.764+0000] {MathDag.py:45} INFO - Đang crawl link 6/64: https://loigiaihay.com/de-tham-khao-thi-vao-10-mon-toan-ha-noi-nam-2025-de-so-6-a182290.html
[2025-05-19T10:03:29.114+0000] {MathDag.py:47} INFO -   -> Crawl thành công, số block: 186
[2025-05-19T10:03:29.114+0000] {MathDag.py:45} INFO - Đang crawl link 7/64: https://loigiaihay.com/de-tham-khao-thi-vao-10-mon-toan-ha-noi-nam-2025-de-so-7-a182562.html
[2025-05-19T10:03:51.079+0000] {MathDag.py:47} INFO -   -> Crawl thành công, số block: 170
[2025-05-19T10:03:51.079+0000] {MathDag.py:45} INFO - Đang crawl link 8/64: https://loigiaihay.com/de-tham-khao-thi-vao-10-mon-toan-ha-noi-nam-2025-de-so-8-a183073.html
[2025-05-19T10:04:08.631+0000] {MathDag.py:47} INFO -   -> Crawl thành công, số block: 171
[2025-05-19T10:04:08.632+0000] {MathDag.py:45} INFO - Đang crawl link 9/64: https://loigiaihay.com/de-tham-khao-thi-vao-10-mon-toan-ha-noi-nam-2025-de-so-9-a183564.html
[2025-05-19T10:04:19.828+0000] {MathDag.py:47} INFO -   -> Crawl thành công, số block: 170
[2025-05-19T10:04:19.829+0000] {MathDag.py:45} INFO - Đang crawl link 10/64: https://loigiaihay.com/de-tham-khao-thi-vao-10-mon-toan-ha-noi-nam-2025-de-so-10-a183809.html
[2025-05-19T10:04:30.391+0000] {MathDag.py:47} INFO -   -> Crawl thành công, số block: 170
[2025-05-19T10:04:30.391+0000] {MathDag.py:45} INFO - Đang crawl link 11/64: https://loigiaihay.com/de-tham-khao-thi-vao-10-mon-toan-ha-noi-nam-2025-de-so-11-a184285.html
[2025-05-19T10:04:40.508+0000] {MathDag.py:47} INFO -   -> Crawl thành công, số block: 162
[2025-05-19T10:04:40.508+0000] {MathDag.py:45} INFO - Đang crawl link 12/64: https://loigiaihay.com/de-tham-khao-thi-vao-10-toan-tp-ho-chi-minh-nam-2025-co-dap-an-va-loi-giai-chi-tiet-de-1-a179544.html
[2025-05-19T10:04:50.745+0000] {MathDag.py:47} INFO -   -> Crawl thành công, số block: 207
[2025-05-19T10:04:50.745+0000] {MathDag.py:45} INFO - Đang crawl link 13/64: https://loigiaihay.com/de-tham-khao-thi-vao-10-mon-toan-tp-ho-chi-minh-nam-2025-de-so-2-a181829.html
[2025-05-19T10:05:01.192+0000] {MathDag.py:47} INFO -   -> Crawl thành công, số block: 226
[2025-05-19T10:05:01.193+0000] {MathDag.py:45} INFO - Đang crawl link 14/64: https://loigiaihay.com/de-tham-khao-thi-vao-10-mon-toan-tp-ho-chi-minh-nam-2025-de-so-3-a181884.html
[2025-05-19T10:05:11.874+0000] {MathDag.py:47} INFO -   -> Crawl thành công, số block: 191
[2025-05-19T10:05:11.874+0000] {MathDag.py:45} INFO - Đang crawl link 15/64: https://loigiaihay.com/de-tham-khao-thi-vao-10-mon-toan-tp-ho-chi-minh-nam-2025-de-so-4-a181981.html
[2025-05-19T10:05:22.366+0000] {MathDag.py:47} INFO -   -> Crawl thành công, số block: 237
[2025-05-19T10:05:22.366+0000] {MathDag.py:45} INFO - Đang crawl link 16/64: https://loigiaihay.com/de-tham-khao-thi-vao-10-mon-toan-tp-ho-chi-minh-nam-2025-de-so-5-a182269.html
[2025-05-19T10:05:32.670+0000] {MathDag.py:47} INFO -   -> Crawl thành công, số block: 246
[2025-05-19T10:05:32.671+0000] {MathDag.py:45} INFO - Đang crawl link 17/64: https://loigiaihay.com/de-tham-khao-thi-vao-10-mon-toan-tp-ho-chi-minh-nam-2025-de-so-6-a182568.html
[2025-05-19T10:05:43.492+0000] {MathDag.py:47} INFO -   -> Crawl thành công, số block: 249
[2025-05-19T10:05:43.493+0000] {MathDag.py:45} INFO - Đang crawl link 18/64: https://loigiaihay.com/de-tham-khao-thi-vao-10-mon-toan-tp-ho-chi-minh-nam-2025-de-so-7-a182986.html
[2025-05-19T10:05:53.660+0000] {MathDag.py:47} INFO -   -> Crawl thành công, số block: 199
[2025-05-19T10:05:53.660+0000] {MathDag.py:45} INFO - Đang crawl link 19/64: https://loigiaihay.com/de-tham-khao-thi-vao-10-mon-toan-tp-ho-chi-minh-nam-2025-de-so-8-a183544.html
[2025-05-19T10:06:03.972+0000] {MathDag.py:47} INFO -   -> Crawl thành công, số block: 218
[2025-05-19T10:06:03.972+0000] {MathDag.py:45} INFO - Đang crawl link 20/64: https://loigiaihay.com/de-tham-khao-thi-vao-10-mon-toan-tp-ho-chi-minh-nam-2025-de-so-9-a184122.html
[2025-05-19T10:06:14.148+0000] {MathDag.py:47} INFO -   -> Crawl thành công, số block: 208
[2025-05-19T10:06:14.148+0000] {MathDag.py:45} INFO - Đang crawl link 21/64: https://loigiaihay.com/de-tham-khao-thi-vao-10-mon-toan-tp-ho-chi-minh-nam-2025-de-so-10-a184527.html
[2025-05-19T10:06:24.627+0000] {MathDag.py:47} INFO -   -> Crawl thành công, số block: 191
[2025-05-19T10:06:24.628+0000] {MathDag.py:45} INFO - Đang crawl link 22/64: https://loigiaihay.com/de-so-1-de-thi-vao-lop-10-mon-toan-c44a49454.html
[2025-05-19T10:06:35.342+0000] {MathDag.py:47} INFO -   -> Crawl thành công, số block: 2
[2025-05-19T10:06:35.342+0000] {MathDag.py:45} INFO - Đang crawl link 23/64: https://loigiaihay.com/de-so-2-de-thi-vao-lop-10-mon-toan-c44a49464.html
[2025-05-19T10:06:46.940+0000] {MathDag.py:47} INFO -   -> Crawl thành công, số block: 2
[2025-05-19T10:06:46.940+0000] {MathDag.py:45} INFO - Đang crawl link 24/64: https://loigiaihay.com/de-so-3-de-thi-vao-lop-10-mon-toan-c44a49465.html
[2025-05-19T10:06:58.136+0000] {MathDag.py:47} INFO -   -> Crawl thành công, số block: 2
[2025-05-19T10:06:58.137+0000] {MathDag.py:45} INFO - Đang crawl link 25/64: https://loigiaihay.com/de-so-4-de-thi-vao-lop-10-mon-toan-c44a49466.html
[2025-05-19T10:07:11.479+0000] {MathDag.py:47} INFO -   -> Crawl thành công, số block: 2
[2025-05-19T10:07:11.480+0000] {MathDag.py:45} INFO - Đang crawl link 26/64: https://loigiaihay.com/de-so-5-de-thi-vao-lop-10-mon-toan-c44a49467.html
[2025-05-19T10:07:22.720+0000] {MathDag.py:47} INFO -   -> Crawl thành công, số block: 2
[2025-05-19T10:07:22.721+0000] {MathDag.py:45} INFO - Đang crawl link 27/64: https://loigiaihay.com/de-so-6-de-thi-vao-lop-10-mon-toan-c44a49468.html
[2025-05-19T10:07:33.125+0000] {MathDag.py:47} INFO -   -> Crawl thành công, số block: 2
[2025-05-19T10:07:33.125+0000] {MathDag.py:45} INFO - Đang crawl link 28/64: https://loigiaihay.com/de-so-7-de-thi-vao-lop-10-mon-toan-c44a49469.html
[2025-05-19T10:07:43.649+0000] {MathDag.py:47} INFO -   -> Crawl thành công, số block: 2
[2025-05-19T10:07:43.650+0000] {MathDag.py:45} INFO - Đang crawl link 29/64: https://loigiaihay.com/de-so-8-de-thi-vao-lop-10-mon-toan-c44a49470.html
[2025-05-19T10:07:54.893+0000] {MathDag.py:47} INFO -   -> Crawl thành công, số block: 2
[2025-05-19T10:07:54.893+0000] {MathDag.py:45} INFO - Đang crawl link 30/64: https://loigiaihay.com/de-so-9-de-thi-vao-lop-10-mon-toan-c44a49471.html
[2025-05-19T10:08:06.016+0000] {MathDag.py:47} INFO -   -> Crawl thành công, số block: 2
[2025-05-19T10:08:06.017+0000] {MathDag.py:45} INFO - Đang crawl link 31/64: https://loigiaihay.com/de-so-10-de-thi-vao-lop-10-mon-toan-c44a49472.html
[2025-05-19T10:08:18.554+0000] {MathDag.py:47} INFO -   -> Crawl thành công, số block: 2
[2025-05-19T10:08:18.555+0000] {MathDag.py:45} INFO - Đang crawl link 32/64: https://loigiaihay.com/de-so-11-de-thi-vao-lop-10-mon-toan-c44a49473.html
[2025-05-19T10:08:30.049+0000] {MathDag.py:47} INFO -   -> Crawl thành công, số block: 2
[2025-05-19T10:08:30.049+0000] {MathDag.py:45} INFO - Đang crawl link 33/64: https://loigiaihay.com/de-so-12-de-thi-vao-lop-10-mon-toan-c44a49474.html
[2025-05-19T10:08:40.867+0000] {MathDag.py:47} INFO -   -> Crawl thành công, số block: 2
[2025-05-19T10:08:40.868+0000] {MathDag.py:45} INFO - Đang crawl link 34/64: https://loigiaihay.com/de-so-13-de-thi-vao-lop-10-mon-toan-c44a49515.html
[2025-05-19T10:08:51.178+0000] {MathDag.py:47} INFO -   -> Crawl thành công, số block: 2
[2025-05-19T10:08:51.179+0000] {MathDag.py:45} INFO - Đang crawl link 35/64: https://loigiaihay.com/de-so-14-de-thi-vao-lop-10-mon-toan-c44a49529.html
[2025-05-19T10:09:03.132+0000] {MathDag.py:47} INFO -   -> Crawl thành công, số block: 2
[2025-05-19T10:09:03.133+0000] {MathDag.py:45} INFO - Đang crawl link 36/64: https://loigiaihay.com/de-so-15-de-thi-vao-lop-10-mon-toan-c44a49531.html
[2025-05-19T10:09:12.893+0000] {MathDag.py:47} INFO -   -> Crawl thành công, số block: 2
[2025-05-19T10:09:12.893+0000] {MathDag.py:45} INFO - Đang crawl link 37/64: https://loigiaihay.com/de-so-16-de-thi-vao-lop-10-mon-toan-c44a49533.html
[2025-05-19T10:09:23.763+0000] {MathDag.py:47} INFO -   -> Crawl thành công, số block: 2
[2025-05-19T10:09:23.764+0000] {MathDag.py:45} INFO - Đang crawl link 38/64: https://loigiaihay.com/de-so-17-de-thi-vao-lop-10-mon-toan-c44a49536.html
[2025-05-19T10:09:34.477+0000] {MathDag.py:47} INFO -   -> Crawl thành công, số block: 2
[2025-05-19T10:09:34.477+0000] {MathDag.py:45} INFO - Đang crawl link 39/64: https://loigiaihay.com/de-so-18-de-thi-vao-lop-10-mon-toan-c44a49538.html
[2025-05-19T10:09:44.341+0000] {MathDag.py:47} INFO -   -> Crawl thành công, số block: 2
[2025-05-19T10:09:44.341+0000] {MathDag.py:45} INFO - Đang crawl link 40/64: https://loigiaihay.com/de-so-19-de-thi-vao-lop-10-mon-toan-c44a49540.html
[2025-05-19T10:09:54.912+0000] {MathDag.py:47} INFO -   -> Crawl thành công, số block: 2
[2025-05-19T10:09:54.913+0000] {MathDag.py:45} INFO - Đang crawl link 41/64: https://loigiaihay.com/de-so-20-de-thi-vao-lop-10-mon-toan-c44a49541.html
[2025-05-19T10:10:04.603+0000] {MathDag.py:47} INFO -   -> Crawl thành công, số block: 2
[2025-05-19T10:10:04.603+0000] {MathDag.py:45} INFO - Đang crawl link 42/64: https://loigiaihay.com/de-so-21-de-thi-vao-lop-10-mon-toan-c44a49573.html
[2025-05-19T10:10:14.896+0000] {MathDag.py:47} INFO -   -> Crawl thành công, số block: 2
[2025-05-19T10:10:14.897+0000] {MathDag.py:45} INFO - Đang crawl link 43/64: https://loigiaihay.com/de-so-22-de-thi-vao-lop-10-mon-toan-c44a49582.html
[2025-05-19T10:10:26.266+0000] {MathDag.py:47} INFO -   -> Crawl thành công, số block: 2
[2025-05-19T10:10:26.267+0000] {MathDag.py:45} INFO - Đang crawl link 44/64: https://loigiaihay.com/de-so-23-de-thi-vao-lop-10-mon-toan-c44a49583.html
[2025-05-19T10:10:37.206+0000] {MathDag.py:47} INFO -   -> Crawl thành công, số block: 2
[2025-05-19T10:10:37.207+0000] {MathDag.py:45} INFO - Đang crawl link 45/64: https://loigiaihay.com/de-so-24-de-thi-vao-lop-10-mon-toan-c44a49585.html
[2025-05-19T10:10:47.676+0000] {MathDag.py:47} INFO -   -> Crawl thành công, số block: 2
[2025-05-19T10:10:47.676+0000] {MathDag.py:45} INFO - Đang crawl link 46/64: https://loigiaihay.com/de-so-25-de-thi-vao-lop-10-mon-toan-c44a49613.html
[2025-05-19T10:10:58.692+0000] {MathDag.py:47} INFO -   -> Crawl thành công, số block: 2
[2025-05-19T10:10:58.692+0000] {MathDag.py:45} INFO - Đang crawl link 47/64: https://loigiaihay.com/de-so-26-de-thi-vao-lop-10-mon-toan-c44a49614.html
[2025-05-19T10:11:08.983+0000] {MathDag.py:47} INFO -   -> Crawl thành công, số block: 2
[2025-05-19T10:11:08.983+0000] {MathDag.py:45} INFO - Đang crawl link 48/64: https://loigiaihay.com/de-so-27-de-thi-vao-lop-10-mon-toan-c44a49615.html
[2025-05-19T10:11:19.314+0000] {MathDag.py:47} INFO -   -> Crawl thành công, số block: 2
[2025-05-19T10:11:19.315+0000] {MathDag.py:45} INFO - Đang crawl link 49/64: https://loigiaihay.com/de-so-28-de-thi-vao-lop-10-mon-toan-c44a49616.html
[2025-05-19T10:11:29.782+0000] {MathDag.py:47} INFO -   -> Crawl thành công, số block: 2
[2025-05-19T10:11:29.782+0000] {MathDag.py:45} INFO - Đang crawl link 50/64: https://loigiaihay.com/de-so-29-de-thi-vao-lop-10-mon-toan-c44a49621.html
[2025-05-19T10:11:40.004+0000] {MathDag.py:47} INFO -   -> Crawl thành công, số block: 2
[2025-05-19T10:11:40.004+0000] {MathDag.py:45} INFO - Đang crawl link 51/64: https://loigiaihay.com/de-so-30-de-thi-vao-lop-10-mon-toan-c44a49629.html
[2025-05-19T10:11:50.826+0000] {MathDag.py:47} INFO -   -> Crawl thành công, số block: 2
[2025-05-19T10:11:50.826+0000] {MathDag.py:45} INFO - Đang crawl link 52/64: https://loigiaihay.com/de-so-31-de-thi-vao-lop-10-mon-toan-c44a49640.html
[2025-05-19T10:12:01.657+0000] {MathDag.py:47} INFO -   -> Crawl thành công, số block: 2
[2025-05-19T10:12:01.658+0000] {MathDag.py:45} INFO - Đang crawl link 53/64: https://loigiaihay.com/de-so-32-de-thi-vao-lop-10-mon-toan-c44a49639.html
[2025-05-19T10:12:13.160+0000] {MathDag.py:47} INFO -   -> Crawl thành công, số block: 2
[2025-05-19T10:12:13.162+0000] {MathDag.py:45} INFO - Đang crawl link 54/64: https://loigiaihay.com/de-so-33-de-thi-vao-lop-10-mon-toan-c44a49641.html
[2025-05-19T10:12:30.887+0000] {MathDag.py:47} INFO -   -> Crawl thành công, số block: 2
[2025-05-19T10:12:30.889+0000] {MathDag.py:45} INFO - Đang crawl link 55/64: https://loigiaihay.com/de-so-34-de-thi-vao-lop-10-mon-toan-c44a49643.html
[2025-05-19T10:12:41.956+0000] {MathDag.py:47} INFO -   -> Crawl thành công, số block: 2
[2025-05-19T10:12:41.957+0000] {MathDag.py:45} INFO - Đang crawl link 56/64: https://loigiaihay.com/de-so-35-de-thi-vao-lop-10-mon-toan-c44a49644.html
[2025-05-19T10:12:53.269+0000] {MathDag.py:47} INFO -   -> Crawl thành công, số block: 2
[2025-05-19T10:12:53.270+0000] {MathDag.py:45} INFO - Đang crawl link 57/64: https://loigiaihay.com/de-so-36-de-thi-vao-lop-10-mon-toan-c44a49645.html
[2025-05-19T10:13:06.629+0000] {MathDag.py:47} INFO -   -> Crawl thành công, số block: 2
[2025-05-19T10:13:06.631+0000] {MathDag.py:45} INFO - Đang crawl link 58/64: https://loigiaihay.com/de-so-37-de-thi-vao-lop-10-mon-toan-c44a49646.html
[2025-05-19T10:13:18.568+0000] {MathDag.py:47} INFO -   -> Crawl thành công, số block: 2
[2025-05-19T10:13:18.568+0000] {MathDag.py:45} INFO - Đang crawl link 59/64: https://loigiaihay.com/de-so-38-de-thi-vao-lop-10-mon-toan-c44a49647.html
[2025-05-19T10:13:29.238+0000] {MathDag.py:47} INFO -   -> Crawl thành công, số block: 2
[2025-05-19T10:13:29.238+0000] {MathDag.py:45} INFO - Đang crawl link 60/64: https://loigiaihay.com/de-so-39-de-thi-vao-lop-10-mon-toan-c44a49648.html
[2025-05-19T10:13:39.987+0000] {MathDag.py:47} INFO -   -> Crawl thành công, số block: 2
[2025-05-19T10:13:39.988+0000] {MathDag.py:45} INFO - Đang crawl link 61/64: https://loigiaihay.com/de-so-40-de-thi-vao-lop-10-mon-toan-c44a49649.html
[2025-05-19T10:13:50.474+0000] {MathDag.py:47} INFO -   -> Crawl thành công, số block: 2
[2025-05-19T10:13:50.474+0000] {MathDag.py:45} INFO - Đang crawl link 62/64: https://loigiaihay.com/de-so-41-de-thi-vao-lop-10-mon-toan-c44a49650.html
[2025-05-19T10:14:01.853+0000] {MathDag.py:47} INFO -   -> Crawl thành công, số block: 2
[2025-05-19T10:14:01.854+0000] {MathDag.py:45} INFO - Đang crawl link 63/64: https://loigiaihay.com/de-so-42-de-thi-vao-lop-10-mon-toan-c44a49651.html
[2025-05-19T10:14:12.277+0000] {MathDag.py:47} INFO -   -> Crawl thành công, số block: 2
[2025-05-19T10:14:12.278+0000] {MathDag.py:45} INFO - Đang crawl link 64/64: https://loigiaihay.com/de-so-43-de-thi-vao-lop-10-mon-toan-c44a49652.html
[2025-05-19T10:14:24.097+0000] {MathDag.py:47} INFO -   -> Crawl thành công, số block: 2
[2025-05-19T10:14:24.143+0000] {python.py:177} INFO - Done. Returned value was: None
[2025-05-19T10:14:24.155+0000] {taskinstance.py:1322} INFO - Marking task as SUCCESS. dag_id=math_crawler_pipeline, task_id=extract_problem_and_solution, execution_date=20250519T092332, start_date=20250519T095929, end_date=20250519T101424
[2025-05-19T10:14:24.204+0000] {local_task_job.py:159} INFO - Task exited with return code 0
[2025-05-19T10:14:24.363+0000] {taskinstance.py:2582} INFO - 2 downstream tasks scheduled from follow-on schedule check
