[2025-05-19T09:32:33.771+0000] {taskinstance.py:1087} INFO - Dependencies all met for <TaskInstance: math_crawler_pipeline.extract_problem_and_solution manual__2025-05-19T09:23:32.331846+00:00 [queued]>
[2025-05-19T09:32:33.779+0000] {taskinstance.py:1087} INFO - Dependencies all met for <TaskInstance: math_crawler_pipeline.extract_problem_and_solution manual__2025-05-19T09:23:32.331846+00:00 [queued]>
[2025-05-19T09:32:33.780+0000] {taskinstance.py:1283} INFO - 
--------------------------------------------------------------------------------
[2025-05-19T09:32:33.780+0000] {taskinstance.py:1284} INFO - Starting attempt 2 of 3
[2025-05-19T09:32:33.780+0000] {taskinstance.py:1285} INFO - 
--------------------------------------------------------------------------------
[2025-05-19T09:32:33.790+0000] {taskinstance.py:1304} INFO - Executing <Task(PythonOperator): extract_problem_and_solution> on 2025-05-19 09:23:32.331846+00:00
[2025-05-19T09:32:33.794+0000] {standard_task_runner.py:55} INFO - Started process 182 to run task
[2025-05-19T09:32:33.797+0000] {standard_task_runner.py:82} INFO - Running: ['***', 'tasks', 'run', 'math_crawler_pipeline', 'extract_problem_and_solution', 'manual__2025-05-19T09:23:32.331846+00:00', '--job-id', '46', '--raw', '--subdir', 'DAGS_FOLDER/MathDag.py', '--cfg-path', '/tmp/tmp79iwuraz']
[2025-05-19T09:32:33.799+0000] {standard_task_runner.py:83} INFO - Job 46: Subtask extract_problem_and_solution
[2025-05-19T09:32:33.862+0000] {task_command.py:389} INFO - Running <TaskInstance: math_crawler_pipeline.extract_problem_and_solution manual__2025-05-19T09:23:32.331846+00:00 [running]> on host 23e48ed0cd15
[2025-05-19T09:32:33.916+0000] {taskinstance.py:1511} INFO - Exporting the following env vars:
AIRFLOW_CTX_DAG_OWNER=***
AIRFLOW_CTX_DAG_ID=math_crawler_pipeline
AIRFLOW_CTX_TASK_ID=extract_problem_and_solution
AIRFLOW_CTX_EXECUTION_DATE=2025-05-19T09:23:32.331846+00:00
AIRFLOW_CTX_TRY_NUMBER=2
AIRFLOW_CTX_DAG_RUN_ID=manual__2025-05-19T09:23:32.331846+00:00
[2025-05-19T09:32:33.925+0000] {MathDag.py:45} INFO - Đang crawl link 1/64: https://loigiaihay.com/de-tham-khao-thi-vao-10-toan-ha-noi-nam-2025-co-dap-an-va-loi-giai-chi-tiet-a179519.html
[2025-05-19T09:33:15.471+0000] {MathDag.py:47} INFO -   -> Crawl thành công, số block: 195
[2025-05-19T09:33:15.473+0000] {MathDag.py:45} INFO - Đang crawl link 2/64: https://loigiaihay.com/de-tham-khao-thi-vao-10-toan-ha-noi-nam-2025-co-dap-an-va-loi-giai-chi-tiet-de-2-a179539.html
[2025-05-19T09:33:55.487+0000] {MathDag.py:47} INFO -   -> Crawl thành công, số block: 208
[2025-05-19T09:33:55.495+0000] {MathDag.py:45} INFO - Đang crawl link 3/64: https://loigiaihay.com/de-tham-khao-thi-vao-10-toan-ha-noi-nam-2025-co-dap-an-va-loi-giai-chi-tiet-de-3-a181097.html
[2025-05-19T09:34:29.597+0000] {MathDag.py:47} INFO -   -> Crawl thành công, số block: 217
[2025-05-19T09:34:29.598+0000] {MathDag.py:45} INFO - Đang crawl link 4/64: https://loigiaihay.com/de-tham-khao-thi-vao-10-mon-toan-ha-noi-nam-2025-de-so-4-a181870.html
[2025-05-19T09:35:18.594+0000] {MathDag.py:47} INFO -   -> Crawl thành công, số block: 188
[2025-05-19T09:35:18.597+0000] {MathDag.py:45} INFO - Đang crawl link 5/64: https://loigiaihay.com/de-tham-khao-thi-vao-10-mon-toan-ha-noi-nam-2025-de-so-5-a182059.html
[2025-05-19T09:35:58.271+0000] {MathDag.py:47} INFO -   -> Crawl thành công, số block: 212
[2025-05-19T09:35:58.272+0000] {MathDag.py:45} INFO - Đang crawl link 6/64: https://loigiaihay.com/de-tham-khao-thi-vao-10-mon-toan-ha-noi-nam-2025-de-so-6-a182290.html
[2025-05-19T09:36:46.708+0000] {MathDag.py:47} INFO -   -> Crawl thành công, số block: 186
[2025-05-19T09:36:46.709+0000] {MathDag.py:45} INFO - Đang crawl link 7/64: https://loigiaihay.com/de-tham-khao-thi-vao-10-mon-toan-ha-noi-nam-2025-de-so-7-a182562.html
[2025-05-19T09:37:22.956+0000] {MathDag.py:47} INFO -   -> Crawl thành công, số block: 170
[2025-05-19T09:37:22.957+0000] {MathDag.py:45} INFO - Đang crawl link 8/64: https://loigiaihay.com/de-tham-khao-thi-vao-10-mon-toan-ha-noi-nam-2025-de-so-8-a183073.html
[2025-05-19T09:38:11.422+0000] {MathDag.py:47} INFO -   -> Crawl thành công, số block: 171
[2025-05-19T09:38:11.423+0000] {MathDag.py:45} INFO - Đang crawl link 9/64: https://loigiaihay.com/de-tham-khao-thi-vao-10-mon-toan-ha-noi-nam-2025-de-so-9-a183564.html
[2025-05-19T09:38:49.533+0000] {MathDag.py:47} INFO -   -> Crawl thành công, số block: 170
[2025-05-19T09:38:49.534+0000] {MathDag.py:45} INFO - Đang crawl link 10/64: https://loigiaihay.com/de-tham-khao-thi-vao-10-mon-toan-ha-noi-nam-2025-de-so-10-a183809.html
