[2025-05-19T08:12:58.538+0000] {taskinstance.py:1087} INFO - Dependencies all met for <TaskInstance: math_crawler_pipeline.extract_problem_and_solution manual__2025-05-19T08:12:55.215704+00:00 [queued]>
[2025-05-19T08:12:58.546+0000] {taskinstance.py:1087} INFO - Dependencies all met for <TaskInstance: math_crawler_pipeline.extract_problem_and_solution manual__2025-05-19T08:12:55.215704+00:00 [queued]>
[2025-05-19T08:12:58.546+0000] {taskinstance.py:1283} INFO - 
--------------------------------------------------------------------------------
[2025-05-19T08:12:58.547+0000] {taskinstance.py:1284} INFO - Starting attempt 1 of 3
[2025-05-19T08:12:58.547+0000] {taskinstance.py:1285} INFO - 
--------------------------------------------------------------------------------
[2025-05-19T08:12:58.558+0000] {taskinstance.py:1304} INFO - Executing <Task(PythonOperator): extract_problem_and_solution> on 2025-05-19 08:12:55.215704+00:00
[2025-05-19T08:12:58.564+0000] {standard_task_runner.py:55} INFO - Started process 1370 to run task
[2025-05-19T08:12:58.567+0000] {standard_task_runner.py:82} INFO - Running: ['***', 'tasks', 'run', 'math_crawler_pipeline', 'extract_problem_and_solution', 'manual__2025-05-19T08:12:55.215704+00:00', '--job-id', '20', '--raw', '--subdir', 'DAGS_FOLDER/MathDag.py', '--cfg-path', '/tmp/tmp_0q5lx48']
[2025-05-19T08:12:58.570+0000] {standard_task_runner.py:83} INFO - Job 20: Subtask extract_problem_and_solution
[2025-05-19T08:12:58.620+0000] {task_command.py:389} INFO - Running <TaskInstance: math_crawler_pipeline.extract_problem_and_solution manual__2025-05-19T08:12:55.215704+00:00 [running]> on host 23e48ed0cd15
[2025-05-19T08:12:58.667+0000] {taskinstance.py:1511} INFO - Exporting the following env vars:
AIRFLOW_CTX_DAG_OWNER=***
AIRFLOW_CTX_DAG_ID=math_crawler_pipeline
AIRFLOW_CTX_TASK_ID=extract_problem_and_solution
AIRFLOW_CTX_EXECUTION_DATE=2025-05-19T08:12:55.215704+00:00
AIRFLOW_CTX_TRY_NUMBER=1
AIRFLOW_CTX_DAG_RUN_ID=manual__2025-05-19T08:12:55.215704+00:00
[2025-05-19T08:12:58.688+0000] {python.py:177} INFO - Done. Returned value was: None
[2025-05-19T08:12:58.695+0000] {taskinstance.py:1322} INFO - Marking task as SUCCESS. dag_id=math_crawler_pipeline, task_id=extract_problem_and_solution, execution_date=20250519T081255, start_date=20250519T081258, end_date=20250519T081258
[2025-05-19T08:12:58.746+0000] {local_task_job.py:159} INFO - Task exited with return code 0
[2025-05-19T08:12:58.764+0000] {taskinstance.py:2582} INFO - 2 downstream tasks scheduled from follow-on schedule check
