[2025-05-19T08:54:48.592+0000] {taskinstance.py:1087} INFO - Dependencies all met for <TaskInstance: math_crawler_pipeline.generate_pdf manual__2025-05-19T08:42:59.392561+00:00 [queued]>
[2025-05-19T08:54:48.605+0000] {taskinstance.py:1087} INFO - Dependencies all met for <TaskInstance: math_crawler_pipeline.generate_pdf manual__2025-05-19T08:42:59.392561+00:00 [queued]>
[2025-05-19T08:54:48.606+0000] {taskinstance.py:1283} INFO - 
--------------------------------------------------------------------------------
[2025-05-19T08:54:48.607+0000] {taskinstance.py:1284} INFO - Starting attempt 1 of 3
[2025-05-19T08:54:48.608+0000] {taskinstance.py:1285} INFO - 
--------------------------------------------------------------------------------
[2025-05-19T08:54:48.620+0000] {taskinstance.py:1304} INFO - Executing <Task(PythonOperator): generate_pdf> on 2025-05-19 08:42:59.392561+00:00
[2025-05-19T08:54:48.626+0000] {standard_task_runner.py:55} INFO - Started process 2436 to run task
[2025-05-19T08:54:48.630+0000] {standard_task_runner.py:82} INFO - Running: ['***', 'tasks', 'run', 'math_crawler_pipeline', 'generate_pdf', 'manual__2025-05-19T08:42:59.392561+00:00', '--job-id', '41', '--raw', '--subdir', 'DAGS_FOLDER/MathDag.py', '--cfg-path', '/tmp/tmp_p_jm230']
[2025-05-19T08:54:48.632+0000] {standard_task_runner.py:83} INFO - Job 41: Subtask generate_pdf
[2025-05-19T08:54:48.687+0000] {task_command.py:389} INFO - Running <TaskInstance: math_crawler_pipeline.generate_pdf manual__2025-05-19T08:42:59.392561+00:00 [running]> on host 23e48ed0cd15
[2025-05-19T08:54:48.755+0000] {taskinstance.py:1511} INFO - Exporting the following env vars:
AIRFLOW_CTX_DAG_OWNER=***
AIRFLOW_CTX_DAG_ID=math_crawler_pipeline
AIRFLOW_CTX_TASK_ID=generate_pdf
AIRFLOW_CTX_EXECUTION_DATE=2025-05-19T08:42:59.392561+00:00
AIRFLOW_CTX_TRY_NUMBER=1
AIRFLOW_CTX_DAG_RUN_ID=manual__2025-05-19T08:42:59.392561+00:00
[2025-05-19T09:07:43.398+0000] {__init__.py:3337} INFO - maxp pruned
[2025-05-19T09:07:43.399+0000] {__init__.py:3337} INFO - cmap pruned
[2025-05-19T09:07:43.400+0000] {__init__.py:3321} INFO - kern dropped
[2025-05-19T09:07:43.400+0000] {__init__.py:3337} INFO - post pruned
[2025-05-19T09:07:43.402+0000] {__init__.py:3321} INFO - FFTM dropped
[2025-05-19T09:07:43.402+0000] {__init__.py:3321} INFO - MATH dropped
[2025-05-19T09:07:43.402+0000] {__init__.py:3321} INFO - GDEF dropped
[2025-05-19T09:07:43.403+0000] {__init__.py:3321} INFO - GPOS dropped
[2025-05-19T09:07:43.403+0000] {__init__.py:3321} INFO - GSUB dropped
[2025-05-19T09:07:43.403+0000] {__init__.py:3337} INFO - glyf pruned
[2025-05-19T09:07:43.404+0000] {__init__.py:3377} INFO - Added gid0 to subset
[2025-05-19T09:07:43.404+0000] {__init__.py:3385} INFO - Added first four glyphs to subset
[2025-05-19T09:07:43.404+0000] {__init__.py:3450} INFO - Closing glyph list over 'glyf': 130 glyphs before
[2025-05-19T09:07:43.404+0000] {__init__.py:457} INFO - Glyph names: ['.notdef', '.null', 'A', 'Aacute', 'B', 'C', 'D', 'Dcroat', 'E', 'F', 'G', 'H', 'I', 'K', 'L', 'M', 'N', 'O', 'P', 'Q', 'R', 'S', 'T', 'V', 'X', 'a', 'aacute', 'abreve', 'acircumflex', 'acutecomb', 'agrave', 'atilde', 'b', 'c', 'colon', 'comma', 'd', 'dcroat', 'dotbelowcomb', 'e', 'eacute', 'ecircumflex', 'egrave', 'endash', 'equal', 'five', 'four', 'g', 'gravecomb', 'greater', 'h', 'hookabovecomb', 'hyphen', 'i', 'iacute', 'igrave', 'k', 'l', 'm', 'n', 'nine', 'nonmarkingreturn', 'o', 'oacute', 'ocircumflex', 'ograve', 'ohorn', 'one', 'p', 'parenleft', 'parenright', 'period', 'plus', 'q', 'question', 'quotedblleft', 'quotedblright', 'r', 's', 'semicolon', 'six', 'space', 't', 'three', 'two', 'u', 'uacute', 'ugrave', 'uhorn', 'uni1EA1', 'uni1EA3', 'uni1EA5', 'uni1EA7', 'uni1EAB', 'uni1EAD', 'uni1EAF', 'uni1EB1', 'uni1EB3', 'uni1EB7', 'uni1EBB', 'uni1EBF', 'uni1EC1', 'uni1EC3', 'uni1EC5', 'uni1EC7', 'uni1EC9', 'uni1ECB', 'uni1ECD', 'uni1ECF', 'uni1ED1', 'uni1ED3', 'uni1ED5', 'uni1ED7', 'uni1ED9', 'uni1EDB', 'uni1EDD', 'uni1EDF', 'uni1EE3', 'uni1EE5', 'uni1EE7', 'uni1EE9', 'uni1EEB', 'uni1EED', 'uni1EEF', 'uni1EF1', 'v', 'x', 'y', 'yacute', 'zero']
[2025-05-19T09:07:43.405+0000] {__init__.py:460} INFO - Glyph IDs:   [0, 1, 2, 3, 11, 12, 14, 15, 16, 17, 19, 20, 21, 22, 23, 24, 25, 28, 29, 30, 32, 33, 34, 36, 37, 38, 39, 40, 41, 42, 43, 44, 46, 47, 48, 49, 50, 51, 52, 53, 54, 55, 57, 59, 68, 69, 70, 71, 72, 74, 75, 76, 78, 79, 80, 81, 82, 83, 84, 85, 86, 87, 88, 89, 91, 92, 131, 162, 163, 164, 165, 170, 171, 172, 174, 175, 180, 181, 182, 187, 188, 191, 197, 210, 211, 355, 370, 689, 690, 698, 724, 2463, 2465, 2467, 2469, 2473, 2475, 2477, 2479, 2481, 2485, 2489, 2493, 2495, 2497, 2499, 2501, 2503, 2505, 2507, 2509, 2511, 2513, 2515, 2517, 2519, 2521, 2523, 2525, 2529, 2531, 2533, 2535, 2537, 2539, 2541, 2543, 2806, 2815, 2816]
[2025-05-19T09:07:43.406+0000] {__init__.py:3456} INFO - Closed glyph list over 'glyf': 151 glyphs after
[2025-05-19T09:07:43.406+0000] {__init__.py:457} INFO - Glyph names: ['.notdef', '.null', 'A', 'Aacute', 'Acute', 'B', 'Breve', 'C', 'Circumflex', 'D', 'Dcroat', 'E', 'Eth', 'F', 'G', 'Grave', 'H', 'I', 'K', 'L', 'M', 'N', 'O', 'P', 'Q', 'R', 'S', 'T', 'Tilde', 'V', 'X', 'a', 'aacute', 'abreve', 'acircumflex', 'acute', 'acutecomb', 'agrave', 'atilde', 'b', 'breve', 'c', 'circumflex', 'colon', 'comma', 'd', 'dcroat', 'dotbelowcomb', 'dotlessi', 'e', 'eacute', 'ecircumflex', 'egrave', 'endash', 'equal', 'five', 'four', 'g', 'grave', 'gravecomb', 'greater', 'h', 'hookabovecomb', 'hyphen', 'i', 'iacute', 'igrave', 'k', 'l', 'm', 'n', 'nine', 'nonmarkingreturn', 'o', 'oacute', 'ocircumflex', 'ograve', 'ohorn', 'one', 'p', 'parenleft', 'parenright', 'period', 'plus', 'q', 'question', 'quotedblleft', 'quotedblright', 'r', 's', 'semicolon', 'six', 'space', 't', 'three', 'tilde', 'two', 'u', 'uacute', 'ugrave', 'uhorn', 'uni03020300', 'uni03020301', 'uni03020303', 'uni03020309', 'uni03060300', 'uni03060301', 'uni03060309', 'uni031B', 'uni1EA1', 'uni1EA3', 'uni1EA5', 'uni1EA7', 'uni1EAB', 'uni1EAD', 'uni1EAF', 'uni1EB1', 'uni1EB3', 'uni1EB7', 'uni1EB9', 'uni1EBB', 'uni1EBF', 'uni1EC1', 'uni1EC3', 'uni1EC5', 'uni1EC7', 'uni1EC9', 'uni1ECB', 'uni1ECD', 'uni1ECF', 'uni1ED1', 'uni1ED3', 'uni1ED5', 'uni1ED7', 'uni1ED9', 'uni1EDB', 'uni1EDD', 'uni1EDF', 'uni1EE3', 'uni1EE5', 'uni1EE7', 'uni1EE9', 'uni1EEB', 'uni1EED', 'uni1EEF', 'uni1EF1', 'v', 'x', 'y', 'yacute', 'zero']
[2025-05-19T09:07:43.406+0000] {__init__.py:460} INFO - Glyph IDs:   [0, 1, 2, 3, 11, 12, 14, 15, 16, 17, 19, 20, 21, 22, 23, 24, 25, 28, 29, 30, 32, 33, 34, 36, 37, 38, 39, 40, 41, 42, 43, 44, 46, 47, 48, 49, 50, 51, 52, 53, 54, 55, 57, 59, 67, 68, 69, 70, 71, 72, 74, 75, 76, 78, 79, 80, 81, 82, 83, 84, 85, 86, 87, 88, 89, 91, 92, 118, 131, 146, 162, 163, 164, 165, 170, 171, 172, 174, 175, 180, 181, 182, 187, 188, 191, 197, 210, 211, 243, 355, 370, 648, 666, 670, 689, 690, 698, 716, 724, 2463, 2465, 2467, 2469, 2473, 2475, 2477, 2479, 2481, 2485, 2487, 2489, 2493, 2495, 2497, 2499, 2501, 2503, 2505, 2507, 2509, 2511, 2513, 2515, 2517, 2519, 2521, 2523, 2525, 2529, 2531, 2533, 2535, 2537, 2539, 2541, 2543, 2806, 2815, 2816, 5923, 5924, 5925, 5926, 5929, 5985, 5986, 5987, 5989, 5990, 5991, 5992]
[2025-05-19T09:07:43.407+0000] {__init__.py:3509} INFO - Retaining 151 glyphs
[2025-05-19T09:07:43.407+0000] {__init__.py:3519} INFO - head subsetting not needed
[2025-05-19T09:07:43.407+0000] {__init__.py:3519} INFO - hhea subsetting not needed
[2025-05-19T09:07:43.408+0000] {__init__.py:3519} INFO - maxp subsetting not needed
[2025-05-19T09:07:43.408+0000] {__init__.py:3519} INFO - OS/2 subsetting not needed
[2025-05-19T09:07:43.408+0000] {__init__.py:3530} INFO - hmtx subsetted
[2025-05-19T09:07:43.410+0000] {__init__.py:3530} INFO - cmap subsetted
[2025-05-19T09:07:43.410+0000] {__init__.py:3519} INFO - fpgm subsetting not needed
[2025-05-19T09:07:43.410+0000] {__init__.py:3519} INFO - prep subsetting not needed
[2025-05-19T09:07:43.410+0000] {__init__.py:3519} INFO - cvt  subsetting not needed
[2025-05-19T09:07:43.411+0000] {__init__.py:3519} INFO - loca subsetting not needed
[2025-05-19T09:07:43.411+0000] {__init__.py:3530} INFO - post subsetted
[2025-05-19T09:07:43.411+0000] {__init__.py:3519} INFO - gasp subsetting not needed
[2025-05-19T09:07:43.411+0000] {__init__.py:3519} INFO - name subsetting not needed
[2025-05-19T09:07:43.413+0000] {__init__.py:3530} INFO - glyf subsetted
[2025-05-19T09:07:43.413+0000] {__init__.py:3589} INFO - head pruned
[2025-05-19T09:07:43.414+0000] {__init__.py:3556} INFO - OS/2 Unicode ranges pruned: [0, 1, 2, 3, 6, 29, 31]
[2025-05-19T09:07:43.414+0000] {__init__.py:3565} INFO - OS/2 CodePage ranges pruned: [0]
[2025-05-19T09:07:43.415+0000] {__init__.py:3589} INFO - glyf pruned
[2025-05-19T09:07:43.416+0000] {__init__.py:3589} INFO - name pruned
[2025-05-19T09:07:43.430+0000] {__init__.py:3337} INFO - maxp pruned
[2025-05-19T09:07:43.430+0000] {__init__.py:3337} INFO - cmap pruned
[2025-05-19T09:07:43.431+0000] {__init__.py:3321} INFO - kern dropped
[2025-05-19T09:07:43.431+0000] {__init__.py:3337} INFO - post pruned
[2025-05-19T09:07:43.431+0000] {__init__.py:3321} INFO - FFTM dropped
[2025-05-19T09:07:43.431+0000] {__init__.py:3321} INFO - GDEF dropped
[2025-05-19T09:07:43.431+0000] {__init__.py:3321} INFO - GPOS dropped
[2025-05-19T09:07:43.431+0000] {__init__.py:3321} INFO - GSUB dropped
[2025-05-19T09:07:43.432+0000] {__init__.py:3337} INFO - glyf pruned
[2025-05-19T09:07:43.432+0000] {__init__.py:3377} INFO - Added gid0 to subset
[2025-05-19T09:07:43.433+0000] {__init__.py:3385} INFO - Added first four glyphs to subset
[2025-05-19T09:07:43.433+0000] {__init__.py:3450} INFO - Closing glyph list over 'glyf': 13 glyphs before
[2025-05-19T09:07:43.433+0000] {__init__.py:457} INFO - Glyph names: ['.notdef', '.null', 'Agrave', 'B', 'Dcroat', 'G', 'I', 'L', 'nonmarkingreturn', 'space', 'uni1EA2', 'uni1EC0', 'uni1EDC']
[2025-05-19T09:07:43.433+0000] {__init__.py:460} INFO - Glyph IDs:   [0, 1, 2, 3, 37, 42, 44, 47, 130, 210, 2464, 2494, 2522]
[2025-05-19T09:07:43.433+0000] {__init__.py:3456} INFO - Closed glyph list over 'glyf': 23 glyphs after
[2025-05-19T09:07:43.433+0000] {__init__.py:457} INFO - Glyph names: ['.notdef', '.null', 'A', 'Agrave', 'B', 'Circumflex', 'Dcroat', 'E', 'Eth', 'G', 'Grave', 'I', 'L', 'O', 'Ohorn', 'hookabovecomb', 'nonmarkingreturn', 'space', 'uni03020300', 'uni031B', 'uni1EA2', 'uni1EC0', 'uni1EDC']
[2025-05-19T09:07:43.434+0000] {__init__.py:460} INFO - Glyph IDs:   [0, 1, 2, 3, 36, 37, 40, 42, 44, 47, 50, 130, 146, 210, 354, 698, 716, 2464, 2494, 2522, 5905, 5906, 5966]
[2025-05-19T09:07:43.434+0000] {__init__.py:3509} INFO - Retaining 23 glyphs
[2025-05-19T09:07:43.434+0000] {__init__.py:3519} INFO - head subsetting not needed
[2025-05-19T09:07:43.435+0000] {__init__.py:3519} INFO - hhea subsetting not needed
[2025-05-19T09:07:43.435+0000] {__init__.py:3519} INFO - maxp subsetting not needed
[2025-05-19T09:07:43.435+0000] {__init__.py:3519} INFO - OS/2 subsetting not needed
[2025-05-19T09:07:43.435+0000] {__init__.py:3530} INFO - hmtx subsetted
[2025-05-19T09:07:43.437+0000] {__init__.py:3530} INFO - cmap subsetted
[2025-05-19T09:07:43.437+0000] {__init__.py:3519} INFO - fpgm subsetting not needed
[2025-05-19T09:07:43.437+0000] {__init__.py:3519} INFO - prep subsetting not needed
[2025-05-19T09:07:43.438+0000] {__init__.py:3519} INFO - cvt  subsetting not needed
[2025-05-19T09:07:43.438+0000] {__init__.py:3519} INFO - loca subsetting not needed
[2025-05-19T09:07:43.438+0000] {__init__.py:3530} INFO - post subsetted
[2025-05-19T09:07:43.438+0000] {__init__.py:3519} INFO - gasp subsetting not needed
[2025-05-19T09:07:43.438+0000] {__init__.py:3519} INFO - name subsetting not needed
[2025-05-19T09:07:43.439+0000] {__init__.py:3530} INFO - glyf subsetted
[2025-05-19T09:07:43.440+0000] {__init__.py:3589} INFO - head pruned
[2025-05-19T09:07:43.440+0000] {__init__.py:3556} INFO - OS/2 Unicode ranges pruned: [0, 1, 2, 29]
[2025-05-19T09:07:43.440+0000] {__init__.py:3565} INFO - OS/2 CodePage ranges pruned: [0]
[2025-05-19T09:07:43.441+0000] {__init__.py:3589} INFO - glyf pruned
[2025-05-19T09:07:43.441+0000] {__init__.py:3589} INFO - name pruned
[2025-05-19T09:07:43.446+0000] {__init__.py:3337} INFO - maxp pruned
[2025-05-19T09:07:43.446+0000] {__init__.py:3337} INFO - cmap pruned
[2025-05-19T09:07:43.447+0000] {__init__.py:3321} INFO - kern dropped
[2025-05-19T09:07:43.447+0000] {__init__.py:3337} INFO - post pruned
[2025-05-19T09:07:43.447+0000] {__init__.py:3321} INFO - FFTM dropped
[2025-05-19T09:07:43.447+0000] {__init__.py:3321} INFO - GDEF dropped
[2025-05-19T09:07:43.447+0000] {__init__.py:3321} INFO - GPOS dropped
[2025-05-19T09:07:43.447+0000] {__init__.py:3321} INFO - GSUB dropped
[2025-05-19T09:07:43.448+0000] {__init__.py:3337} INFO - glyf pruned
[2025-05-19T09:07:43.448+0000] {__init__.py:3377} INFO - Added gid0 to subset
[2025-05-19T09:07:43.448+0000] {__init__.py:3385} INFO - Added first four glyphs to subset
[2025-05-19T09:07:43.448+0000] {__init__.py:3450} INFO - Closing glyph list over 'glyf': 81 glyphs before
[2025-05-19T09:07:43.449+0000] {__init__.py:457} INFO - Glyph names: ['.notdef', '.null', 'A', 'B', 'C', 'D', 'E', 'F', 'I', 'J', 'K', 'L', 'M', 'N', 'O', 'P', 'Q', 'R', 'S', 'T', 'V', 'X', 'a', 'asciicircum', 'asciitilde', 'b', 'backslash', 'braceleft', 'braceright', 'bracketleft', 'bracketright', 'c', 'colon', 'comma', 'd', 'dollar', 'e', 'eight', 'equal', 'f', 'five', 'four', 'g', 'greater', 'h', 'hyphen', 'i', 'k', 'l', 'less', 'm', 'n', 'nine', 'nonmarkingreturn', 'o', 'one', 'p', 'parenleft', 'parenright', 'percent', 'period', 'plus', 'q', 'r', 's', 'semicolon', 'seven', 'six', 'slash', 'space', 't', 'three', 'two', 'u', 'underscore', 'uni1ED7', 'v', 'w', 'x', 'y', 'zero']
[2025-05-19T09:07:43.449+0000] {__init__.py:460} INFO - Glyph IDs:   [0, 1, 2, 3, 7, 8, 11, 12, 14, 15, 16, 17, 18, 19, 20, 21, 22, 23, 24, 25, 26, 27, 28, 29, 30, 31, 32, 33, 36, 37, 38, 39, 40, 41, 44, 45, 46, 47, 48, 49, 50, 51, 52, 53, 54, 55, 57, 59, 62, 63, 64, 65, 66, 68, 69, 70, 71, 72, 73, 74, 75, 76, 78, 79, 80, 81, 82, 83, 84, 85, 86, 87, 88, 89, 90, 91, 92, 94, 96, 97, 2269]
[2025-05-19T09:07:43.449+0000] {__init__.py:3456} INFO - Closed glyph list over 'glyf': 84 glyphs after
[2025-05-19T09:07:43.449+0000] {__init__.py:457} INFO - Glyph names: ['.notdef', '.null', 'A', 'B', 'C', 'Circumflex', 'D', 'E', 'F', 'I', 'J', 'K', 'L', 'M', 'N', 'O', 'P', 'Q', 'R', 'S', 'T', 'Tilde', 'V', 'X', 'a', 'asciicircum', 'asciitilde', 'b', 'backslash', 'braceleft', 'braceright', 'bracketleft', 'bracketright', 'c', 'colon', 'comma', 'd', 'dollar', 'e', 'eight', 'equal', 'f', 'five', 'four', 'g', 'greater', 'h', 'hyphen', 'i', 'k', 'l', 'less', 'm', 'n', 'nine', 'nonmarkingreturn', 'o', 'one', 'p', 'parenleft', 'parenright', 'percent', 'period', 'plus', 'q', 'r', 's', 'semicolon', 'seven', 'six', 'slash', 'space', 't', 'three', 'two', 'u', 'underscore', 'uni03020303', 'uni1ED7', 'v', 'w', 'x', 'y', 'zero']
[2025-05-19T09:07:43.450+0000] {__init__.py:460} INFO - Glyph IDs:   [0, 1, 2, 3, 7, 8, 11, 12, 14, 15, 16, 17, 18, 19, 20, 21, 22, 23, 24, 25, 26, 27, 28, 29, 30, 31, 32, 33, 36, 37, 38, 39, 40, 41, 44, 45, 46, 47, 48, 49, 50, 51, 52, 53, 54, 55, 57, 59, 62, 63, 64, 65, 66, 68, 69, 70, 71, 72, 73, 74, 75, 76, 78, 79, 80, 81, 82, 83, 84, 85, 86, 87, 88, 89, 90, 91, 92, 94, 96, 97, 2269, 5289, 5291, 5315]
[2025-05-19T09:07:43.450+0000] {__init__.py:3509} INFO - Retaining 84 glyphs
[2025-05-19T09:07:43.451+0000] {__init__.py:3519} INFO - head subsetting not needed
[2025-05-19T09:07:43.451+0000] {__init__.py:3519} INFO - hhea subsetting not needed
[2025-05-19T09:07:43.451+0000] {__init__.py:3519} INFO - maxp subsetting not needed
[2025-05-19T09:07:43.451+0000] {__init__.py:3519} INFO - OS/2 subsetting not needed
[2025-05-19T09:07:43.451+0000] {__init__.py:3530} INFO - hmtx subsetted
[2025-05-19T09:07:43.453+0000] {__init__.py:3530} INFO - cmap subsetted
[2025-05-19T09:07:43.453+0000] {__init__.py:3519} INFO - fpgm subsetting not needed
[2025-05-19T09:07:43.453+0000] {__init__.py:3519} INFO - prep subsetting not needed
[2025-05-19T09:07:43.454+0000] {__init__.py:3519} INFO - cvt  subsetting not needed
[2025-05-19T09:07:43.454+0000] {__init__.py:3519} INFO - loca subsetting not needed
[2025-05-19T09:07:43.454+0000] {__init__.py:3530} INFO - post subsetted
[2025-05-19T09:07:43.454+0000] {__init__.py:3519} INFO - gasp subsetting not needed
[2025-05-19T09:07:43.454+0000] {__init__.py:3519} INFO - name subsetting not needed
[2025-05-19T09:07:43.456+0000] {__init__.py:3530} INFO - glyf subsetted
[2025-05-19T09:07:43.456+0000] {__init__.py:3589} INFO - head pruned
[2025-05-19T09:07:43.456+0000] {__init__.py:3556} INFO - OS/2 Unicode ranges pruned: [0, 29]
[2025-05-19T09:07:43.457+0000] {__init__.py:3565} INFO - OS/2 CodePage ranges pruned: [0]
[2025-05-19T09:07:43.457+0000] {__init__.py:3589} INFO - glyf pruned
[2025-05-19T09:07:43.458+0000] {__init__.py:3589} INFO - name pruned
[2025-05-19T09:07:43.470+0000] {__init__.py:3337} INFO - maxp pruned
[2025-05-19T09:07:43.470+0000] {__init__.py:3337} INFO - cmap pruned
[2025-05-19T09:07:43.471+0000] {__init__.py:3321} INFO - kern dropped
[2025-05-19T09:07:43.471+0000] {__init__.py:3337} INFO - post pruned
[2025-05-19T09:07:43.471+0000] {__init__.py:3321} INFO - FFTM dropped
[2025-05-19T09:07:43.471+0000] {__init__.py:3321} INFO - GDEF dropped
[2025-05-19T09:07:43.471+0000] {__init__.py:3321} INFO - GPOS dropped
[2025-05-19T09:07:43.471+0000] {__init__.py:3321} INFO - GSUB dropped
[2025-05-19T09:07:43.471+0000] {__init__.py:3337} INFO - glyf pruned
[2025-05-19T09:07:43.472+0000] {__init__.py:3377} INFO - Added gid0 to subset
[2025-05-19T09:07:43.472+0000] {__init__.py:3385} INFO - Added first four glyphs to subset
[2025-05-19T09:07:43.473+0000] {__init__.py:3450} INFO - Closing glyph list over 'glyf': 4 glyphs before
[2025-05-19T09:07:43.473+0000] {__init__.py:457} INFO - Glyph names: ['.notdef', '.null', 'nonmarkingreturn', 'space']
[2025-05-19T09:07:43.473+0000] {__init__.py:460} INFO - Glyph IDs:   [0, 1, 2, 3]
[2025-05-19T09:07:43.473+0000] {__init__.py:3456} INFO - Closed glyph list over 'glyf': 4 glyphs after
[2025-05-19T09:07:43.473+0000] {__init__.py:457} INFO - Glyph names: ['.notdef', '.null', 'nonmarkingreturn', 'space']
[2025-05-19T09:07:43.473+0000] {__init__.py:460} INFO - Glyph IDs:   [0, 1, 2, 3]
[2025-05-19T09:07:43.474+0000] {__init__.py:3509} INFO - Retaining 4 glyphs
[2025-05-19T09:07:43.474+0000] {__init__.py:3519} INFO - head subsetting not needed
[2025-05-19T09:07:43.474+0000] {__init__.py:3519} INFO - hhea subsetting not needed
[2025-05-19T09:07:43.475+0000] {__init__.py:3519} INFO - maxp subsetting not needed
[2025-05-19T09:07:43.475+0000] {__init__.py:3519} INFO - OS/2 subsetting not needed
[2025-05-19T09:07:43.475+0000] {__init__.py:3530} INFO - hmtx subsetted
[2025-05-19T09:07:43.477+0000] {__init__.py:3530} INFO - cmap subsetted
[2025-05-19T09:07:43.477+0000] {__init__.py:3519} INFO - fpgm subsetting not needed
[2025-05-19T09:07:43.477+0000] {__init__.py:3519} INFO - prep subsetting not needed
[2025-05-19T09:07:43.477+0000] {__init__.py:3519} INFO - cvt  subsetting not needed
[2025-05-19T09:07:43.477+0000] {__init__.py:3519} INFO - loca subsetting not needed
[2025-05-19T09:07:43.477+0000] {__init__.py:3530} INFO - post subsetted
[2025-05-19T09:07:43.478+0000] {__init__.py:3519} INFO - gasp subsetting not needed
[2025-05-19T09:07:43.478+0000] {__init__.py:3519} INFO - name subsetting not needed
[2025-05-19T09:07:43.479+0000] {__init__.py:3530} INFO - glyf subsetted
[2025-05-19T09:07:43.479+0000] {__init__.py:3589} INFO - head pruned
[2025-05-19T09:07:43.480+0000] {__init__.py:3556} INFO - OS/2 Unicode ranges pruned: [0]
[2025-05-19T09:07:43.480+0000] {__init__.py:3565} INFO - OS/2 CodePage ranges pruned: [0]
[2025-05-19T09:07:43.480+0000] {__init__.py:3589} INFO - glyf pruned
[2025-05-19T09:07:43.481+0000] {__init__.py:3589} INFO - name pruned
[2025-05-19T09:07:43.489+0000] {MathCrawler.py:286} INFO - Đã lưu PDF tại: /opt/***/output/bai_giai_1.pdf
[2025-05-19T09:07:43.489+0000] {MathDag.py:88} INFO - Đã lưu PDF: /opt/***/output/bai_giai_1.pdf
[2025-05-19T09:22:28.694+0000] {local_task_job.py:223} WARNING - State of this instance has been externally set to None. Terminating instance.
[2025-05-19T09:22:28.697+0000] {process_utils.py:129} INFO - Sending Signals.SIGTERM to group 2436. PIDs of all processes in the group: [2436]
[2025-05-19T09:22:28.697+0000] {process_utils.py:84} INFO - Sending the signal Signals.SIGTERM to group 2436
[2025-05-19T09:22:28.697+0000] {taskinstance.py:1483} ERROR - Received SIGTERM. Terminating subprocesses.
[2025-05-19T09:23:28.701+0000] {process_utils.py:147} WARNING - process psutil.Process(pid=2436, name='airflow task ru', status='sleeping', started='08:54:47') did not respond to SIGTERM. Trying SIGKILL
[2025-05-19T09:23:28.702+0000] {process_utils.py:84} INFO - Sending the signal Signals.SIGKILL to group 2436
[2025-05-19T09:23:28.720+0000] {process_utils.py:79} INFO - Process psutil.Process(pid=2436, name='airflow task ru', status='terminated', exitcode=<Negsignal.SIGKILL: -9>, started='08:54:47') (2436) terminated with exit code Negsignal.SIGKILL
[2025-05-19T09:23:28.721+0000] {standard_task_runner.py:168} ERROR - Job 41 was killed before it finished (likely due to running out of memory)
