[2025-05-19T08:43:03.193+0000] {taskinstance.py:1087} INFO - Dependencies all met for <TaskInstance: math_crawler_pipeline.extract_problem_and_solution manual__2025-05-19T08:42:59.392561+00:00 [queued]>
[2025-05-19T08:43:03.202+0000] {taskinstance.py:1087} INFO - Dependencies all met for <TaskInstance: math_crawler_pipeline.extract_problem_and_solution manual__2025-05-19T08:42:59.392561+00:00 [queued]>
[2025-05-19T08:43:03.202+0000] {taskinstance.py:1283} INFO - 
--------------------------------------------------------------------------------
[2025-05-19T08:43:03.202+0000] {taskinstance.py:1284} INFO - Starting attempt 1 of 3
[2025-05-19T08:43:03.202+0000] {taskinstance.py:1285} INFO - 
--------------------------------------------------------------------------------
[2025-05-19T08:43:03.212+0000] {taskinstance.py:1304} INFO - Executing <Task(PythonOperator): extract_problem_and_solution> on 2025-05-19 08:42:59.392561+00:00
[2025-05-19T08:43:03.217+0000] {standard_task_runner.py:55} INFO - Started process 2168 to run task
[2025-05-19T08:43:03.221+0000] {standard_task_runner.py:82} INFO - Running: ['***', 'tasks', 'run', 'math_crawler_pipeline', 'extract_problem_and_solution', 'manual__2025-05-19T08:42:59.392561+00:00', '--job-id', '40', '--raw', '--subdir', 'DAGS_FOLDER/MathDag.py', '--cfg-path', '/tmp/tmpyz0ahzii']
[2025-05-19T08:43:03.223+0000] {standard_task_runner.py:83} INFO - Job 40: Subtask extract_problem_and_solution
[2025-05-19T08:43:03.277+0000] {task_command.py:389} INFO - Running <TaskInstance: math_crawler_pipeline.extract_problem_and_solution manual__2025-05-19T08:42:59.392561+00:00 [running]> on host 23e48ed0cd15
[2025-05-19T08:43:03.323+0000] {taskinstance.py:1511} INFO - Exporting the following env vars:
AIRFLOW_CTX_DAG_OWNER=***
AIRFLOW_CTX_DAG_ID=math_crawler_pipeline
AIRFLOW_CTX_TASK_ID=extract_problem_and_solution
AIRFLOW_CTX_EXECUTION_DATE=2025-05-19T08:42:59.392561+00:00
AIRFLOW_CTX_TRY_NUMBER=1
AIRFLOW_CTX_DAG_RUN_ID=manual__2025-05-19T08:42:59.392561+00:00
[2025-05-19T08:43:03.332+0000] {MathDag.py:45} INFO - Đang crawl link 1/64: https://loigiaihay.com/de-tham-khao-thi-vao-10-toan-ha-noi-nam-2025-co-dap-an-va-loi-giai-chi-tiet-a179519.html
[2025-05-19T08:43:16.455+0000] {MathDag.py:47} INFO -   -> Crawl thành công, số block: 195
[2025-05-19T08:43:16.456+0000] {MathDag.py:45} INFO - Đang crawl link 2/64: https://loigiaihay.com/de-tham-khao-thi-vao-10-toan-ha-noi-nam-2025-co-dap-an-va-loi-giai-chi-tiet-de-2-a179539.html
[2025-05-19T08:43:27.526+0000] {MathDag.py:47} INFO -   -> Crawl thành công, số block: 208
[2025-05-19T08:43:27.526+0000] {MathDag.py:45} INFO - Đang crawl link 3/64: https://loigiaihay.com/de-tham-khao-thi-vao-10-toan-ha-noi-nam-2025-co-dap-an-va-loi-giai-chi-tiet-de-3-a181097.html
[2025-05-19T08:43:37.955+0000] {MathDag.py:47} INFO -   -> Crawl thành công, số block: 217
[2025-05-19T08:43:37.956+0000] {MathDag.py:45} INFO - Đang crawl link 4/64: https://loigiaihay.com/de-tham-khao-thi-vao-10-mon-toan-ha-noi-nam-2025-de-so-4-a181870.html
[2025-05-19T08:43:48.517+0000] {MathDag.py:47} INFO -   -> Crawl thành công, số block: 188
[2025-05-19T08:43:48.519+0000] {MathDag.py:45} INFO - Đang crawl link 5/64: https://loigiaihay.com/de-tham-khao-thi-vao-10-mon-toan-ha-noi-nam-2025-de-so-5-a182059.html
[2025-05-19T08:44:00.059+0000] {MathDag.py:47} INFO -   -> Crawl thành công, số block: 212
[2025-05-19T08:44:00.059+0000] {MathDag.py:45} INFO - Đang crawl link 6/64: https://loigiaihay.com/de-tham-khao-thi-vao-10-mon-toan-ha-noi-nam-2025-de-so-6-a182290.html
[2025-05-19T08:44:10.011+0000] {MathDag.py:47} INFO -   -> Crawl thành công, số block: 186
[2025-05-19T08:44:10.011+0000] {MathDag.py:45} INFO - Đang crawl link 7/64: https://loigiaihay.com/de-tham-khao-thi-vao-10-mon-toan-ha-noi-nam-2025-de-so-7-a182562.html
[2025-05-19T08:44:20.355+0000] {MathDag.py:47} INFO -   -> Crawl thành công, số block: 170
[2025-05-19T08:44:20.355+0000] {MathDag.py:45} INFO - Đang crawl link 8/64: https://loigiaihay.com/de-tham-khao-thi-vao-10-mon-toan-ha-noi-nam-2025-de-so-8-a183073.html
[2025-05-19T08:44:31.521+0000] {MathDag.py:47} INFO -   -> Crawl thành công, số block: 171
[2025-05-19T08:44:31.522+0000] {MathDag.py:45} INFO - Đang crawl link 9/64: https://loigiaihay.com/de-tham-khao-thi-vao-10-mon-toan-ha-noi-nam-2025-de-so-9-a183564.html
[2025-05-19T08:44:41.583+0000] {MathDag.py:47} INFO -   -> Crawl thành công, số block: 170
[2025-05-19T08:44:41.584+0000] {MathDag.py:45} INFO - Đang crawl link 10/64: https://loigiaihay.com/de-tham-khao-thi-vao-10-mon-toan-ha-noi-nam-2025-de-so-10-a183809.html
[2025-05-19T08:44:53.158+0000] {MathDag.py:47} INFO -   -> Crawl thành công, số block: 170
[2025-05-19T08:44:53.159+0000] {MathDag.py:45} INFO - Đang crawl link 11/64: https://loigiaihay.com/de-tham-khao-thi-vao-10-mon-toan-ha-noi-nam-2025-de-so-11-a184285.html
[2025-05-19T08:45:04.574+0000] {MathDag.py:47} INFO -   -> Crawl thành công, số block: 162
[2025-05-19T08:45:04.575+0000] {MathDag.py:45} INFO - Đang crawl link 12/64: https://loigiaihay.com/de-tham-khao-thi-vao-10-toan-tp-ho-chi-minh-nam-2025-co-dap-an-va-loi-giai-chi-tiet-de-1-a179544.html
[2025-05-19T08:45:17.881+0000] {MathDag.py:47} INFO -   -> Crawl thành công, số block: 207
[2025-05-19T08:45:17.881+0000] {MathDag.py:45} INFO - Đang crawl link 13/64: https://loigiaihay.com/de-tham-khao-thi-vao-10-mon-toan-tp-ho-chi-minh-nam-2025-de-so-2-a181829.html
[2025-05-19T08:45:28.553+0000] {MathDag.py:47} INFO -   -> Crawl thành công, số block: 226
[2025-05-19T08:45:28.554+0000] {MathDag.py:45} INFO - Đang crawl link 14/64: https://loigiaihay.com/de-tham-khao-thi-vao-10-mon-toan-tp-ho-chi-minh-nam-2025-de-so-3-a181884.html
[2025-05-19T08:45:40.623+0000] {MathDag.py:47} INFO -   -> Crawl thành công, số block: 191
[2025-05-19T08:45:40.625+0000] {MathDag.py:45} INFO - Đang crawl link 15/64: https://loigiaihay.com/de-tham-khao-thi-vao-10-mon-toan-tp-ho-chi-minh-nam-2025-de-so-4-a181981.html
[2025-05-19T08:45:54.327+0000] {MathDag.py:47} INFO -   -> Crawl thành công, số block: 237
[2025-05-19T08:45:54.334+0000] {MathDag.py:45} INFO - Đang crawl link 16/64: https://loigiaihay.com/de-tham-khao-thi-vao-10-mon-toan-tp-ho-chi-minh-nam-2025-de-so-5-a182269.html
[2025-05-19T08:46:02.645+0000] {MathDag.py:47} INFO -   -> Crawl thành công, số block: 246
[2025-05-19T08:46:02.646+0000] {MathDag.py:45} INFO - Đang crawl link 17/64: https://loigiaihay.com/de-tham-khao-thi-vao-10-mon-toan-tp-ho-chi-minh-nam-2025-de-so-6-a182568.html
[2025-05-19T08:46:14.225+0000] {MathDag.py:47} INFO -   -> Crawl thành công, số block: 249
[2025-05-19T08:46:14.225+0000] {MathDag.py:45} INFO - Đang crawl link 18/64: https://loigiaihay.com/de-tham-khao-thi-vao-10-mon-toan-tp-ho-chi-minh-nam-2025-de-so-7-a182986.html
[2025-05-19T08:46:25.139+0000] {MathDag.py:47} INFO -   -> Crawl thành công, số block: 199
[2025-05-19T08:46:25.139+0000] {MathDag.py:45} INFO - Đang crawl link 19/64: https://loigiaihay.com/de-tham-khao-thi-vao-10-mon-toan-tp-ho-chi-minh-nam-2025-de-so-8-a183544.html
[2025-05-19T08:46:36.280+0000] {MathDag.py:47} INFO -   -> Crawl thành công, số block: 218
[2025-05-19T08:46:36.280+0000] {MathDag.py:45} INFO - Đang crawl link 20/64: https://loigiaihay.com/de-tham-khao-thi-vao-10-mon-toan-tp-ho-chi-minh-nam-2025-de-so-9-a184122.html
[2025-05-19T08:46:47.868+0000] {MathDag.py:47} INFO -   -> Crawl thành công, số block: 208
[2025-05-19T08:46:47.869+0000] {MathDag.py:45} INFO - Đang crawl link 21/64: https://loigiaihay.com/de-tham-khao-thi-vao-10-mon-toan-tp-ho-chi-minh-nam-2025-de-so-10-a184527.html
[2025-05-19T08:46:58.975+0000] {MathDag.py:47} INFO -   -> Crawl thành công, số block: 191
[2025-05-19T08:46:58.975+0000] {MathDag.py:45} INFO - Đang crawl link 22/64: https://loigiaihay.com/de-so-1-de-thi-vao-lop-10-mon-toan-c44a49454.html
[2025-05-19T08:47:10.115+0000] {MathDag.py:47} INFO -   -> Crawl thành công, số block: 2
[2025-05-19T08:47:10.120+0000] {MathDag.py:45} INFO - Đang crawl link 23/64: https://loigiaihay.com/de-so-2-de-thi-vao-lop-10-mon-toan-c44a49464.html
[2025-05-19T08:47:22.254+0000] {MathDag.py:47} INFO -   -> Crawl thành công, số block: 2
[2025-05-19T08:47:22.254+0000] {MathDag.py:45} INFO - Đang crawl link 24/64: https://loigiaihay.com/de-so-3-de-thi-vao-lop-10-mon-toan-c44a49465.html
[2025-05-19T08:47:35.586+0000] {MathDag.py:47} INFO -   -> Crawl thành công, số block: 2
[2025-05-19T08:47:35.586+0000] {MathDag.py:45} INFO - Đang crawl link 25/64: https://loigiaihay.com/de-so-4-de-thi-vao-lop-10-mon-toan-c44a49466.html
[2025-05-19T08:47:46.368+0000] {MathDag.py:47} INFO -   -> Crawl thành công, số block: 2
[2025-05-19T08:47:46.368+0000] {MathDag.py:45} INFO - Đang crawl link 26/64: https://loigiaihay.com/de-so-5-de-thi-vao-lop-10-mon-toan-c44a49467.html
[2025-05-19T08:47:58.236+0000] {MathDag.py:47} INFO -   -> Crawl thành công, số block: 2
[2025-05-19T08:47:58.237+0000] {MathDag.py:45} INFO - Đang crawl link 27/64: https://loigiaihay.com/de-so-6-de-thi-vao-lop-10-mon-toan-c44a49468.html
[2025-05-19T08:48:09.321+0000] {MathDag.py:47} INFO -   -> Crawl thành công, số block: 2
[2025-05-19T08:48:09.322+0000] {MathDag.py:45} INFO - Đang crawl link 28/64: https://loigiaihay.com/de-so-7-de-thi-vao-lop-10-mon-toan-c44a49469.html
[2025-05-19T08:48:20.934+0000] {MathDag.py:47} INFO -   -> Crawl thành công, số block: 2
[2025-05-19T08:48:20.935+0000] {MathDag.py:45} INFO - Đang crawl link 29/64: https://loigiaihay.com/de-so-8-de-thi-vao-lop-10-mon-toan-c44a49470.html
[2025-05-19T08:48:31.982+0000] {MathDag.py:47} INFO -   -> Crawl thành công, số block: 2
[2025-05-19T08:48:31.982+0000] {MathDag.py:45} INFO - Đang crawl link 30/64: https://loigiaihay.com/de-so-9-de-thi-vao-lop-10-mon-toan-c44a49471.html
[2025-05-19T08:48:42.596+0000] {MathDag.py:47} INFO -   -> Crawl thành công, số block: 2
[2025-05-19T08:48:42.597+0000] {MathDag.py:45} INFO - Đang crawl link 31/64: https://loigiaihay.com/de-so-10-de-thi-vao-lop-10-mon-toan-c44a49472.html
[2025-05-19T08:48:53.445+0000] {MathDag.py:47} INFO -   -> Crawl thành công, số block: 2
[2025-05-19T08:48:53.445+0000] {MathDag.py:45} INFO - Đang crawl link 32/64: https://loigiaihay.com/de-so-11-de-thi-vao-lop-10-mon-toan-c44a49473.html
[2025-05-19T08:49:04.249+0000] {MathDag.py:47} INFO -   -> Crawl thành công, số block: 2
[2025-05-19T08:49:04.249+0000] {MathDag.py:45} INFO - Đang crawl link 33/64: https://loigiaihay.com/de-so-12-de-thi-vao-lop-10-mon-toan-c44a49474.html
[2025-05-19T08:49:13.911+0000] {MathDag.py:47} INFO -   -> Crawl thành công, số block: 2
[2025-05-19T08:49:13.911+0000] {MathDag.py:45} INFO - Đang crawl link 34/64: https://loigiaihay.com/de-so-13-de-thi-vao-lop-10-mon-toan-c44a49515.html
[2025-05-19T08:49:26.895+0000] {MathDag.py:47} INFO -   -> Crawl thành công, số block: 2
[2025-05-19T08:49:26.895+0000] {MathDag.py:45} INFO - Đang crawl link 35/64: https://loigiaihay.com/de-so-14-de-thi-vao-lop-10-mon-toan-c44a49529.html
[2025-05-19T08:49:35.984+0000] {MathDag.py:47} INFO -   -> Crawl thành công, số block: 2
[2025-05-19T08:49:35.985+0000] {MathDag.py:45} INFO - Đang crawl link 36/64: https://loigiaihay.com/de-so-15-de-thi-vao-lop-10-mon-toan-c44a49531.html
[2025-05-19T08:49:46.610+0000] {MathDag.py:47} INFO -   -> Crawl thành công, số block: 2
[2025-05-19T08:49:46.610+0000] {MathDag.py:45} INFO - Đang crawl link 37/64: https://loigiaihay.com/de-so-16-de-thi-vao-lop-10-mon-toan-c44a49533.html
[2025-05-19T08:49:59.115+0000] {MathDag.py:47} INFO -   -> Crawl thành công, số block: 2
[2025-05-19T08:49:59.115+0000] {MathDag.py:45} INFO - Đang crawl link 38/64: https://loigiaihay.com/de-so-17-de-thi-vao-lop-10-mon-toan-c44a49536.html
[2025-05-19T08:50:10.159+0000] {MathDag.py:47} INFO -   -> Crawl thành công, số block: 2
[2025-05-19T08:50:10.166+0000] {MathDag.py:45} INFO - Đang crawl link 39/64: https://loigiaihay.com/de-so-18-de-thi-vao-lop-10-mon-toan-c44a49538.html
[2025-05-19T08:50:21.532+0000] {MathDag.py:47} INFO -   -> Crawl thành công, số block: 2
[2025-05-19T08:50:21.533+0000] {MathDag.py:45} INFO - Đang crawl link 40/64: https://loigiaihay.com/de-so-19-de-thi-vao-lop-10-mon-toan-c44a49540.html
[2025-05-19T08:50:32.489+0000] {MathDag.py:47} INFO -   -> Crawl thành công, số block: 2
[2025-05-19T08:50:32.489+0000] {MathDag.py:45} INFO - Đang crawl link 41/64: https://loigiaihay.com/de-so-20-de-thi-vao-lop-10-mon-toan-c44a49541.html
[2025-05-19T08:50:40.315+0000] {MathDag.py:47} INFO -   -> Crawl thành công, số block: 2
[2025-05-19T08:50:40.315+0000] {MathDag.py:45} INFO - Đang crawl link 42/64: https://loigiaihay.com/de-so-21-de-thi-vao-lop-10-mon-toan-c44a49573.html
[2025-05-19T08:50:48.455+0000] {MathDag.py:47} INFO -   -> Crawl thành công, số block: 2
[2025-05-19T08:50:48.456+0000] {MathDag.py:45} INFO - Đang crawl link 43/64: https://loigiaihay.com/de-so-22-de-thi-vao-lop-10-mon-toan-c44a49582.html
[2025-05-19T08:50:59.644+0000] {MathDag.py:47} INFO -   -> Crawl thành công, số block: 2
[2025-05-19T08:50:59.644+0000] {MathDag.py:45} INFO - Đang crawl link 44/64: https://loigiaihay.com/de-so-23-de-thi-vao-lop-10-mon-toan-c44a49583.html
[2025-05-19T08:51:10.542+0000] {MathDag.py:47} INFO -   -> Crawl thành công, số block: 2
[2025-05-19T08:51:10.543+0000] {MathDag.py:45} INFO - Đang crawl link 45/64: https://loigiaihay.com/de-so-24-de-thi-vao-lop-10-mon-toan-c44a49585.html
[2025-05-19T08:51:21.473+0000] {MathDag.py:47} INFO -   -> Crawl thành công, số block: 2
[2025-05-19T08:51:21.473+0000] {MathDag.py:45} INFO - Đang crawl link 46/64: https://loigiaihay.com/de-so-25-de-thi-vao-lop-10-mon-toan-c44a49613.html
[2025-05-19T08:51:32.015+0000] {MathDag.py:47} INFO -   -> Crawl thành công, số block: 2
[2025-05-19T08:51:32.016+0000] {MathDag.py:45} INFO - Đang crawl link 47/64: https://loigiaihay.com/de-so-26-de-thi-vao-lop-10-mon-toan-c44a49614.html
[2025-05-19T08:51:43.176+0000] {MathDag.py:47} INFO -   -> Crawl thành công, số block: 2
[2025-05-19T08:51:43.176+0000] {MathDag.py:45} INFO - Đang crawl link 48/64: https://loigiaihay.com/de-so-27-de-thi-vao-lop-10-mon-toan-c44a49615.html
[2025-05-19T08:51:53.804+0000] {MathDag.py:47} INFO -   -> Crawl thành công, số block: 2
[2025-05-19T08:51:53.804+0000] {MathDag.py:45} INFO - Đang crawl link 49/64: https://loigiaihay.com/de-so-28-de-thi-vao-lop-10-mon-toan-c44a49616.html
[2025-05-19T08:52:04.884+0000] {MathDag.py:47} INFO -   -> Crawl thành công, số block: 2
[2025-05-19T08:52:04.884+0000] {MathDag.py:45} INFO - Đang crawl link 50/64: https://loigiaihay.com/de-so-29-de-thi-vao-lop-10-mon-toan-c44a49621.html
[2025-05-19T08:52:15.875+0000] {MathDag.py:47} INFO -   -> Crawl thành công, số block: 2
[2025-05-19T08:52:15.875+0000] {MathDag.py:45} INFO - Đang crawl link 51/64: https://loigiaihay.com/de-so-30-de-thi-vao-lop-10-mon-toan-c44a49629.html
[2025-05-19T08:52:27.199+0000] {MathDag.py:47} INFO -   -> Crawl thành công, số block: 2
[2025-05-19T08:52:27.200+0000] {MathDag.py:45} INFO - Đang crawl link 52/64: https://loigiaihay.com/de-so-31-de-thi-vao-lop-10-mon-toan-c44a49640.html
[2025-05-19T08:52:38.308+0000] {MathDag.py:47} INFO -   -> Crawl thành công, số block: 2
[2025-05-19T08:52:38.309+0000] {MathDag.py:45} INFO - Đang crawl link 53/64: https://loigiaihay.com/de-so-32-de-thi-vao-lop-10-mon-toan-c44a49639.html
[2025-05-19T08:52:49.333+0000] {MathDag.py:47} INFO -   -> Crawl thành công, số block: 2
[2025-05-19T08:52:49.333+0000] {MathDag.py:45} INFO - Đang crawl link 54/64: https://loigiaihay.com/de-so-33-de-thi-vao-lop-10-mon-toan-c44a49641.html
[2025-05-19T08:53:00.087+0000] {MathDag.py:47} INFO -   -> Crawl thành công, số block: 2
[2025-05-19T08:53:00.088+0000] {MathDag.py:45} INFO - Đang crawl link 55/64: https://loigiaihay.com/de-so-34-de-thi-vao-lop-10-mon-toan-c44a49643.html
[2025-05-19T08:53:11.116+0000] {MathDag.py:47} INFO -   -> Crawl thành công, số block: 2
[2025-05-19T08:53:11.116+0000] {MathDag.py:45} INFO - Đang crawl link 56/64: https://loigiaihay.com/de-so-35-de-thi-vao-lop-10-mon-toan-c44a49644.html
[2025-05-19T08:53:22.050+0000] {MathDag.py:47} INFO -   -> Crawl thành công, số block: 2
[2025-05-19T08:53:22.050+0000] {MathDag.py:45} INFO - Đang crawl link 57/64: https://loigiaihay.com/de-so-36-de-thi-vao-lop-10-mon-toan-c44a49645.html
[2025-05-19T08:53:31.736+0000] {MathDag.py:47} INFO -   -> Crawl thành công, số block: 2
[2025-05-19T08:53:31.737+0000] {MathDag.py:45} INFO - Đang crawl link 58/64: https://loigiaihay.com/de-so-37-de-thi-vao-lop-10-mon-toan-c44a49646.html
[2025-05-19T08:53:42.187+0000] {MathDag.py:47} INFO -   -> Crawl thành công, số block: 2
[2025-05-19T08:53:42.188+0000] {MathDag.py:45} INFO - Đang crawl link 59/64: https://loigiaihay.com/de-so-38-de-thi-vao-lop-10-mon-toan-c44a49647.html
[2025-05-19T08:53:52.413+0000] {MathDag.py:47} INFO -   -> Crawl thành công, số block: 2
[2025-05-19T08:53:52.413+0000] {MathDag.py:45} INFO - Đang crawl link 60/64: https://loigiaihay.com/de-so-39-de-thi-vao-lop-10-mon-toan-c44a49648.html
[2025-05-19T08:54:04.030+0000] {MathDag.py:47} INFO -   -> Crawl thành công, số block: 2
[2025-05-19T08:54:04.030+0000] {MathDag.py:45} INFO - Đang crawl link 61/64: https://loigiaihay.com/de-so-40-de-thi-vao-lop-10-mon-toan-c44a49649.html
[2025-05-19T08:54:14.640+0000] {MathDag.py:47} INFO -   -> Crawl thành công, số block: 2
[2025-05-19T08:54:14.640+0000] {MathDag.py:45} INFO - Đang crawl link 62/64: https://loigiaihay.com/de-so-41-de-thi-vao-lop-10-mon-toan-c44a49650.html
[2025-05-19T08:54:24.870+0000] {MathDag.py:47} INFO -   -> Crawl thành công, số block: 2
[2025-05-19T08:54:24.870+0000] {MathDag.py:45} INFO - Đang crawl link 63/64: https://loigiaihay.com/de-so-42-de-thi-vao-lop-10-mon-toan-c44a49651.html
[2025-05-19T08:54:35.865+0000] {MathDag.py:47} INFO -   -> Crawl thành công, số block: 2
[2025-05-19T08:54:35.865+0000] {MathDag.py:45} INFO - Đang crawl link 64/64: https://loigiaihay.com/de-so-43-de-thi-vao-lop-10-mon-toan-c44a49652.html
[2025-05-19T08:54:46.793+0000] {MathDag.py:47} INFO -   -> Crawl thành công, số block: 2
[2025-05-19T08:54:46.837+0000] {python.py:177} INFO - Done. Returned value was: None
[2025-05-19T08:54:46.844+0000] {taskinstance.py:1322} INFO - Marking task as SUCCESS. dag_id=math_crawler_pipeline, task_id=extract_problem_and_solution, execution_date=20250519T084259, start_date=20250519T084303, end_date=20250519T085446
[2025-05-19T08:54:46.881+0000] {local_task_job.py:159} INFO - Task exited with return code 0
[2025-05-19T08:54:46.909+0000] {taskinstance.py:2582} INFO - 2 downstream tasks scheduled from follow-on schedule check
