[2025-05-19T13:29:46.627+0000] {taskinstance.py:1087} INFO - Dependencies all met for <TaskInstance: math_crawler_pipeline.generate_pdf manual__2025-05-19T12:56:24.211949+00:00 [queued]>
[2025-05-19T13:29:46.641+0000] {taskinstance.py:1087} INFO - Dependencies all met for <TaskInstance: math_crawler_pipeline.generate_pdf manual__2025-05-19T12:56:24.211949+00:00 [queued]>
[2025-05-19T13:29:46.642+0000] {taskinstance.py:1283} INFO - 
--------------------------------------------------------------------------------
[2025-05-19T13:29:46.642+0000] {taskinstance.py:1284} INFO - Starting attempt 2 of 3
[2025-05-19T13:29:46.642+0000] {taskinstance.py:1285} INFO - 
--------------------------------------------------------------------------------
[2025-05-19T13:29:46.659+0000] {taskinstance.py:1304} INFO - Executing <Task(PythonOperator): generate_pdf> on 2025-05-19 12:56:24.211949+00:00
[2025-05-19T13:29:46.667+0000] {standard_task_runner.py:55} INFO - Started process 182 to run task
[2025-05-19T13:29:46.670+0000] {standard_task_runner.py:82} INFO - Running: ['***', 'tasks', 'run', 'math_crawler_pipeline', 'generate_pdf', 'manual__2025-05-19T12:56:24.211949+00:00', '--job-id', '100', '--raw', '--subdir', 'DAGS_FOLDER/MathDag.py', '--cfg-path', '/tmp/tmpkwj8silw']
[2025-05-19T13:29:46.673+0000] {standard_task_runner.py:83} INFO - Job 100: Subtask generate_pdf
[2025-05-19T13:29:46.738+0000] {task_command.py:389} INFO - Running <TaskInstance: math_crawler_pipeline.generate_pdf manual__2025-05-19T12:56:24.211949+00:00 [running]> on host 11cd72090704
[2025-05-19T13:29:46.794+0000] {taskinstance.py:1511} INFO - Exporting the following env vars:
AIRFLOW_CTX_DAG_OWNER=***
AIRFLOW_CTX_DAG_ID=math_crawler_pipeline
AIRFLOW_CTX_TASK_ID=generate_pdf
AIRFLOW_CTX_EXECUTION_DATE=2025-05-19T12:56:24.211949+00:00
AIRFLOW_CTX_TRY_NUMBER=2
AIRFLOW_CTX_DAG_RUN_ID=manual__2025-05-19T12:56:24.211949+00:00
[2025-05-19T13:58:14.771+0000] {__init__.py:3337} INFO - maxp pruned
[2025-05-19T13:58:14.772+0000] {__init__.py:3337} INFO - cmap pruned
[2025-05-19T13:58:14.775+0000] {__init__.py:3321} INFO - kern dropped
[2025-05-19T13:58:14.775+0000] {__init__.py:3337} INFO - post pruned
[2025-05-19T13:58:14.776+0000] {__init__.py:3321} INFO - FFTM dropped
[2025-05-19T13:58:14.777+0000] {__init__.py:3321} INFO - MATH dropped
[2025-05-19T13:58:14.777+0000] {__init__.py:3321} INFO - GDEF dropped
[2025-05-19T13:58:14.777+0000] {__init__.py:3321} INFO - GPOS dropped
[2025-05-19T13:58:14.777+0000] {__init__.py:3321} INFO - GSUB dropped
[2025-05-19T13:58:14.778+0000] {__init__.py:3337} INFO - glyf pruned
[2025-05-19T13:58:14.779+0000] {__init__.py:3377} INFO - Added gid0 to subset
[2025-05-19T13:58:14.779+0000] {__init__.py:3385} INFO - Added first four glyphs to subset
[2025-05-19T13:58:14.779+0000] {__init__.py:3450} INFO - Closing glyph list over 'glyf': 130 glyphs before
[2025-05-19T13:58:14.779+0000] {__init__.py:457} INFO - Glyph names: ['.notdef', '.null', 'A', 'Aacute', 'B', 'C', 'D', 'Dcroat', 'E', 'G', 'H', 'I', 'K', 'L', 'M', 'N', 'O', 'P', 'Q', 'R', 'S', 'T', 'V', 'X', 'a', 'aacute', 'abreve', 'acircumflex', 'agrave', 'asterisk', 'atilde', 'b', 'bracketleft', 'c', 'colon', 'comma', 'd', 'dcroat', 'e', 'eacute', 'ecircumflex', 'egrave', 'eight', 'equal', 'five', 'four', 'g', 'h', 'hookabovecomb', 'hyphen', 'i', 'iacute', 'igrave', 'k', 'l', 'm', 'n', 'nine', 'nonmarkingreturn', 'o', 'oacute', 'ocircumflex', 'ograve', 'ohorn', 'one', 'p', 'parenleft', 'parenright', 'percent', 'period', 'plus', 'q', 'question', 'quotedblleft', 'quotedblright', 'r', 's', 'semicolon', 'seven', 'six', 'space', 't', 'three', 'two', 'u', 'uacute', 'ugrave', 'uhorn', 'uni1EA1', 'uni1EA3', 'uni1EA5', 'uni1EA7', 'uni1EAB', 'uni1EAD', 'uni1EAF', 'uni1EB1', 'uni1EB3', 'uni1EB7', 'uni1EBB', 'uni1EBD', 'uni1EBF', 'uni1EC1', 'uni1EC3', 'uni1EC5', 'uni1EC7', 'uni1EC9', 'uni1ECB', 'uni1ECD', 'uni1ECF', 'uni1ED1', 'uni1ED3', 'uni1ED5', 'uni1ED7', 'uni1ED9', 'uni1EDB', 'uni1EDD', 'uni1EDF', 'uni1EE3', 'uni1EE5', 'uni1EE7', 'uni1EE9', 'uni1EEB', 'uni1EED', 'uni1EEF', 'uni1EF1', 'utilde', 'v', 'x', 'y', 'zero']
[2025-05-19T13:58:14.780+0000] {__init__.py:460} INFO - Glyph IDs:   [0, 1, 2, 3, 8, 11, 12, 13, 14, 15, 16, 17, 19, 20, 21, 22, 23, 24, 25, 26, 27, 28, 29, 30, 32, 34, 36, 37, 38, 39, 40, 42, 43, 44, 46, 47, 48, 49, 50, 51, 52, 53, 54, 55, 57, 59, 62, 68, 69, 70, 71, 72, 74, 75, 76, 78, 79, 80, 81, 82, 83, 84, 85, 86, 87, 88, 89, 91, 92, 131, 162, 163, 164, 165, 170, 171, 172, 174, 175, 180, 181, 182, 187, 188, 197, 210, 211, 299, 355, 370, 698, 2463, 2465, 2467, 2469, 2473, 2475, 2477, 2479, 2481, 2485, 2489, 2491, 2493, 2495, 2497, 2499, 2501, 2503, 2505, 2507, 2509, 2511, 2513, 2515, 2517, 2519, 2521, 2523, 2525, 2529, 2531, 2533, 2535, 2537, 2539, 2541, 2543, 2815, 2816]
[2025-05-19T13:58:14.780+0000] {__init__.py:3456} INFO - Closed glyph list over 'glyf': 152 glyphs after
[2025-05-19T13:58:14.780+0000] {__init__.py:457} INFO - Glyph names: ['.notdef', '.null', 'A', 'Aacute', 'Acute', 'B', 'Breve', 'C', 'Circumflex', 'D', 'Dcroat', 'E', 'Eth', 'G', 'Grave', 'H', 'I', 'K', 'L', 'M', 'N', 'O', 'P', 'Q', 'R', 'S', 'T', 'Tilde', 'V', 'X', 'a', 'aacute', 'abreve', 'acircumflex', 'acute', 'agrave', 'asterisk', 'atilde', 'b', 'bracketleft', 'breve', 'c', 'circumflex', 'colon', 'comma', 'd', 'dcroat', 'dotbelowcomb', 'dotlessi', 'e', 'eacute', 'ecircumflex', 'egrave', 'eight', 'equal', 'five', 'four', 'g', 'grave', 'h', 'hookabovecomb', 'hyphen', 'i', 'iacute', 'igrave', 'k', 'l', 'm', 'n', 'nine', 'nonmarkingreturn', 'o', 'oacute', 'ocircumflex', 'ograve', 'ohorn', 'one', 'p', 'parenleft', 'parenright', 'percent', 'period', 'plus', 'q', 'question', 'quotedblleft', 'quotedblright', 'r', 's', 'semicolon', 'seven', 'six', 'space', 't', 'three', 'tilde', 'two', 'u', 'uacute', 'ugrave', 'uhorn', 'uni03020300', 'uni03020301', 'uni03020303', 'uni03020309', 'uni03060300', 'uni03060301', 'uni03060309', 'uni031B', 'uni1EA1', 'uni1EA3', 'uni1EA5', 'uni1EA7', 'uni1EAB', 'uni1EAD', 'uni1EAF', 'uni1EB1', 'uni1EB3', 'uni1EB7', 'uni1EB9', 'uni1EBB', 'uni1EBD', 'uni1EBF', 'uni1EC1', 'uni1EC3', 'uni1EC5', 'uni1EC7', 'uni1EC9', 'uni1ECB', 'uni1ECD', 'uni1ECF', 'uni1ED1', 'uni1ED3', 'uni1ED5', 'uni1ED7', 'uni1ED9', 'uni1EDB', 'uni1EDD', 'uni1EDF', 'uni1EE3', 'uni1EE5', 'uni1EE7', 'uni1EE9', 'uni1EEB', 'uni1EED', 'uni1EEF', 'uni1EF1', 'utilde', 'v', 'x', 'y', 'zero']
[2025-05-19T13:58:14.781+0000] {__init__.py:460} INFO - Glyph IDs:   [0, 1, 2, 3, 8, 11, 12, 13, 14, 15, 16, 17, 19, 20, 21, 22, 23, 24, 25, 26, 27, 28, 29, 30, 32, 34, 36, 37, 38, 39, 40, 42, 43, 44, 46, 47, 48, 49, 50, 51, 52, 53, 54, 55, 57, 59, 62, 67, 68, 69, 70, 71, 72, 74, 75, 76, 78, 79, 80, 81, 82, 83, 84, 85, 86, 87, 88, 89, 91, 92, 118, 131, 146, 162, 163, 164, 165, 170, 171, 172, 174, 175, 180, 181, 182, 187, 188, 197, 210, 211, 243, 299, 355, 370, 648, 666, 670, 698, 716, 724, 2463, 2465, 2467, 2469, 2473, 2475, 2477, 2479, 2481, 2485, 2487, 2489, 2491, 2493, 2495, 2497, 2499, 2501, 2503, 2505, 2507, 2509, 2511, 2513, 2515, 2517, 2519, 2521, 2523, 2525, 2529, 2531, 2533, 2535, 2537, 2539, 2541, 2543, 2815, 2816, 5923, 5924, 5925, 5926, 5929, 5985, 5986, 5987, 5989, 5990, 5991, 5992]
[2025-05-19T13:58:14.782+0000] {__init__.py:3509} INFO - Retaining 152 glyphs
[2025-05-19T13:58:14.782+0000] {__init__.py:3519} INFO - head subsetting not needed
[2025-05-19T13:58:14.783+0000] {__init__.py:3519} INFO - hhea subsetting not needed
[2025-05-19T13:58:14.783+0000] {__init__.py:3519} INFO - maxp subsetting not needed
[2025-05-19T13:58:14.783+0000] {__init__.py:3519} INFO - OS/2 subsetting not needed
[2025-05-19T13:58:14.783+0000] {__init__.py:3530} INFO - hmtx subsetted
[2025-05-19T13:58:14.785+0000] {__init__.py:3530} INFO - cmap subsetted
[2025-05-19T13:58:14.785+0000] {__init__.py:3519} INFO - fpgm subsetting not needed
[2025-05-19T13:58:14.786+0000] {__init__.py:3519} INFO - prep subsetting not needed
[2025-05-19T13:58:14.786+0000] {__init__.py:3519} INFO - cvt  subsetting not needed
[2025-05-19T13:58:14.786+0000] {__init__.py:3519} INFO - loca subsetting not needed
[2025-05-19T13:58:14.786+0000] {__init__.py:3530} INFO - post subsetted
[2025-05-19T13:58:14.786+0000] {__init__.py:3519} INFO - gasp subsetting not needed
[2025-05-19T13:58:14.786+0000] {__init__.py:3519} INFO - name subsetting not needed
[2025-05-19T13:58:14.788+0000] {__init__.py:3530} INFO - glyf subsetted
[2025-05-19T13:58:14.789+0000] {__init__.py:3589} INFO - head pruned
[2025-05-19T13:58:14.789+0000] {__init__.py:3556} INFO - OS/2 Unicode ranges pruned: [0, 1, 2, 3, 6, 29, 31]
[2025-05-19T13:58:14.789+0000] {__init__.py:3565} INFO - OS/2 CodePage ranges pruned: [0]
[2025-05-19T13:58:14.790+0000] {__init__.py:3589} INFO - glyf pruned
[2025-05-19T13:58:14.791+0000] {__init__.py:3589} INFO - name pruned
[2025-05-19T13:58:14.807+0000] {__init__.py:3337} INFO - maxp pruned
[2025-05-19T13:58:14.807+0000] {__init__.py:3337} INFO - cmap pruned
[2025-05-19T13:58:14.808+0000] {__init__.py:3321} INFO - kern dropped
[2025-05-19T13:58:14.808+0000] {__init__.py:3337} INFO - post pruned
[2025-05-19T13:58:14.808+0000] {__init__.py:3321} INFO - FFTM dropped
[2025-05-19T13:58:14.808+0000] {__init__.py:3321} INFO - GDEF dropped
[2025-05-19T13:58:14.808+0000] {__init__.py:3321} INFO - GPOS dropped
[2025-05-19T13:58:14.808+0000] {__init__.py:3321} INFO - GSUB dropped
[2025-05-19T13:58:14.808+0000] {__init__.py:3337} INFO - glyf pruned
[2025-05-19T13:58:14.809+0000] {__init__.py:3377} INFO - Added gid0 to subset
[2025-05-19T13:58:14.809+0000] {__init__.py:3385} INFO - Added first four glyphs to subset
[2025-05-19T13:58:14.810+0000] {__init__.py:3450} INFO - Closing glyph list over 'glyf': 13 glyphs before
[2025-05-19T13:58:14.810+0000] {__init__.py:457} INFO - Glyph names: ['.notdef', '.null', 'Agrave', 'B', 'Dcroat', 'G', 'I', 'L', 'nonmarkingreturn', 'space', 'uni1EA2', 'uni1EC0', 'uni1EDC']
[2025-05-19T13:58:14.810+0000] {__init__.py:460} INFO - Glyph IDs:   [0, 1, 2, 3, 37, 42, 44, 47, 130, 210, 2464, 2494, 2522]
[2025-05-19T13:58:14.810+0000] {__init__.py:3456} INFO - Closed glyph list over 'glyf': 23 glyphs after
[2025-05-19T13:58:14.810+0000] {__init__.py:457} INFO - Glyph names: ['.notdef', '.null', 'A', 'Agrave', 'B', 'Circumflex', 'Dcroat', 'E', 'Eth', 'G', 'Grave', 'I', 'L', 'O', 'Ohorn', 'hookabovecomb', 'nonmarkingreturn', 'space', 'uni03020300', 'uni031B', 'uni1EA2', 'uni1EC0', 'uni1EDC']
[2025-05-19T13:58:14.810+0000] {__init__.py:460} INFO - Glyph IDs:   [0, 1, 2, 3, 36, 37, 40, 42, 44, 47, 50, 130, 146, 210, 354, 698, 716, 2464, 2494, 2522, 5905, 5906, 5966]
[2025-05-19T13:58:14.811+0000] {__init__.py:3509} INFO - Retaining 23 glyphs
[2025-05-19T13:58:14.811+0000] {__init__.py:3519} INFO - head subsetting not needed
[2025-05-19T13:58:14.811+0000] {__init__.py:3519} INFO - hhea subsetting not needed
[2025-05-19T13:58:14.811+0000] {__init__.py:3519} INFO - maxp subsetting not needed
[2025-05-19T13:58:14.812+0000] {__init__.py:3519} INFO - OS/2 subsetting not needed
[2025-05-19T13:58:14.812+0000] {__init__.py:3530} INFO - hmtx subsetted
[2025-05-19T13:58:14.814+0000] {__init__.py:3530} INFO - cmap subsetted
[2025-05-19T13:58:14.814+0000] {__init__.py:3519} INFO - fpgm subsetting not needed
[2025-05-19T13:58:14.814+0000] {__init__.py:3519} INFO - prep subsetting not needed
[2025-05-19T13:58:14.814+0000] {__init__.py:3519} INFO - cvt  subsetting not needed
[2025-05-19T13:58:14.814+0000] {__init__.py:3519} INFO - loca subsetting not needed
[2025-05-19T13:58:14.814+0000] {__init__.py:3530} INFO - post subsetted
[2025-05-19T13:58:14.814+0000] {__init__.py:3519} INFO - gasp subsetting not needed
[2025-05-19T13:58:14.815+0000] {__init__.py:3519} INFO - name subsetting not needed
[2025-05-19T13:58:14.816+0000] {__init__.py:3530} INFO - glyf subsetted
[2025-05-19T13:58:14.816+0000] {__init__.py:3589} INFO - head pruned
[2025-05-19T13:58:14.817+0000] {__init__.py:3556} INFO - OS/2 Unicode ranges pruned: [0, 1, 2, 29]
[2025-05-19T13:58:14.817+0000] {__init__.py:3565} INFO - OS/2 CodePage ranges pruned: [0]
[2025-05-19T13:58:14.817+0000] {__init__.py:3589} INFO - glyf pruned
[2025-05-19T13:58:14.818+0000] {__init__.py:3589} INFO - name pruned
[2025-05-19T13:58:14.823+0000] {__init__.py:3337} INFO - maxp pruned
[2025-05-19T13:58:14.824+0000] {__init__.py:3337} INFO - cmap pruned
[2025-05-19T13:58:14.824+0000] {__init__.py:3321} INFO - kern dropped
[2025-05-19T13:58:14.824+0000] {__init__.py:3337} INFO - post pruned
[2025-05-19T13:58:14.825+0000] {__init__.py:3321} INFO - FFTM dropped
[2025-05-19T13:58:14.825+0000] {__init__.py:3321} INFO - GDEF dropped
[2025-05-19T13:58:14.825+0000] {__init__.py:3321} INFO - GPOS dropped
[2025-05-19T13:58:14.825+0000] {__init__.py:3321} INFO - GSUB dropped
[2025-05-19T13:58:14.825+0000] {__init__.py:3337} INFO - glyf pruned
[2025-05-19T13:58:14.826+0000] {__init__.py:3377} INFO - Added gid0 to subset
[2025-05-19T13:58:14.826+0000] {__init__.py:3385} INFO - Added first four glyphs to subset
[2025-05-19T13:58:14.826+0000] {__init__.py:3450} INFO - Closing glyph list over 'glyf': 81 glyphs before
[2025-05-19T13:58:14.827+0000] {__init__.py:457} INFO - Glyph names: ['.notdef', '.null', 'A', 'B', 'C', 'D', 'E', 'H', 'I', 'J', 'K', 'L', 'M', 'N', 'O', 'P', 'Q', 'R', 'S', 'T', 'V', 'X', 'Z', 'a', 'asciicircum', 'b', 'backslash', 'bar', 'braceleft', 'braceright', 'bracketleft', 'bracketright', 'c', 'colon', 'comma', 'd', 'dollar', 'e', 'eight', 'equal', 'f', 'five', 'four', 'g', 'greater', 'h', 'hyphen', 'i', 'k', 'l', 'less', 'm', 'n', 'nine', 'nonmarkingreturn', 'o', 'one', 'p', 'parenleft', 'parenright', 'percent', 'period', 'plus', 'q', 'r', 's', 'semicolon', 'seven', 'six', 'space', 't', 'three', 'two', 'u', 'underscore', 'uni1ED7', 'v', 'w', 'x', 'y', 'zero']
[2025-05-19T13:58:14.827+0000] {__init__.py:460} INFO - Glyph IDs:   [0, 1, 2, 3, 7, 8, 11, 12, 14, 15, 16, 17, 19, 20, 21, 22, 23, 24, 25, 26, 27, 28, 29, 30, 31, 32, 33, 36, 37, 38, 39, 40, 43, 44, 45, 46, 47, 48, 49, 50, 51, 52, 53, 54, 55, 57, 59, 61, 62, 63, 64, 65, 66, 68, 69, 70, 71, 72, 73, 74, 75, 76, 78, 79, 80, 81, 82, 83, 84, 85, 86, 87, 88, 89, 90, 91, 92, 94, 95, 96, 2269]
[2025-05-19T13:58:14.828+0000] {__init__.py:3456} INFO - Closed glyph list over 'glyf': 84 glyphs after
[2025-05-19T13:58:14.828+0000] {__init__.py:457} INFO - Glyph names: ['.notdef', '.null', 'A', 'B', 'C', 'Circumflex', 'D', 'E', 'H', 'I', 'J', 'K', 'L', 'M', 'N', 'O', 'P', 'Q', 'R', 'S', 'T', 'Tilde', 'V', 'X', 'Z', 'a', 'asciicircum', 'b', 'backslash', 'bar', 'braceleft', 'braceright', 'bracketleft', 'bracketright', 'c', 'colon', 'comma', 'd', 'dollar', 'e', 'eight', 'equal', 'f', 'five', 'four', 'g', 'greater', 'h', 'hyphen', 'i', 'k', 'l', 'less', 'm', 'n', 'nine', 'nonmarkingreturn', 'o', 'one', 'p', 'parenleft', 'parenright', 'percent', 'period', 'plus', 'q', 'r', 's', 'semicolon', 'seven', 'six', 'space', 't', 'three', 'two', 'u', 'underscore', 'uni03020303', 'uni1ED7', 'v', 'w', 'x', 'y', 'zero']
[2025-05-19T13:58:14.828+0000] {__init__.py:460} INFO - Glyph IDs:   [0, 1, 2, 3, 7, 8, 11, 12, 14, 15, 16, 17, 19, 20, 21, 22, 23, 24, 25, 26, 27, 28, 29, 30, 31, 32, 33, 36, 37, 38, 39, 40, 43, 44, 45, 46, 47, 48, 49, 50, 51, 52, 53, 54, 55, 57, 59, 61, 62, 63, 64, 65, 66, 68, 69, 70, 71, 72, 73, 74, 75, 76, 78, 79, 80, 81, 82, 83, 84, 85, 86, 87, 88, 89, 90, 91, 92, 94, 95, 96, 2269, 5289, 5291, 5315]
[2025-05-19T13:58:14.828+0000] {__init__.py:3509} INFO - Retaining 84 glyphs
[2025-05-19T13:58:14.829+0000] {__init__.py:3519} INFO - head subsetting not needed
[2025-05-19T13:58:14.829+0000] {__init__.py:3519} INFO - hhea subsetting not needed
[2025-05-19T13:58:14.829+0000] {__init__.py:3519} INFO - maxp subsetting not needed
[2025-05-19T13:58:14.829+0000] {__init__.py:3519} INFO - OS/2 subsetting not needed
[2025-05-19T13:58:14.830+0000] {__init__.py:3530} INFO - hmtx subsetted
[2025-05-19T13:58:14.832+0000] {__init__.py:3530} INFO - cmap subsetted
[2025-05-19T13:58:14.832+0000] {__init__.py:3519} INFO - fpgm subsetting not needed
[2025-05-19T13:58:14.832+0000] {__init__.py:3519} INFO - prep subsetting not needed
[2025-05-19T13:58:14.832+0000] {__init__.py:3519} INFO - cvt  subsetting not needed
[2025-05-19T13:58:14.833+0000] {__init__.py:3519} INFO - loca subsetting not needed
[2025-05-19T13:58:14.833+0000] {__init__.py:3530} INFO - post subsetted
[2025-05-19T13:58:14.833+0000] {__init__.py:3519} INFO - gasp subsetting not needed
[2025-05-19T13:58:14.833+0000] {__init__.py:3519} INFO - name subsetting not needed
[2025-05-19T13:58:14.835+0000] {__init__.py:3530} INFO - glyf subsetted
[2025-05-19T13:58:14.836+0000] {__init__.py:3589} INFO - head pruned
[2025-05-19T13:58:14.836+0000] {__init__.py:3556} INFO - OS/2 Unicode ranges pruned: [0, 29]
[2025-05-19T13:58:14.836+0000] {__init__.py:3565} INFO - OS/2 CodePage ranges pruned: [0]
[2025-05-19T13:58:14.838+0000] {__init__.py:3589} INFO - glyf pruned
[2025-05-19T13:58:14.839+0000] {__init__.py:3589} INFO - name pruned
[2025-05-19T13:58:14.860+0000] {__init__.py:3337} INFO - maxp pruned
[2025-05-19T13:58:14.861+0000] {__init__.py:3337} INFO - cmap pruned
[2025-05-19T13:58:14.861+0000] {__init__.py:3321} INFO - kern dropped
[2025-05-19T13:58:14.861+0000] {__init__.py:3337} INFO - post pruned
[2025-05-19T13:58:14.862+0000] {__init__.py:3321} INFO - FFTM dropped
[2025-05-19T13:58:14.862+0000] {__init__.py:3321} INFO - GDEF dropped
[2025-05-19T13:58:14.862+0000] {__init__.py:3321} INFO - GPOS dropped
[2025-05-19T13:58:14.862+0000] {__init__.py:3321} INFO - GSUB dropped
[2025-05-19T13:58:14.862+0000] {__init__.py:3337} INFO - glyf pruned
[2025-05-19T13:58:14.863+0000] {__init__.py:3377} INFO - Added gid0 to subset
[2025-05-19T13:58:14.863+0000] {__init__.py:3385} INFO - Added first four glyphs to subset
[2025-05-19T13:58:14.864+0000] {__init__.py:3450} INFO - Closing glyph list over 'glyf': 4 glyphs before
[2025-05-19T13:58:14.864+0000] {__init__.py:457} INFO - Glyph names: ['.notdef', '.null', 'nonmarkingreturn', 'space']
[2025-05-19T13:58:14.864+0000] {__init__.py:460} INFO - Glyph IDs:   [0, 1, 2, 3]
[2025-05-19T13:58:14.864+0000] {__init__.py:3456} INFO - Closed glyph list over 'glyf': 4 glyphs after
[2025-05-19T13:58:14.864+0000] {__init__.py:457} INFO - Glyph names: ['.notdef', '.null', 'nonmarkingreturn', 'space']
[2025-05-19T13:58:14.865+0000] {__init__.py:460} INFO - Glyph IDs:   [0, 1, 2, 3]
[2025-05-19T13:58:14.865+0000] {__init__.py:3509} INFO - Retaining 4 glyphs
[2025-05-19T13:58:14.866+0000] {__init__.py:3519} INFO - head subsetting not needed
[2025-05-19T13:58:14.866+0000] {__init__.py:3519} INFO - hhea subsetting not needed
[2025-05-19T13:58:14.866+0000] {__init__.py:3519} INFO - maxp subsetting not needed
[2025-05-19T13:58:14.866+0000] {__init__.py:3519} INFO - OS/2 subsetting not needed
[2025-05-19T13:58:14.866+0000] {__init__.py:3530} INFO - hmtx subsetted
[2025-05-19T13:58:14.869+0000] {__init__.py:3530} INFO - cmap subsetted
[2025-05-19T13:58:14.869+0000] {__init__.py:3519} INFO - fpgm subsetting not needed
[2025-05-19T13:58:14.869+0000] {__init__.py:3519} INFO - prep subsetting not needed
[2025-05-19T13:58:14.869+0000] {__init__.py:3519} INFO - cvt  subsetting not needed
[2025-05-19T13:58:14.870+0000] {__init__.py:3519} INFO - loca subsetting not needed
[2025-05-19T13:58:14.870+0000] {__init__.py:3530} INFO - post subsetted
[2025-05-19T13:58:14.870+0000] {__init__.py:3519} INFO - gasp subsetting not needed
[2025-05-19T13:58:14.870+0000] {__init__.py:3519} INFO - name subsetting not needed
[2025-05-19T13:58:14.872+0000] {__init__.py:3530} INFO - glyf subsetted
[2025-05-19T13:58:14.873+0000] {__init__.py:3589} INFO - head pruned
[2025-05-19T13:58:14.873+0000] {__init__.py:3556} INFO - OS/2 Unicode ranges pruned: [0]
[2025-05-19T13:58:14.873+0000] {__init__.py:3565} INFO - OS/2 CodePage ranges pruned: [0]
[2025-05-19T13:58:14.874+0000] {__init__.py:3589} INFO - glyf pruned
[2025-05-19T13:58:14.875+0000] {__init__.py:3589} INFO - name pruned
[2025-05-19T13:58:14.886+0000] {MathCrawler.py:286} INFO - Đã lưu PDF tại: /opt/***/output/bai_giai_1.pdf
[2025-05-19T13:58:14.886+0000] {MathDag.py:88} INFO - Đã lưu PDF: /opt/***/output/bai_giai_1.pdf
[2025-05-19T14:26:23.012+0000] {__init__.py:3337} INFO - maxp pruned
[2025-05-19T14:26:23.013+0000] {__init__.py:3337} INFO - cmap pruned
[2025-05-19T14:26:23.013+0000] {__init__.py:3321} INFO - kern dropped
[2025-05-19T14:26:23.013+0000] {__init__.py:3337} INFO - post pruned
[2025-05-19T14:26:23.013+0000] {__init__.py:3321} INFO - FFTM dropped
[2025-05-19T14:26:23.014+0000] {__init__.py:3321} INFO - MATH dropped
[2025-05-19T14:26:23.014+0000] {__init__.py:3321} INFO - GDEF dropped
[2025-05-19T14:26:23.014+0000] {__init__.py:3321} INFO - GPOS dropped
[2025-05-19T14:26:23.014+0000] {__init__.py:3321} INFO - GSUB dropped
[2025-05-19T14:26:23.014+0000] {__init__.py:3337} INFO - glyf pruned
[2025-05-19T14:26:23.015+0000] {__init__.py:3377} INFO - Added gid0 to subset
[2025-05-19T14:26:23.015+0000] {__init__.py:3385} INFO - Added first four glyphs to subset
[2025-05-19T14:26:23.015+0000] {__init__.py:3450} INFO - Closing glyph list over 'glyf': 129 glyphs before
[2025-05-19T14:26:23.015+0000] {__init__.py:457} INFO - Glyph names: ['.notdef', '.null', 'A', 'Aacute', 'B', 'C', 'D', 'Dcroat', 'E', 'G', 'H', 'K', 'L', 'M', 'N', 'P', 'Q', 'R', 'S', 'T', 'V', 'X', 'a', 'aacute', 'abreve', 'acircumflex', 'agrave', 'atilde', 'b', 'bracketleft', 'c', 'colon', 'comma', 'd', 'dcroat', 'e', 'eacute', 'ecircumflex', 'egrave', 'eight', 'endash', 'equal', 'five', 'four', 'g', 'h', 'i', 'iacute', 'igrave', 'itilde', 'k', 'l', 'm', 'n', 'nine', 'nonmarkingreturn', 'o', 'oacute', 'ocircumflex', 'ograve', 'ohorn', 'one', 'p', 'parenleft', 'parenright', 'percent', 'period', 'plus', 'q', 'question', 'quotedblleft', 'quotedblright', 'r', 's', 'semicolon', 'seven', 'six', 'slash', 'space', 't', 'three', 'two', 'u', 'uacute', 'ugrave', 'uhorn', 'uni1EA1', 'uni1EA3', 'uni1EA5', 'uni1EA7', 'uni1EA9', 'uni1EAB', 'uni1EAD', 'uni1EAF', 'uni1EB1', 'uni1EB3', 'uni1EB7', 'uni1EBB', 'uni1EBD', 'uni1EBF', 'uni1EC1', 'uni1EC3', 'uni1EC5', 'uni1EC7', 'uni1EC9', 'uni1ECB', 'uni1ECD', 'uni1ECF', 'uni1ED1', 'uni1ED3', 'uni1ED5', 'uni1ED7', 'uni1ED9', 'uni1EDB', 'uni1EDD', 'uni1EDF', 'uni1EE3', 'uni1EE5', 'uni1EE7', 'uni1EE9', 'uni1EEB', 'uni1EED', 'uni1EEF', 'uni1EF1', 'uni1EF9', 'v', 'x', 'y', 'zero']
[2025-05-19T14:26:23.016+0000] {__init__.py:460} INFO - Glyph IDs:   [0, 1, 2, 3, 8, 11, 12, 14, 15, 17, 18, 19, 20, 21, 22, 23, 24, 25, 26, 27, 28, 29, 30, 32, 34, 36, 37, 38, 39, 40, 42, 43, 46, 47, 48, 49, 51, 52, 53, 54, 55, 57, 59, 62, 68, 69, 70, 71, 72, 74, 75, 76, 78, 79, 80, 81, 82, 83, 84, 85, 86, 87, 88, 89, 91, 92, 131, 162, 163, 164, 165, 170, 171, 172, 174, 175, 180, 181, 182, 187, 188, 197, 210, 211, 235, 355, 370, 2463, 2465, 2467, 2469, 2471, 2473, 2475, 2477, 2479, 2481, 2485, 2489, 2491, 2493, 2495, 2497, 2499, 2501, 2503, 2505, 2507, 2509, 2511, 2513, 2515, 2517, 2519, 2521, 2523, 2525, 2529, 2531, 2533, 2535, 2537, 2539, 2541, 2543, 2551, 2806, 2815, 2816]
[2025-05-19T14:26:23.016+0000] {__init__.py:3456} INFO - Closed glyph list over 'glyf': 152 glyphs after
[2025-05-19T14:26:23.017+0000] {__init__.py:457} INFO - Glyph names: ['.notdef', '.null', 'A', 'Aacute', 'Acute', 'B', 'Breve', 'C', 'Circumflex', 'D', 'Dcroat', 'E', 'Eth', 'G', 'Grave', 'H', 'K', 'L', 'M', 'N', 'P', 'Q', 'R', 'S', 'T', 'Tilde', 'V', 'X', 'a', 'aacute', 'abreve', 'acircumflex', 'acute', 'agrave', 'atilde', 'b', 'bracketleft', 'breve', 'c', 'circumflex', 'colon', 'comma', 'd', 'dcroat', 'dotbelowcomb', 'dotlessi', 'e', 'eacute', 'ecircumflex', 'egrave', 'eight', 'endash', 'equal', 'five', 'four', 'g', 'grave', 'h', 'hookabovecomb', 'i', 'iacute', 'igrave', 'itilde', 'k', 'l', 'm', 'n', 'nine', 'nonmarkingreturn', 'o', 'oacute', 'ocircumflex', 'ograve', 'ohorn', 'one', 'p', 'parenleft', 'parenright', 'percent', 'period', 'plus', 'q', 'question', 'quotedblleft', 'quotedblright', 'r', 's', 'semicolon', 'seven', 'six', 'slash', 'space', 't', 'three', 'tilde', 'two', 'u', 'uacute', 'ugrave', 'uhorn', 'uni03020300', 'uni03020301', 'uni03020303', 'uni03020309', 'uni03060300', 'uni03060301', 'uni03060309', 'uni031B', 'uni1EA1', 'uni1EA3', 'uni1EA5', 'uni1EA7', 'uni1EA9', 'uni1EAB', 'uni1EAD', 'uni1EAF', 'uni1EB1', 'uni1EB3', 'uni1EB7', 'uni1EB9', 'uni1EBB', 'uni1EBD', 'uni1EBF', 'uni1EC1', 'uni1EC3', 'uni1EC5', 'uni1EC7', 'uni1EC9', 'uni1ECB', 'uni1ECD', 'uni1ECF', 'uni1ED1', 'uni1ED3', 'uni1ED5', 'uni1ED7', 'uni1ED9', 'uni1EDB', 'uni1EDD', 'uni1EDF', 'uni1EE3', 'uni1EE5', 'uni1EE7', 'uni1EE9', 'uni1EEB', 'uni1EED', 'uni1EEF', 'uni1EF1', 'uni1EF9', 'v', 'x', 'y', 'zero']
[2025-05-19T14:26:23.017+0000] {__init__.py:460} INFO - Glyph IDs:   [0, 1, 2, 3, 8, 11, 12, 14, 15, 17, 18, 19, 20, 21, 22, 23, 24, 25, 26, 27, 28, 29, 30, 32, 34, 36, 37, 38, 39, 40, 42, 43, 46, 47, 48, 49, 51, 52, 53, 54, 55, 57, 59, 62, 67, 68, 69, 70, 71, 72, 74, 75, 76, 78, 79, 80, 81, 82, 83, 84, 85, 86, 87, 88, 89, 91, 92, 118, 131, 146, 162, 163, 164, 165, 170, 171, 172, 174, 175, 180, 181, 182, 187, 188, 197, 210, 211, 235, 243, 355, 370, 648, 666, 670, 698, 716, 724, 2463, 2465, 2467, 2469, 2471, 2473, 2475, 2477, 2479, 2481, 2485, 2487, 2489, 2491, 2493, 2495, 2497, 2499, 2501, 2503, 2505, 2507, 2509, 2511, 2513, 2515, 2517, 2519, 2521, 2523, 2525, 2529, 2531, 2533, 2535, 2537, 2539, 2541, 2543, 2551, 2806, 2815, 2816, 5923, 5924, 5925, 5926, 5929, 5985, 5986, 5987, 5989, 5990, 5991, 5992]
[2025-05-19T14:26:23.018+0000] {__init__.py:3509} INFO - Retaining 152 glyphs
[2025-05-19T14:26:23.018+0000] {__init__.py:3519} INFO - head subsetting not needed
[2025-05-19T14:26:23.018+0000] {__init__.py:3519} INFO - hhea subsetting not needed
[2025-05-19T14:26:23.018+0000] {__init__.py:3519} INFO - maxp subsetting not needed
[2025-05-19T14:26:23.019+0000] {__init__.py:3519} INFO - OS/2 subsetting not needed
[2025-05-19T14:26:23.019+0000] {__init__.py:3530} INFO - hmtx subsetted
[2025-05-19T14:26:23.021+0000] {__init__.py:3530} INFO - cmap subsetted
[2025-05-19T14:26:23.021+0000] {__init__.py:3519} INFO - fpgm subsetting not needed
[2025-05-19T14:26:23.021+0000] {__init__.py:3519} INFO - prep subsetting not needed
[2025-05-19T14:26:23.022+0000] {__init__.py:3519} INFO - cvt  subsetting not needed
[2025-05-19T14:26:23.022+0000] {__init__.py:3519} INFO - loca subsetting not needed
[2025-05-19T14:26:23.022+0000] {__init__.py:3530} INFO - post subsetted
[2025-05-19T14:26:23.022+0000] {__init__.py:3519} INFO - gasp subsetting not needed
[2025-05-19T14:26:23.022+0000] {__init__.py:3519} INFO - name subsetting not needed
[2025-05-19T14:26:23.024+0000] {__init__.py:3530} INFO - glyf subsetted
[2025-05-19T14:26:23.024+0000] {__init__.py:3589} INFO - head pruned
[2025-05-19T14:26:23.025+0000] {__init__.py:3556} INFO - OS/2 Unicode ranges pruned: [0, 1, 2, 3, 29, 31]
[2025-05-19T14:26:23.025+0000] {__init__.py:3565} INFO - OS/2 CodePage ranges pruned: [0]
[2025-05-19T14:26:23.026+0000] {__init__.py:3589} INFO - glyf pruned
[2025-05-19T14:26:23.027+0000] {__init__.py:3589} INFO - name pruned
[2025-05-19T14:26:23.041+0000] {__init__.py:3337} INFO - maxp pruned
[2025-05-19T14:26:23.041+0000] {__init__.py:3337} INFO - cmap pruned
[2025-05-19T14:26:23.042+0000] {__init__.py:3321} INFO - kern dropped
[2025-05-19T14:26:23.042+0000] {__init__.py:3337} INFO - post pruned
[2025-05-19T14:26:23.042+0000] {__init__.py:3321} INFO - FFTM dropped
[2025-05-19T14:26:23.042+0000] {__init__.py:3321} INFO - GDEF dropped
[2025-05-19T14:26:23.042+0000] {__init__.py:3321} INFO - GPOS dropped
[2025-05-19T14:26:23.042+0000] {__init__.py:3321} INFO - GSUB dropped
[2025-05-19T14:26:23.042+0000] {__init__.py:3337} INFO - glyf pruned
[2025-05-19T14:26:23.043+0000] {__init__.py:3377} INFO - Added gid0 to subset
[2025-05-19T14:26:23.044+0000] {__init__.py:3385} INFO - Added first four glyphs to subset
[2025-05-19T14:26:23.044+0000] {__init__.py:3450} INFO - Closing glyph list over 'glyf': 13 glyphs before
[2025-05-19T14:26:23.044+0000] {__init__.py:457} INFO - Glyph names: ['.notdef', '.null', 'Agrave', 'B', 'Dcroat', 'G', 'I', 'L', 'nonmarkingreturn', 'space', 'uni1EA2', 'uni1EC0', 'uni1EDC']
[2025-05-19T14:26:23.044+0000] {__init__.py:460} INFO - Glyph IDs:   [0, 1, 2, 3, 37, 42, 44, 47, 130, 210, 2464, 2494, 2522]
[2025-05-19T14:26:23.044+0000] {__init__.py:3456} INFO - Closed glyph list over 'glyf': 23 glyphs after
[2025-05-19T14:26:23.044+0000] {__init__.py:457} INFO - Glyph names: ['.notdef', '.null', 'A', 'Agrave', 'B', 'Circumflex', 'Dcroat', 'E', 'Eth', 'G', 'Grave', 'I', 'L', 'O', 'Ohorn', 'hookabovecomb', 'nonmarkingreturn', 'space', 'uni03020300', 'uni031B', 'uni1EA2', 'uni1EC0', 'uni1EDC']
[2025-05-19T14:26:23.045+0000] {__init__.py:460} INFO - Glyph IDs:   [0, 1, 2, 3, 36, 37, 40, 42, 44, 47, 50, 130, 146, 210, 354, 698, 716, 2464, 2494, 2522, 5905, 5906, 5966]
[2025-05-19T14:26:23.045+0000] {__init__.py:3509} INFO - Retaining 23 glyphs
[2025-05-19T14:26:23.046+0000] {__init__.py:3519} INFO - head subsetting not needed
[2025-05-19T14:26:23.046+0000] {__init__.py:3519} INFO - hhea subsetting not needed
[2025-05-19T14:26:23.046+0000] {__init__.py:3519} INFO - maxp subsetting not needed
[2025-05-19T14:26:23.046+0000] {__init__.py:3519} INFO - OS/2 subsetting not needed
[2025-05-19T14:26:23.046+0000] {__init__.py:3530} INFO - hmtx subsetted
[2025-05-19T14:26:23.048+0000] {__init__.py:3530} INFO - cmap subsetted
[2025-05-19T14:26:23.048+0000] {__init__.py:3519} INFO - fpgm subsetting not needed
[2025-05-19T14:26:23.048+0000] {__init__.py:3519} INFO - prep subsetting not needed
[2025-05-19T14:26:23.049+0000] {__init__.py:3519} INFO - cvt  subsetting not needed
[2025-05-19T14:26:23.049+0000] {__init__.py:3519} INFO - loca subsetting not needed
[2025-05-19T14:26:23.049+0000] {__init__.py:3530} INFO - post subsetted
[2025-05-19T14:26:23.049+0000] {__init__.py:3519} INFO - gasp subsetting not needed
[2025-05-19T14:26:23.049+0000] {__init__.py:3519} INFO - name subsetting not needed
[2025-05-19T14:26:23.051+0000] {__init__.py:3530} INFO - glyf subsetted
[2025-05-19T14:26:23.051+0000] {__init__.py:3589} INFO - head pruned
[2025-05-19T14:26:23.052+0000] {__init__.py:3556} INFO - OS/2 Unicode ranges pruned: [0, 1, 2, 29]
[2025-05-19T14:26:23.052+0000] {__init__.py:3565} INFO - OS/2 CodePage ranges pruned: [0]
[2025-05-19T14:26:23.053+0000] {__init__.py:3589} INFO - glyf pruned
[2025-05-19T14:26:23.055+0000] {__init__.py:3589} INFO - name pruned
[2025-05-19T14:26:23.061+0000] {__init__.py:3337} INFO - maxp pruned
[2025-05-19T14:26:23.062+0000] {__init__.py:3337} INFO - cmap pruned
[2025-05-19T14:26:23.063+0000] {__init__.py:3321} INFO - kern dropped
[2025-05-19T14:26:23.064+0000] {__init__.py:3337} INFO - post pruned
[2025-05-19T14:26:23.064+0000] {__init__.py:3321} INFO - FFTM dropped
[2025-05-19T14:26:23.064+0000] {__init__.py:3321} INFO - GDEF dropped
[2025-05-19T14:26:23.064+0000] {__init__.py:3321} INFO - GPOS dropped
[2025-05-19T14:26:23.064+0000] {__init__.py:3321} INFO - GSUB dropped
[2025-05-19T14:26:23.064+0000] {__init__.py:3337} INFO - glyf pruned
[2025-05-19T14:26:23.065+0000] {__init__.py:3377} INFO - Added gid0 to subset
[2025-05-19T14:26:23.065+0000] {__init__.py:3385} INFO - Added first four glyphs to subset
[2025-05-19T14:26:23.066+0000] {__init__.py:3450} INFO - Closing glyph list over 'glyf': 81 glyphs before
[2025-05-19T14:26:23.066+0000] {__init__.py:457} INFO - Glyph names: ['.notdef', '.null', 'A', 'B', 'C', 'D', 'E', 'F', 'H', 'I', 'J', 'K', 'L', 'M', 'N', 'O', 'P', 'Q', 'R', 'S', 'T', 'V', 'X', 'a', 'asciicircum', 'asterisk', 'b', 'backslash', 'braceleft', 'braceright', 'bracketleft', 'bracketright', 'c', 'colon', 'comma', 'd', 'dollar', 'e', 'eight', 'equal', 'f', 'five', 'four', 'g', 'greater', 'h', 'hyphen', 'i', 'k', 'l', 'less', 'm', 'n', 'nine', 'nonmarkingreturn', 'o', 'one', 'p', 'parenleft', 'parenright', 'percent', 'period', 'plus', 'q', 'r', 's', 'semicolon', 'seven', 'six', 'space', 't', 'three', 'two', 'u', 'underscore', 'uni1ED7', 'v', 'w', 'x', 'y', 'zero']
[2025-05-19T14:26:23.066+0000] {__init__.py:460} INFO - Glyph IDs:   [0, 1, 2, 3, 7, 8, 11, 12, 13, 14, 15, 16, 17, 19, 20, 21, 22, 23, 24, 25, 26, 27, 28, 29, 30, 31, 32, 33, 36, 37, 38, 39, 40, 41, 43, 44, 45, 46, 47, 48, 49, 50, 51, 52, 53, 54, 55, 57, 59, 62, 63, 64, 65, 66, 68, 69, 70, 71, 72, 73, 74, 75, 76, 78, 79, 80, 81, 82, 83, 84, 85, 86, 87, 88, 89, 90, 91, 92, 94, 96, 2269]
[2025-05-19T14:26:23.067+0000] {__init__.py:3456} INFO - Closed glyph list over 'glyf': 84 glyphs after
[2025-05-19T14:26:23.067+0000] {__init__.py:457} INFO - Glyph names: ['.notdef', '.null', 'A', 'B', 'C', 'Circumflex', 'D', 'E', 'F', 'H', 'I', 'J', 'K', 'L', 'M', 'N', 'O', 'P', 'Q', 'R', 'S', 'T', 'Tilde', 'V', 'X', 'a', 'asciicircum', 'asterisk', 'b', 'backslash', 'braceleft', 'braceright', 'bracketleft', 'bracketright', 'c', 'colon', 'comma', 'd', 'dollar', 'e', 'eight', 'equal', 'f', 'five', 'four', 'g', 'greater', 'h', 'hyphen', 'i', 'k', 'l', 'less', 'm', 'n', 'nine', 'nonmarkingreturn', 'o', 'one', 'p', 'parenleft', 'parenright', 'percent', 'period', 'plus', 'q', 'r', 's', 'semicolon', 'seven', 'six', 'space', 't', 'three', 'two', 'u', 'underscore', 'uni03020303', 'uni1ED7', 'v', 'w', 'x', 'y', 'zero']
[2025-05-19T14:26:23.068+0000] {__init__.py:460} INFO - Glyph IDs:   [0, 1, 2, 3, 7, 8, 11, 12, 13, 14, 15, 16, 17, 19, 20, 21, 22, 23, 24, 25, 26, 27, 28, 29, 30, 31, 32, 33, 36, 37, 38, 39, 40, 41, 43, 44, 45, 46, 47, 48, 49, 50, 51, 52, 53, 54, 55, 57, 59, 62, 63, 64, 65, 66, 68, 69, 70, 71, 72, 73, 74, 75, 76, 78, 79, 80, 81, 82, 83, 84, 85, 86, 87, 88, 89, 90, 91, 92, 94, 96, 2269, 5289, 5291, 5315]
[2025-05-19T14:26:23.069+0000] {__init__.py:3509} INFO - Retaining 84 glyphs
[2025-05-19T14:26:23.070+0000] {__init__.py:3519} INFO - head subsetting not needed
[2025-05-19T14:26:23.070+0000] {__init__.py:3519} INFO - hhea subsetting not needed
[2025-05-19T14:26:23.070+0000] {__init__.py:3519} INFO - maxp subsetting not needed
[2025-05-19T14:26:23.070+0000] {__init__.py:3519} INFO - OS/2 subsetting not needed
[2025-05-19T14:26:23.071+0000] {__init__.py:3530} INFO - hmtx subsetted
[2025-05-19T14:26:23.072+0000] {__init__.py:3530} INFO - cmap subsetted
[2025-05-19T14:26:23.072+0000] {__init__.py:3519} INFO - fpgm subsetting not needed
[2025-05-19T14:26:23.073+0000] {__init__.py:3519} INFO - prep subsetting not needed
[2025-05-19T14:26:23.073+0000] {__init__.py:3519} INFO - cvt  subsetting not needed
[2025-05-19T14:26:23.073+0000] {__init__.py:3519} INFO - loca subsetting not needed
[2025-05-19T14:26:23.073+0000] {__init__.py:3530} INFO - post subsetted
[2025-05-19T14:26:23.073+0000] {__init__.py:3519} INFO - gasp subsetting not needed
[2025-05-19T14:26:23.073+0000] {__init__.py:3519} INFO - name subsetting not needed
[2025-05-19T14:26:23.074+0000] {__init__.py:3530} INFO - glyf subsetted
[2025-05-19T14:26:23.075+0000] {__init__.py:3589} INFO - head pruned
[2025-05-19T14:26:23.075+0000] {__init__.py:3556} INFO - OS/2 Unicode ranges pruned: [0, 29]
[2025-05-19T14:26:23.075+0000] {__init__.py:3565} INFO - OS/2 CodePage ranges pruned: [0]
[2025-05-19T14:26:23.076+0000] {__init__.py:3589} INFO - glyf pruned
[2025-05-19T14:26:23.077+0000] {__init__.py:3589} INFO - name pruned
[2025-05-19T14:26:23.088+0000] {__init__.py:3337} INFO - maxp pruned
[2025-05-19T14:26:23.089+0000] {__init__.py:3337} INFO - cmap pruned
[2025-05-19T14:26:23.089+0000] {__init__.py:3321} INFO - kern dropped
[2025-05-19T14:26:23.089+0000] {__init__.py:3337} INFO - post pruned
[2025-05-19T14:26:23.089+0000] {__init__.py:3321} INFO - FFTM dropped
[2025-05-19T14:26:23.089+0000] {__init__.py:3321} INFO - GDEF dropped
[2025-05-19T14:26:23.089+0000] {__init__.py:3321} INFO - GPOS dropped
[2025-05-19T14:26:23.090+0000] {__init__.py:3321} INFO - GSUB dropped
[2025-05-19T14:26:23.090+0000] {__init__.py:3337} INFO - glyf pruned
[2025-05-19T14:26:23.091+0000] {__init__.py:3377} INFO - Added gid0 to subset
[2025-05-19T14:26:23.091+0000] {__init__.py:3385} INFO - Added first four glyphs to subset
[2025-05-19T14:26:23.091+0000] {__init__.py:3450} INFO - Closing glyph list over 'glyf': 4 glyphs before
[2025-05-19T14:26:23.091+0000] {__init__.py:457} INFO - Glyph names: ['.notdef', '.null', 'nonmarkingreturn', 'space']
[2025-05-19T14:26:23.091+0000] {__init__.py:460} INFO - Glyph IDs:   [0, 1, 2, 3]
[2025-05-19T14:26:23.091+0000] {__init__.py:3456} INFO - Closed glyph list over 'glyf': 4 glyphs after
[2025-05-19T14:26:23.091+0000] {__init__.py:457} INFO - Glyph names: ['.notdef', '.null', 'nonmarkingreturn', 'space']
[2025-05-19T14:26:23.092+0000] {__init__.py:460} INFO - Glyph IDs:   [0, 1, 2, 3]
[2025-05-19T14:26:23.092+0000] {__init__.py:3509} INFO - Retaining 4 glyphs
[2025-05-19T14:26:23.093+0000] {__init__.py:3519} INFO - head subsetting not needed
[2025-05-19T14:26:23.093+0000] {__init__.py:3519} INFO - hhea subsetting not needed
[2025-05-19T14:26:23.093+0000] {__init__.py:3519} INFO - maxp subsetting not needed
[2025-05-19T14:26:23.093+0000] {__init__.py:3519} INFO - OS/2 subsetting not needed
[2025-05-19T14:26:23.093+0000] {__init__.py:3530} INFO - hmtx subsetted
[2025-05-19T14:26:23.095+0000] {__init__.py:3530} INFO - cmap subsetted
[2025-05-19T14:26:23.095+0000] {__init__.py:3519} INFO - fpgm subsetting not needed
[2025-05-19T14:26:23.095+0000] {__init__.py:3519} INFO - prep subsetting not needed
[2025-05-19T14:26:23.095+0000] {__init__.py:3519} INFO - cvt  subsetting not needed
[2025-05-19T14:26:23.095+0000] {__init__.py:3519} INFO - loca subsetting not needed
[2025-05-19T14:26:23.096+0000] {__init__.py:3530} INFO - post subsetted
[2025-05-19T14:26:23.096+0000] {__init__.py:3519} INFO - gasp subsetting not needed
[2025-05-19T14:26:23.096+0000] {__init__.py:3519} INFO - name subsetting not needed
[2025-05-19T14:26:23.097+0000] {__init__.py:3530} INFO - glyf subsetted
[2025-05-19T14:26:23.097+0000] {__init__.py:3589} INFO - head pruned
[2025-05-19T14:26:23.098+0000] {__init__.py:3556} INFO - OS/2 Unicode ranges pruned: [0]
[2025-05-19T14:26:23.098+0000] {__init__.py:3565} INFO - OS/2 CodePage ranges pruned: [0]
[2025-05-19T14:26:23.098+0000] {__init__.py:3589} INFO - glyf pruned
[2025-05-19T14:26:23.099+0000] {__init__.py:3589} INFO - name pruned
[2025-05-19T14:26:23.106+0000] {MathCrawler.py:286} INFO - Đã lưu PDF tại: /opt/***/output/bai_giai_2.pdf
[2025-05-19T14:26:23.106+0000] {MathDag.py:88} INFO - Đã lưu PDF: /opt/***/output/bai_giai_2.pdf
[2025-05-19T14:45:27.709+0000] {__init__.py:3337} INFO - maxp pruned
[2025-05-19T14:45:27.710+0000] {__init__.py:3337} INFO - cmap pruned
[2025-05-19T14:45:27.710+0000] {__init__.py:3321} INFO - kern dropped
[2025-05-19T14:45:27.711+0000] {__init__.py:3337} INFO - post pruned
[2025-05-19T14:45:27.711+0000] {__init__.py:3321} INFO - FFTM dropped
[2025-05-19T14:45:27.712+0000] {__init__.py:3321} INFO - MATH dropped
[2025-05-19T14:45:27.712+0000] {__init__.py:3321} INFO - GDEF dropped
[2025-05-19T14:45:27.712+0000] {__init__.py:3321} INFO - GPOS dropped
[2025-05-19T14:45:27.712+0000] {__init__.py:3321} INFO - GSUB dropped
[2025-05-19T14:45:27.712+0000] {__init__.py:3337} INFO - glyf pruned
[2025-05-19T14:45:27.714+0000] {__init__.py:3377} INFO - Added gid0 to subset
[2025-05-19T14:45:27.715+0000] {__init__.py:3385} INFO - Added first four glyphs to subset
[2025-05-19T14:45:27.715+0000] {__init__.py:3450} INFO - Closing glyph list over 'glyf': 132 glyphs before
[2025-05-19T14:45:27.715+0000] {__init__.py:457} INFO - Glyph names: ['.notdef', '.null', 'A', 'Aacute', 'B', 'C', 'D', 'Dcroat', 'E', 'F', 'G', 'H', 'K', 'L', 'M', 'N', 'O', 'P', 'R', 'S', 'T', 'V', 'X', 'a', 'aacute', 'abreve', 'acircumflex', 'agrave', 'atilde', 'b', 'bar', 'bracketleft', 'c', 'colon', 'comma', 'd', 'dcroat', 'e', 'eacute', 'ecircumflex', 'egrave', 'eight', 'endash', 'equal', 'five', 'four', 'g', 'greater', 'h', 'hyphen', 'i', 'iacute', 'igrave', 'k', 'l', 'less', 'm', 'n', 'nine', 'nonmarkingreturn', 'o', 'oacute', 'ocircumflex', 'ograve', 'ohorn', 'one', 'p', 'parenleft', 'parenright', 'percent', 'period', 'plus', 'q', 'question', 'quotedblleft', 'quotedblright', 'quoteright', 'r', 's', 'semicolon', 'seven', 'six', 'space', 't', 'three', 'two', 'u', 'uacute', 'ugrave', 'uhorn', 'uni1EA1', 'uni1EA3', 'uni1EA5', 'uni1EA7', 'uni1EA9', 'uni1EAB', 'uni1EAD', 'uni1EAF', 'uni1EB1', 'uni1EB3', 'uni1EB7', 'uni1EBB', 'uni1EBD', 'uni1EBF', 'uni1EC1', 'uni1EC3', 'uni1EC5', 'uni1EC7', 'uni1EC9', 'uni1ECB', 'uni1ECD', 'uni1ECF', 'uni1ED1', 'uni1ED3', 'uni1ED5', 'uni1ED7', 'uni1ED9', 'uni1EDB', 'uni1EDD', 'uni1EDF', 'uni1EE3', 'uni1EE5', 'uni1EE7', 'uni1EE9', 'uni1EEB', 'uni1EED', 'uni1EEF', 'uni1EF1', 'v', 'x', 'y', 'zero']
[2025-05-19T14:45:27.716+0000] {__init__.py:460} INFO - Glyph IDs:   [0, 1, 2, 3, 8, 11, 12, 14, 15, 16, 17, 19, 20, 21, 22, 23, 24, 25, 26, 27, 28, 29, 30, 31, 32, 33, 34, 36, 37, 38, 39, 40, 41, 42, 43, 46, 47, 48, 49, 50, 51, 53, 54, 55, 57, 59, 62, 68, 69, 70, 71, 72, 74, 75, 76, 78, 79, 80, 81, 82, 83, 84, 85, 86, 87, 88, 89, 91, 92, 95, 131, 162, 163, 164, 165, 170, 171, 172, 174, 175, 180, 181, 182, 187, 188, 197, 210, 211, 355, 370, 2463, 2465, 2467, 2469, 2471, 2473, 2475, 2477, 2479, 2481, 2485, 2489, 2491, 2493, 2495, 2497, 2499, 2501, 2503, 2505, 2507, 2509, 2511, 2513, 2515, 2517, 2519, 2521, 2523, 2525, 2529, 2531, 2533, 2535, 2537, 2539, 2541, 2543, 2806, 2812, 2815, 2816]
[2025-05-19T14:45:27.717+0000] {__init__.py:3456} INFO - Closed glyph list over 'glyf': 155 glyphs after
[2025-05-19T14:45:27.717+0000] {__init__.py:457} INFO - Glyph names: ['.notdef', '.null', 'A', 'Aacute', 'Acute', 'B', 'Breve', 'C', 'Circumflex', 'D', 'Dcroat', 'E', 'Eth', 'F', 'G', 'Grave', 'H', 'K', 'L', 'M', 'N', 'O', 'P', 'R', 'S', 'T', 'Tilde', 'V', 'X', 'a', 'aacute', 'abreve', 'acircumflex', 'acute', 'agrave', 'atilde', 'b', 'bar', 'bracketleft', 'breve', 'c', 'circumflex', 'colon', 'comma', 'd', 'dcroat', 'dotbelowcomb', 'dotlessi', 'e', 'eacute', 'ecircumflex', 'egrave', 'eight', 'endash', 'equal', 'five', 'four', 'g', 'grave', 'greater', 'h', 'hookabovecomb', 'hyphen', 'i', 'iacute', 'igrave', 'k', 'l', 'less', 'm', 'n', 'nine', 'nonmarkingreturn', 'o', 'oacute', 'ocircumflex', 'ograve', 'ohorn', 'one', 'p', 'parenleft', 'parenright', 'percent', 'period', 'plus', 'q', 'question', 'quotedblleft', 'quotedblright', 'quoteright', 'r', 's', 'semicolon', 'seven', 'six', 'space', 't', 'three', 'tilde', 'two', 'u', 'uacute', 'ugrave', 'uhorn', 'uni03020300', 'uni03020301', 'uni03020303', 'uni03020309', 'uni03060300', 'uni03060301', 'uni03060309', 'uni031B', 'uni1EA1', 'uni1EA3', 'uni1EA5', 'uni1EA7', 'uni1EA9', 'uni1EAB', 'uni1EAD', 'uni1EAF', 'uni1EB1', 'uni1EB3', 'uni1EB7', 'uni1EB9', 'uni1EBB', 'uni1EBD', 'uni1EBF', 'uni1EC1', 'uni1EC3', 'uni1EC5', 'uni1EC7', 'uni1EC9', 'uni1ECB', 'uni1ECD', 'uni1ECF', 'uni1ED1', 'uni1ED3', 'uni1ED5', 'uni1ED7', 'uni1ED9', 'uni1EDB', 'uni1EDD', 'uni1EDF', 'uni1EE3', 'uni1EE5', 'uni1EE7', 'uni1EE9', 'uni1EEB', 'uni1EED', 'uni1EEF', 'uni1EF1', 'v', 'x', 'y', 'zero']
[2025-05-19T14:45:27.718+0000] {__init__.py:460} INFO - Glyph IDs:   [0, 1, 2, 3, 8, 11, 12, 14, 15, 16, 17, 19, 20, 21, 22, 23, 24, 25, 26, 27, 28, 29, 30, 31, 32, 33, 34, 36, 37, 38, 39, 40, 41, 42, 43, 46, 47, 48, 49, 50, 51, 53, 54, 55, 57, 59, 62, 67, 68, 69, 70, 71, 72, 74, 75, 76, 78, 79, 80, 81, 82, 83, 84, 85, 86, 87, 88, 89, 91, 92, 95, 118, 131, 146, 162, 163, 164, 165, 170, 171, 172, 174, 175, 180, 181, 182, 187, 188, 197, 210, 211, 243, 355, 370, 648, 666, 670, 698, 716, 724, 2463, 2465, 2467, 2469, 2471, 2473, 2475, 2477, 2479, 2481, 2485, 2487, 2489, 2491, 2493, 2495, 2497, 2499, 2501, 2503, 2505, 2507, 2509, 2511, 2513, 2515, 2517, 2519, 2521, 2523, 2525, 2529, 2531, 2533, 2535, 2537, 2539, 2541, 2543, 2806, 2812, 2815, 2816, 5923, 5924, 5925, 5926, 5929, 5985, 5986, 5987, 5989, 5990, 5991, 5992]
[2025-05-19T14:45:27.718+0000] {__init__.py:3509} INFO - Retaining 155 glyphs
[2025-05-19T14:45:27.719+0000] {__init__.py:3519} INFO - head subsetting not needed
[2025-05-19T14:45:27.719+0000] {__init__.py:3519} INFO - hhea subsetting not needed
[2025-05-19T14:45:27.719+0000] {__init__.py:3519} INFO - maxp subsetting not needed
[2025-05-19T14:45:27.719+0000] {__init__.py:3519} INFO - OS/2 subsetting not needed
[2025-05-19T14:45:27.720+0000] {__init__.py:3530} INFO - hmtx subsetted
[2025-05-19T14:45:27.722+0000] {__init__.py:3530} INFO - cmap subsetted
[2025-05-19T14:45:27.722+0000] {__init__.py:3519} INFO - fpgm subsetting not needed
[2025-05-19T14:45:27.722+0000] {__init__.py:3519} INFO - prep subsetting not needed
[2025-05-19T14:45:27.722+0000] {__init__.py:3519} INFO - cvt  subsetting not needed
[2025-05-19T14:45:27.723+0000] {__init__.py:3519} INFO - loca subsetting not needed
[2025-05-19T14:45:27.723+0000] {__init__.py:3530} INFO - post subsetted
[2025-05-19T14:45:27.723+0000] {__init__.py:3519} INFO - gasp subsetting not needed
[2025-05-19T14:45:27.723+0000] {__init__.py:3519} INFO - name subsetting not needed
[2025-05-19T14:45:27.726+0000] {__init__.py:3530} INFO - glyf subsetted
[2025-05-19T14:45:27.727+0000] {__init__.py:3589} INFO - head pruned
[2025-05-19T14:45:27.727+0000] {__init__.py:3556} INFO - OS/2 Unicode ranges pruned: [0, 1, 2, 3, 29, 31]
[2025-05-19T14:45:27.728+0000] {__init__.py:3565} INFO - OS/2 CodePage ranges pruned: [0]
[2025-05-19T14:45:27.729+0000] {__init__.py:3589} INFO - glyf pruned
[2025-05-19T14:45:27.730+0000] {__init__.py:3589} INFO - name pruned
[2025-05-19T14:45:27.746+0000] {__init__.py:3337} INFO - maxp pruned
[2025-05-19T14:45:27.746+0000] {__init__.py:3337} INFO - cmap pruned
[2025-05-19T14:45:27.746+0000] {__init__.py:3321} INFO - kern dropped
[2025-05-19T14:45:27.747+0000] {__init__.py:3337} INFO - post pruned
[2025-05-19T14:45:27.747+0000] {__init__.py:3321} INFO - FFTM dropped
[2025-05-19T14:45:27.747+0000] {__init__.py:3321} INFO - GDEF dropped
[2025-05-19T14:45:27.747+0000] {__init__.py:3321} INFO - GPOS dropped
[2025-05-19T14:45:27.747+0000] {__init__.py:3321} INFO - GSUB dropped
[2025-05-19T14:45:27.747+0000] {__init__.py:3337} INFO - glyf pruned
[2025-05-19T14:45:27.749+0000] {__init__.py:3377} INFO - Added gid0 to subset
[2025-05-19T14:45:27.749+0000] {__init__.py:3385} INFO - Added first four glyphs to subset
[2025-05-19T14:45:27.749+0000] {__init__.py:3450} INFO - Closing glyph list over 'glyf': 13 glyphs before
[2025-05-19T14:45:27.749+0000] {__init__.py:457} INFO - Glyph names: ['.notdef', '.null', 'Agrave', 'B', 'Dcroat', 'G', 'I', 'L', 'nonmarkingreturn', 'space', 'uni1EA2', 'uni1EC0', 'uni1EDC']
[2025-05-19T14:45:27.750+0000] {__init__.py:460} INFO - Glyph IDs:   [0, 1, 2, 3, 37, 42, 44, 47, 130, 210, 2464, 2494, 2522]
[2025-05-19T14:45:27.750+0000] {__init__.py:3456} INFO - Closed glyph list over 'glyf': 23 glyphs after
[2025-05-19T14:45:27.750+0000] {__init__.py:457} INFO - Glyph names: ['.notdef', '.null', 'A', 'Agrave', 'B', 'Circumflex', 'Dcroat', 'E', 'Eth', 'G', 'Grave', 'I', 'L', 'O', 'Ohorn', 'hookabovecomb', 'nonmarkingreturn', 'space', 'uni03020300', 'uni031B', 'uni1EA2', 'uni1EC0', 'uni1EDC']
[2025-05-19T14:45:27.750+0000] {__init__.py:460} INFO - Glyph IDs:   [0, 1, 2, 3, 36, 37, 40, 42, 44, 47, 50, 130, 146, 210, 354, 698, 716, 2464, 2494, 2522, 5905, 5906, 5966]
[2025-05-19T14:45:27.751+0000] {__init__.py:3509} INFO - Retaining 23 glyphs
[2025-05-19T14:45:27.751+0000] {__init__.py:3519} INFO - head subsetting not needed
[2025-05-19T14:45:27.752+0000] {__init__.py:3519} INFO - hhea subsetting not needed
[2025-05-19T14:45:27.752+0000] {__init__.py:3519} INFO - maxp subsetting not needed
[2025-05-19T14:45:27.752+0000] {__init__.py:3519} INFO - OS/2 subsetting not needed
[2025-05-19T14:45:27.752+0000] {__init__.py:3530} INFO - hmtx subsetted
[2025-05-19T14:45:27.754+0000] {__init__.py:3530} INFO - cmap subsetted
[2025-05-19T14:45:27.755+0000] {__init__.py:3519} INFO - fpgm subsetting not needed
[2025-05-19T14:45:27.755+0000] {__init__.py:3519} INFO - prep subsetting not needed
[2025-05-19T14:45:27.755+0000] {__init__.py:3519} INFO - cvt  subsetting not needed
[2025-05-19T14:45:27.755+0000] {__init__.py:3519} INFO - loca subsetting not needed
[2025-05-19T14:45:27.755+0000] {__init__.py:3530} INFO - post subsetted
[2025-05-19T14:45:27.755+0000] {__init__.py:3519} INFO - gasp subsetting not needed
[2025-05-19T14:45:27.756+0000] {__init__.py:3519} INFO - name subsetting not needed
[2025-05-19T14:45:27.757+0000] {__init__.py:3530} INFO - glyf subsetted
[2025-05-19T14:45:27.758+0000] {__init__.py:3589} INFO - head pruned
[2025-05-19T14:45:27.758+0000] {__init__.py:3556} INFO - OS/2 Unicode ranges pruned: [0, 1, 2, 29]
[2025-05-19T14:45:27.758+0000] {__init__.py:3565} INFO - OS/2 CodePage ranges pruned: [0]
[2025-05-19T14:45:27.758+0000] {__init__.py:3589} INFO - glyf pruned
[2025-05-19T14:45:27.759+0000] {__init__.py:3589} INFO - name pruned
[2025-05-19T14:45:27.764+0000] {__init__.py:3337} INFO - maxp pruned
[2025-05-19T14:45:27.765+0000] {__init__.py:3337} INFO - cmap pruned
[2025-05-19T14:45:27.765+0000] {__init__.py:3321} INFO - kern dropped
[2025-05-19T14:45:27.765+0000] {__init__.py:3337} INFO - post pruned
[2025-05-19T14:45:27.765+0000] {__init__.py:3321} INFO - FFTM dropped
[2025-05-19T14:45:27.765+0000] {__init__.py:3321} INFO - GDEF dropped
[2025-05-19T14:45:27.766+0000] {__init__.py:3321} INFO - GPOS dropped
[2025-05-19T14:45:27.766+0000] {__init__.py:3321} INFO - GSUB dropped
[2025-05-19T14:45:27.766+0000] {__init__.py:3337} INFO - glyf pruned
[2025-05-19T14:45:27.767+0000] {__init__.py:3377} INFO - Added gid0 to subset
[2025-05-19T14:45:27.767+0000] {__init__.py:3385} INFO - Added first four glyphs to subset
[2025-05-19T14:45:27.768+0000] {__init__.py:3450} INFO - Closing glyph list over 'glyf': 76 glyphs before
[2025-05-19T14:45:27.768+0000] {__init__.py:457} INFO - Glyph names: ['.notdef', '.null', 'A', 'B', 'C', 'D', 'E', 'F', 'J', 'L', 'M', 'N', 'O', 'P', 'R', 'S', 'T', 'V', 'X', 'a', 'asciicircum', 'asterisk', 'b', 'backslash', 'braceleft', 'braceright', 'bracketleft', 'bracketright', 'c', 'colon', 'comma', 'd', 'dollar', 'e', 'eight', 'equal', 'f', 'five', 'four', 'g', 'greater', 'h', 'hyphen', 'i', 'k', 'l', 'm', 'n', 'nine', 'nonmarkingreturn', 'o', 'one', 'p', 'parenleft', 'parenright', 'percent', 'period', 'plus', 'q', 'quotesingle', 'r', 's', 'semicolon', 'seven', 'six', 'space', 't', 'three', 'two', 'u', 'underscore', 'uni1ED7', 'w', 'x', 'y', 'zero']
[2025-05-19T14:45:27.768+0000] {__init__.py:460} INFO - Glyph IDs:   [0, 1, 2, 3, 7, 8, 10, 11, 12, 13, 14, 15, 16, 17, 19, 20, 21, 22, 23, 24, 25, 26, 27, 28, 29, 30, 32, 33, 36, 37, 38, 39, 40, 41, 45, 47, 48, 49, 50, 51, 53, 54, 55, 57, 59, 62, 63, 64, 65, 66, 68, 69, 70, 71, 72, 73, 74, 75, 76, 78, 79, 80, 81, 82, 83, 84, 85, 86, 87, 88, 90, 91, 92, 94, 96, 2269]
[2025-05-19T14:45:27.769+0000] {__init__.py:3456} INFO - Closed glyph list over 'glyf': 79 glyphs after
[2025-05-19T14:45:27.769+0000] {__init__.py:457} INFO - Glyph names: ['.notdef', '.null', 'A', 'B', 'C', 'Circumflex', 'D', 'E', 'F', 'J', 'L', 'M', 'N', 'O', 'P', 'R', 'S', 'T', 'Tilde', 'V', 'X', 'a', 'asciicircum', 'asterisk', 'b', 'backslash', 'braceleft', 'braceright', 'bracketleft', 'bracketright', 'c', 'colon', 'comma', 'd', 'dollar', 'e', 'eight', 'equal', 'f', 'five', 'four', 'g', 'greater', 'h', 'hyphen', 'i', 'k', 'l', 'm', 'n', 'nine', 'nonmarkingreturn', 'o', 'one', 'p', 'parenleft', 'parenright', 'percent', 'period', 'plus', 'q', 'quotesingle', 'r', 's', 'semicolon', 'seven', 'six', 'space', 't', 'three', 'two', 'u', 'underscore', 'uni03020303', 'uni1ED7', 'w', 'x', 'y', 'zero']
[2025-05-19T14:45:27.770+0000] {__init__.py:460} INFO - Glyph IDs:   [0, 1, 2, 3, 7, 8, 10, 11, 12, 13, 14, 15, 16, 17, 19, 20, 21, 22, 23, 24, 25, 26, 27, 28, 29, 30, 32, 33, 36, 37, 38, 39, 40, 41, 45, 47, 48, 49, 50, 51, 53, 54, 55, 57, 59, 62, 63, 64, 65, 66, 68, 69, 70, 71, 72, 73, 74, 75, 76, 78, 79, 80, 81, 82, 83, 84, 85, 86, 87, 88, 90, 91, 92, 94, 96, 2269, 5289, 5291, 5315]
[2025-05-19T14:45:27.770+0000] {__init__.py:3509} INFO - Retaining 79 glyphs
[2025-05-19T14:45:27.770+0000] {__init__.py:3519} INFO - head subsetting not needed
[2025-05-19T14:45:27.771+0000] {__init__.py:3519} INFO - hhea subsetting not needed
[2025-05-19T14:45:27.771+0000] {__init__.py:3519} INFO - maxp subsetting not needed
[2025-05-19T14:45:27.771+0000] {__init__.py:3519} INFO - OS/2 subsetting not needed
[2025-05-19T14:45:27.772+0000] {__init__.py:3530} INFO - hmtx subsetted
[2025-05-19T14:45:27.774+0000] {__init__.py:3530} INFO - cmap subsetted
[2025-05-19T14:45:27.774+0000] {__init__.py:3519} INFO - fpgm subsetting not needed
[2025-05-19T14:45:27.774+0000] {__init__.py:3519} INFO - prep subsetting not needed
[2025-05-19T14:45:27.775+0000] {__init__.py:3519} INFO - cvt  subsetting not needed
[2025-05-19T14:45:27.775+0000] {__init__.py:3519} INFO - loca subsetting not needed
[2025-05-19T14:45:27.775+0000] {__init__.py:3530} INFO - post subsetted
[2025-05-19T14:45:27.775+0000] {__init__.py:3519} INFO - gasp subsetting not needed
[2025-05-19T14:45:27.775+0000] {__init__.py:3519} INFO - name subsetting not needed
[2025-05-19T14:45:27.777+0000] {__init__.py:3530} INFO - glyf subsetted
[2025-05-19T14:45:27.778+0000] {__init__.py:3589} INFO - head pruned
[2025-05-19T14:45:27.778+0000] {__init__.py:3556} INFO - OS/2 Unicode ranges pruned: [0, 29]
[2025-05-19T14:45:27.779+0000] {__init__.py:3565} INFO - OS/2 CodePage ranges pruned: [0]
[2025-05-19T14:45:27.779+0000] {__init__.py:3589} INFO - glyf pruned
[2025-05-19T14:45:27.780+0000] {__init__.py:3589} INFO - name pruned
[2025-05-19T14:45:27.792+0000] {__init__.py:3337} INFO - maxp pruned
[2025-05-19T14:45:27.792+0000] {__init__.py:3337} INFO - cmap pruned
[2025-05-19T14:45:27.793+0000] {__init__.py:3321} INFO - kern dropped
[2025-05-19T14:45:27.793+0000] {__init__.py:3337} INFO - post pruned
[2025-05-19T14:45:27.793+0000] {__init__.py:3321} INFO - FFTM dropped
[2025-05-19T14:45:27.793+0000] {__init__.py:3321} INFO - GDEF dropped
[2025-05-19T14:45:27.793+0000] {__init__.py:3321} INFO - GPOS dropped
[2025-05-19T14:45:27.794+0000] {__init__.py:3321} INFO - GSUB dropped
[2025-05-19T14:45:27.794+0000] {__init__.py:3337} INFO - glyf pruned
[2025-05-19T14:45:27.795+0000] {__init__.py:3377} INFO - Added gid0 to subset
[2025-05-19T14:45:27.795+0000] {__init__.py:3385} INFO - Added first four glyphs to subset
[2025-05-19T14:45:27.795+0000] {__init__.py:3450} INFO - Closing glyph list over 'glyf': 4 glyphs before
[2025-05-19T14:45:27.795+0000] {__init__.py:457} INFO - Glyph names: ['.notdef', '.null', 'nonmarkingreturn', 'space']
[2025-05-19T14:45:27.795+0000] {__init__.py:460} INFO - Glyph IDs:   [0, 1, 2, 3]
[2025-05-19T14:45:27.796+0000] {__init__.py:3456} INFO - Closed glyph list over 'glyf': 4 glyphs after
[2025-05-19T14:45:27.796+0000] {__init__.py:457} INFO - Glyph names: ['.notdef', '.null', 'nonmarkingreturn', 'space']
[2025-05-19T14:45:27.796+0000] {__init__.py:460} INFO - Glyph IDs:   [0, 1, 2, 3]
[2025-05-19T14:45:27.796+0000] {__init__.py:3509} INFO - Retaining 4 glyphs
[2025-05-19T14:45:27.797+0000] {__init__.py:3519} INFO - head subsetting not needed
[2025-05-19T14:45:27.797+0000] {__init__.py:3519} INFO - hhea subsetting not needed
[2025-05-19T14:45:27.797+0000] {__init__.py:3519} INFO - maxp subsetting not needed
[2025-05-19T14:45:27.797+0000] {__init__.py:3519} INFO - OS/2 subsetting not needed
[2025-05-19T14:45:27.798+0000] {__init__.py:3530} INFO - hmtx subsetted
[2025-05-19T14:45:27.799+0000] {__init__.py:3530} INFO - cmap subsetted
[2025-05-19T14:45:27.799+0000] {__init__.py:3519} INFO - fpgm subsetting not needed
[2025-05-19T14:45:27.800+0000] {__init__.py:3519} INFO - prep subsetting not needed
[2025-05-19T14:45:27.800+0000] {__init__.py:3519} INFO - cvt  subsetting not needed
[2025-05-19T14:45:27.800+0000] {__init__.py:3519} INFO - loca subsetting not needed
[2025-05-19T14:45:27.800+0000] {__init__.py:3530} INFO - post subsetted
[2025-05-19T14:45:27.800+0000] {__init__.py:3519} INFO - gasp subsetting not needed
[2025-05-19T14:45:27.800+0000] {__init__.py:3519} INFO - name subsetting not needed
[2025-05-19T14:45:27.803+0000] {__init__.py:3530} INFO - glyf subsetted
[2025-05-19T14:45:27.803+0000] {__init__.py:3589} INFO - head pruned
[2025-05-19T14:45:27.803+0000] {__init__.py:3556} INFO - OS/2 Unicode ranges pruned: [0]
[2025-05-19T14:45:27.804+0000] {__init__.py:3565} INFO - OS/2 CodePage ranges pruned: [0]
[2025-05-19T14:45:27.804+0000] {__init__.py:3589} INFO - glyf pruned
[2025-05-19T14:45:27.805+0000] {__init__.py:3589} INFO - name pruned
[2025-05-19T14:45:27.814+0000] {MathCrawler.py:286} INFO - Đã lưu PDF tại: /opt/***/output/bai_giai_3.pdf
[2025-05-19T14:45:27.815+0000] {MathDag.py:88} INFO - Đã lưu PDF: /opt/***/output/bai_giai_3.pdf
[2025-05-19T14:48:32.513+0000] {local_task_job.py:223} WARNING - State of this instance has been externally set to failed. Terminating instance.
[2025-05-19T14:48:32.526+0000] {process_utils.py:129} INFO - Sending Signals.SIGTERM to group 182. PIDs of all processes in the group: [182]
[2025-05-19T14:48:32.526+0000] {process_utils.py:84} INFO - Sending the signal Signals.SIGTERM to group 182
[2025-05-19T14:48:32.528+0000] {taskinstance.py:1483} ERROR - Received SIGTERM. Terminating subprocesses.
[2025-05-19T14:49:32.558+0000] {process_utils.py:147} WARNING - process psutil.Process(pid=182, name='airflow task ru', status='sleeping', started='13:29:46') did not respond to SIGTERM. Trying SIGKILL
[2025-05-19T14:49:32.561+0000] {process_utils.py:84} INFO - Sending the signal Signals.SIGKILL to group 182
[2025-05-19T14:49:32.578+0000] {process_utils.py:79} INFO - Process psutil.Process(pid=182, name='airflow task ru', status='terminated', exitcode=<Negsignal.SIGKILL: -9>, started='13:29:46') (182) terminated with exit code Negsignal.SIGKILL
[2025-05-19T14:49:32.579+0000] {standard_task_runner.py:168} ERROR - Job 100 was killed before it finished (likely due to running out of memory)
