[2025-05-19T12:52:52.822+0000] {taskinstance.py:1087} INFO - Dependencies all met for <TaskInstance: math_crawler_pipeline.save_to_bigquery manual__2025-05-19T11:22:21.225207+00:00 [queued]>
[2025-05-19T12:52:52.832+0000] {taskinstance.py:1087} INFO - Dependencies all met for <TaskInstance: math_crawler_pipeline.save_to_bigquery manual__2025-05-19T11:22:21.225207+00:00 [queued]>
[2025-05-19T12:52:52.832+0000] {taskinstance.py:1283} INFO - 
--------------------------------------------------------------------------------
[2025-05-19T12:52:52.833+0000] {taskinstance.py:1284} INFO - Starting attempt 2 of 3
[2025-05-19T12:52:52.833+0000] {taskinstance.py:1285} INFO - 
--------------------------------------------------------------------------------
[2025-05-19T12:52:52.846+0000] {taskinstance.py:1304} INFO - Executing <Task(PythonOperator): save_to_bigquery> on 2025-05-19 11:22:21.225207+00:00
[2025-05-19T12:52:52.855+0000] {standard_task_runner.py:55} INFO - Started process 190 to run task
[2025-05-19T12:52:52.862+0000] {standard_task_runner.py:82} INFO - Running: ['***', 'tasks', 'run', 'math_crawler_pipeline', 'save_to_bigquery', 'manual__2025-05-19T11:22:21.225207+00:00', '--job-id', '92', '--raw', '--subdir', 'DAGS_FOLDER/MathDag.py', '--cfg-path', '/tmp/tmp7m91t643']
[2025-05-19T12:52:52.864+0000] {standard_task_runner.py:83} INFO - Job 92: Subtask save_to_bigquery
[2025-05-19T12:52:52.913+0000] {task_command.py:389} INFO - Running <TaskInstance: math_crawler_pipeline.save_to_bigquery manual__2025-05-19T11:22:21.225207+00:00 [running]> on host 11cd72090704
[2025-05-19T12:52:52.988+0000] {taskinstance.py:1511} INFO - Exporting the following env vars:
AIRFLOW_CTX_DAG_OWNER=***
AIRFLOW_CTX_DAG_ID=math_crawler_pipeline
AIRFLOW_CTX_TASK_ID=save_to_bigquery
AIRFLOW_CTX_EXECUTION_DATE=2025-05-19T11:22:21.225207+00:00
AIRFLOW_CTX_TRY_NUMBER=2
AIRFLOW_CTX_DAG_RUN_ID=manual__2025-05-19T11:22:21.225207+00:00
[2025-05-19T12:52:53.998+0000] {MathDag.py:75} ERROR - Lỗi lưu BigQuery cho link 1: 404 POST https://bigquery.googleapis.com/bigquery/v2/projects/tensile-cogency-408304/datasets/tensile-cogency-408304.Math/tables/MathEx/insertAll?prettyPrint=false: Not found: Dataset tensile-cogency-408304:tensile-cogency-408304.Math
[2025-05-19T12:52:54.677+0000] {MathDag.py:75} ERROR - Lỗi lưu BigQuery cho link 2: 404 POST https://bigquery.googleapis.com/bigquery/v2/projects/tensile-cogency-408304/datasets/tensile-cogency-408304.Math/tables/MathEx/insertAll?prettyPrint=false: Not found: Dataset tensile-cogency-408304:tensile-cogency-408304.Math
[2025-05-19T12:52:55.500+0000] {MathDag.py:75} ERROR - Lỗi lưu BigQuery cho link 3: 404 POST https://bigquery.googleapis.com/bigquery/v2/projects/tensile-cogency-408304/datasets/tensile-cogency-408304.Math/tables/MathEx/insertAll?prettyPrint=false: Not found: Dataset tensile-cogency-408304:tensile-cogency-408304.Math
[2025-05-19T12:52:56.154+0000] {MathDag.py:75} ERROR - Lỗi lưu BigQuery cho link 4: 404 POST https://bigquery.googleapis.com/bigquery/v2/projects/tensile-cogency-408304/datasets/tensile-cogency-408304.Math/tables/MathEx/insertAll?prettyPrint=false: Not found: Dataset tensile-cogency-408304:tensile-cogency-408304.Math
[2025-05-19T12:52:56.874+0000] {MathDag.py:75} ERROR - Lỗi lưu BigQuery cho link 5: 404 POST https://bigquery.googleapis.com/bigquery/v2/projects/tensile-cogency-408304/datasets/tensile-cogency-408304.Math/tables/MathEx/insertAll?prettyPrint=false: Not found: Dataset tensile-cogency-408304:tensile-cogency-408304.Math
[2025-05-19T12:52:57.500+0000] {MathDag.py:75} ERROR - Lỗi lưu BigQuery cho link 6: 404 POST https://bigquery.googleapis.com/bigquery/v2/projects/tensile-cogency-408304/datasets/tensile-cogency-408304.Math/tables/MathEx/insertAll?prettyPrint=false: Not found: Dataset tensile-cogency-408304:tensile-cogency-408304.Math
[2025-05-19T12:52:58.321+0000] {MathDag.py:75} ERROR - Lỗi lưu BigQuery cho link 7: 404 POST https://bigquery.googleapis.com/bigquery/v2/projects/tensile-cogency-408304/datasets/tensile-cogency-408304.Math/tables/MathEx/insertAll?prettyPrint=false: Not found: Dataset tensile-cogency-408304:tensile-cogency-408304.Math
[2025-05-19T12:52:59.124+0000] {MathDag.py:75} ERROR - Lỗi lưu BigQuery cho link 8: 404 POST https://bigquery.googleapis.com/bigquery/v2/projects/tensile-cogency-408304/datasets/tensile-cogency-408304.Math/tables/MathEx/insertAll?prettyPrint=false: Not found: Dataset tensile-cogency-408304:tensile-cogency-408304.Math
[2025-05-19T12:52:59.749+0000] {MathDag.py:75} ERROR - Lỗi lưu BigQuery cho link 9: 404 POST https://bigquery.googleapis.com/bigquery/v2/projects/tensile-cogency-408304/datasets/tensile-cogency-408304.Math/tables/MathEx/insertAll?prettyPrint=false: Not found: Dataset tensile-cogency-408304:tensile-cogency-408304.Math
[2025-05-19T12:53:00.487+0000] {MathDag.py:75} ERROR - Lỗi lưu BigQuery cho link 10: 404 POST https://bigquery.googleapis.com/bigquery/v2/projects/tensile-cogency-408304/datasets/tensile-cogency-408304.Math/tables/MathEx/insertAll?prettyPrint=false: Not found: Dataset tensile-cogency-408304:tensile-cogency-408304.Math
[2025-05-19T12:53:01.299+0000] {MathDag.py:75} ERROR - Lỗi lưu BigQuery cho link 11: 404 POST https://bigquery.googleapis.com/bigquery/v2/projects/tensile-cogency-408304/datasets/tensile-cogency-408304.Math/tables/MathEx/insertAll?prettyPrint=false: Not found: Dataset tensile-cogency-408304:tensile-cogency-408304.Math
[2025-05-19T12:53:02.076+0000] {MathDag.py:75} ERROR - Lỗi lưu BigQuery cho link 12: 404 POST https://bigquery.googleapis.com/bigquery/v2/projects/tensile-cogency-408304/datasets/tensile-cogency-408304.Math/tables/MathEx/insertAll?prettyPrint=false: Not found: Dataset tensile-cogency-408304:tensile-cogency-408304.Math
[2025-05-19T12:53:02.865+0000] {MathDag.py:75} ERROR - Lỗi lưu BigQuery cho link 13: 404 POST https://bigquery.googleapis.com/bigquery/v2/projects/tensile-cogency-408304/datasets/tensile-cogency-408304.Math/tables/MathEx/insertAll?prettyPrint=false: Not found: Dataset tensile-cogency-408304:tensile-cogency-408304.Math
[2025-05-19T12:53:03.512+0000] {MathDag.py:75} ERROR - Lỗi lưu BigQuery cho link 14: 404 POST https://bigquery.googleapis.com/bigquery/v2/projects/tensile-cogency-408304/datasets/tensile-cogency-408304.Math/tables/MathEx/insertAll?prettyPrint=false: Not found: Dataset tensile-cogency-408304:tensile-cogency-408304.Math
[2025-05-19T12:53:04.153+0000] {MathDag.py:75} ERROR - Lỗi lưu BigQuery cho link 15: 404 POST https://bigquery.googleapis.com/bigquery/v2/projects/tensile-cogency-408304/datasets/tensile-cogency-408304.Math/tables/MathEx/insertAll?prettyPrint=false: Not found: Dataset tensile-cogency-408304:tensile-cogency-408304.Math
[2025-05-19T12:53:05.053+0000] {MathDag.py:75} ERROR - Lỗi lưu BigQuery cho link 16: 404 POST https://bigquery.googleapis.com/bigquery/v2/projects/tensile-cogency-408304/datasets/tensile-cogency-408304.Math/tables/MathEx/insertAll?prettyPrint=false: Not found: Dataset tensile-cogency-408304:tensile-cogency-408304.Math
[2025-05-19T12:53:05.682+0000] {MathDag.py:75} ERROR - Lỗi lưu BigQuery cho link 17: 404 POST https://bigquery.googleapis.com/bigquery/v2/projects/tensile-cogency-408304/datasets/tensile-cogency-408304.Math/tables/MathEx/insertAll?prettyPrint=false: Not found: Dataset tensile-cogency-408304:tensile-cogency-408304.Math
[2025-05-19T12:53:06.475+0000] {MathDag.py:75} ERROR - Lỗi lưu BigQuery cho link 18: 404 POST https://bigquery.googleapis.com/bigquery/v2/projects/tensile-cogency-408304/datasets/tensile-cogency-408304.Math/tables/MathEx/insertAll?prettyPrint=false: Not found: Dataset tensile-cogency-408304:tensile-cogency-408304.Math
[2025-05-19T12:53:07.102+0000] {MathDag.py:75} ERROR - Lỗi lưu BigQuery cho link 19: 404 POST https://bigquery.googleapis.com/bigquery/v2/projects/tensile-cogency-408304/datasets/tensile-cogency-408304.Math/tables/MathEx/insertAll?prettyPrint=false: Not found: Dataset tensile-cogency-408304:tensile-cogency-408304.Math
[2025-05-19T12:53:07.722+0000] {MathDag.py:75} ERROR - Lỗi lưu BigQuery cho link 20: 404 POST https://bigquery.googleapis.com/bigquery/v2/projects/tensile-cogency-408304/datasets/tensile-cogency-408304.Math/tables/MathEx/insertAll?prettyPrint=false: Not found: Dataset tensile-cogency-408304:tensile-cogency-408304.Math
[2025-05-19T12:53:08.364+0000] {MathDag.py:75} ERROR - Lỗi lưu BigQuery cho link 21: 404 POST https://bigquery.googleapis.com/bigquery/v2/projects/tensile-cogency-408304/datasets/tensile-cogency-408304.Math/tables/MathEx/insertAll?prettyPrint=false: Not found: Dataset tensile-cogency-408304:tensile-cogency-408304.Math
[2025-05-19T12:53:09.118+0000] {MathDag.py:75} ERROR - Lỗi lưu BigQuery cho link 22: 404 POST https://bigquery.googleapis.com/bigquery/v2/projects/tensile-cogency-408304/datasets/tensile-cogency-408304.Math/tables/MathEx/insertAll?prettyPrint=false: Not found: Dataset tensile-cogency-408304:tensile-cogency-408304.Math
[2025-05-19T12:53:09.741+0000] {MathDag.py:75} ERROR - Lỗi lưu BigQuery cho link 23: 404 POST https://bigquery.googleapis.com/bigquery/v2/projects/tensile-cogency-408304/datasets/tensile-cogency-408304.Math/tables/MathEx/insertAll?prettyPrint=false: Not found: Dataset tensile-cogency-408304:tensile-cogency-408304.Math
[2025-05-19T12:53:10.356+0000] {MathDag.py:75} ERROR - Lỗi lưu BigQuery cho link 24: 404 POST https://bigquery.googleapis.com/bigquery/v2/projects/tensile-cogency-408304/datasets/tensile-cogency-408304.Math/tables/MathEx/insertAll?prettyPrint=false: Not found: Dataset tensile-cogency-408304:tensile-cogency-408304.Math
[2025-05-19T12:53:11.138+0000] {MathDag.py:75} ERROR - Lỗi lưu BigQuery cho link 25: 404 POST https://bigquery.googleapis.com/bigquery/v2/projects/tensile-cogency-408304/datasets/tensile-cogency-408304.Math/tables/MathEx/insertAll?prettyPrint=false: Not found: Dataset tensile-cogency-408304:tensile-cogency-408304.Math
[2025-05-19T12:53:11.942+0000] {MathDag.py:75} ERROR - Lỗi lưu BigQuery cho link 26: 404 POST https://bigquery.googleapis.com/bigquery/v2/projects/tensile-cogency-408304/datasets/tensile-cogency-408304.Math/tables/MathEx/insertAll?prettyPrint=false: Not found: Dataset tensile-cogency-408304:tensile-cogency-408304.Math
[2025-05-19T12:53:12.607+0000] {MathDag.py:75} ERROR - Lỗi lưu BigQuery cho link 27: 404 POST https://bigquery.googleapis.com/bigquery/v2/projects/tensile-cogency-408304/datasets/tensile-cogency-408304.Math/tables/MathEx/insertAll?prettyPrint=false: Not found: Dataset tensile-cogency-408304:tensile-cogency-408304.Math
[2025-05-19T12:53:13.397+0000] {MathDag.py:75} ERROR - Lỗi lưu BigQuery cho link 28: 404 POST https://bigquery.googleapis.com/bigquery/v2/projects/tensile-cogency-408304/datasets/tensile-cogency-408304.Math/tables/MathEx/insertAll?prettyPrint=false: Not found: Dataset tensile-cogency-408304:tensile-cogency-408304.Math
[2025-05-19T12:53:14.197+0000] {MathDag.py:75} ERROR - Lỗi lưu BigQuery cho link 29: 404 POST https://bigquery.googleapis.com/bigquery/v2/projects/tensile-cogency-408304/datasets/tensile-cogency-408304.Math/tables/MathEx/insertAll?prettyPrint=false: Not found: Dataset tensile-cogency-408304:tensile-cogency-408304.Math
[2025-05-19T12:53:14.855+0000] {MathDag.py:75} ERROR - Lỗi lưu BigQuery cho link 30: 404 POST https://bigquery.googleapis.com/bigquery/v2/projects/tensile-cogency-408304/datasets/tensile-cogency-408304.Math/tables/MathEx/insertAll?prettyPrint=false: Not found: Dataset tensile-cogency-408304:tensile-cogency-408304.Math
[2025-05-19T12:53:15.521+0000] {MathDag.py:75} ERROR - Lỗi lưu BigQuery cho link 31: 404 POST https://bigquery.googleapis.com/bigquery/v2/projects/tensile-cogency-408304/datasets/tensile-cogency-408304.Math/tables/MathEx/insertAll?prettyPrint=false: Not found: Dataset tensile-cogency-408304:tensile-cogency-408304.Math
[2025-05-19T12:53:16.180+0000] {MathDag.py:75} ERROR - Lỗi lưu BigQuery cho link 32: 404 POST https://bigquery.googleapis.com/bigquery/v2/projects/tensile-cogency-408304/datasets/tensile-cogency-408304.Math/tables/MathEx/insertAll?prettyPrint=false: Not found: Dataset tensile-cogency-408304:tensile-cogency-408304.Math
[2025-05-19T12:53:16.836+0000] {MathDag.py:75} ERROR - Lỗi lưu BigQuery cho link 33: 404 POST https://bigquery.googleapis.com/bigquery/v2/projects/tensile-cogency-408304/datasets/tensile-cogency-408304.Math/tables/MathEx/insertAll?prettyPrint=false: Not found: Dataset tensile-cogency-408304:tensile-cogency-408304.Math
[2025-05-19T12:53:17.487+0000] {MathDag.py:75} ERROR - Lỗi lưu BigQuery cho link 34: 404 POST https://bigquery.googleapis.com/bigquery/v2/projects/tensile-cogency-408304/datasets/tensile-cogency-408304.Math/tables/MathEx/insertAll?prettyPrint=false: Not found: Dataset tensile-cogency-408304:tensile-cogency-408304.Math
[2025-05-19T12:53:18.150+0000] {MathDag.py:75} ERROR - Lỗi lưu BigQuery cho link 35: 404 POST https://bigquery.googleapis.com/bigquery/v2/projects/tensile-cogency-408304/datasets/tensile-cogency-408304.Math/tables/MathEx/insertAll?prettyPrint=false: Not found: Dataset tensile-cogency-408304:tensile-cogency-408304.Math
[2025-05-19T12:53:18.770+0000] {MathDag.py:75} ERROR - Lỗi lưu BigQuery cho link 36: 404 POST https://bigquery.googleapis.com/bigquery/v2/projects/tensile-cogency-408304/datasets/tensile-cogency-408304.Math/tables/MathEx/insertAll?prettyPrint=false: Not found: Dataset tensile-cogency-408304:tensile-cogency-408304.Math
[2025-05-19T12:53:19.385+0000] {MathDag.py:75} ERROR - Lỗi lưu BigQuery cho link 37: 404 POST https://bigquery.googleapis.com/bigquery/v2/projects/tensile-cogency-408304/datasets/tensile-cogency-408304.Math/tables/MathEx/insertAll?prettyPrint=false: Not found: Dataset tensile-cogency-408304:tensile-cogency-408304.Math
[2025-05-19T12:53:20.184+0000] {MathDag.py:75} ERROR - Lỗi lưu BigQuery cho link 38: 404 POST https://bigquery.googleapis.com/bigquery/v2/projects/tensile-cogency-408304/datasets/tensile-cogency-408304.Math/tables/MathEx/insertAll?prettyPrint=false: Not found: Dataset tensile-cogency-408304:tensile-cogency-408304.Math
[2025-05-19T12:53:21.000+0000] {MathDag.py:75} ERROR - Lỗi lưu BigQuery cho link 39: 404 POST https://bigquery.googleapis.com/bigquery/v2/projects/tensile-cogency-408304/datasets/tensile-cogency-408304.Math/tables/MathEx/insertAll?prettyPrint=false: Not found: Dataset tensile-cogency-408304:tensile-cogency-408304.Math
[2025-05-19T12:53:21.620+0000] {MathDag.py:75} ERROR - Lỗi lưu BigQuery cho link 40: 404 POST https://bigquery.googleapis.com/bigquery/v2/projects/tensile-cogency-408304/datasets/tensile-cogency-408304.Math/tables/MathEx/insertAll?prettyPrint=false: Not found: Dataset tensile-cogency-408304:tensile-cogency-408304.Math
[2025-05-19T12:53:22.238+0000] {MathDag.py:75} ERROR - Lỗi lưu BigQuery cho link 41: 404 POST https://bigquery.googleapis.com/bigquery/v2/projects/tensile-cogency-408304/datasets/tensile-cogency-408304.Math/tables/MathEx/insertAll?prettyPrint=false: Not found: Dataset tensile-cogency-408304:tensile-cogency-408304.Math
[2025-05-19T12:53:23.029+0000] {MathDag.py:75} ERROR - Lỗi lưu BigQuery cho link 42: 404 POST https://bigquery.googleapis.com/bigquery/v2/projects/tensile-cogency-408304/datasets/tensile-cogency-408304.Math/tables/MathEx/insertAll?prettyPrint=false: Not found: Dataset tensile-cogency-408304:tensile-cogency-408304.Math
[2025-05-19T12:53:23.754+0000] {MathDag.py:75} ERROR - Lỗi lưu BigQuery cho link 43: 404 POST https://bigquery.googleapis.com/bigquery/v2/projects/tensile-cogency-408304/datasets/tensile-cogency-408304.Math/tables/MathEx/insertAll?prettyPrint=false: Not found: Dataset tensile-cogency-408304:tensile-cogency-408304.Math
[2025-05-19T12:53:24.564+0000] {MathDag.py:75} ERROR - Lỗi lưu BigQuery cho link 44: 404 POST https://bigquery.googleapis.com/bigquery/v2/projects/tensile-cogency-408304/datasets/tensile-cogency-408304.Math/tables/MathEx/insertAll?prettyPrint=false: Not found: Dataset tensile-cogency-408304:tensile-cogency-408304.Math
[2025-05-19T12:53:25.614+0000] {MathDag.py:75} ERROR - Lỗi lưu BigQuery cho link 45: 404 POST https://bigquery.googleapis.com/bigquery/v2/projects/tensile-cogency-408304/datasets/tensile-cogency-408304.Math/tables/MathEx/insertAll?prettyPrint=false: Not found: Dataset tensile-cogency-408304:tensile-cogency-408304.Math
[2025-05-19T12:53:26.434+0000] {MathDag.py:75} ERROR - Lỗi lưu BigQuery cho link 46: 404 POST https://bigquery.googleapis.com/bigquery/v2/projects/tensile-cogency-408304/datasets/tensile-cogency-408304.Math/tables/MathEx/insertAll?prettyPrint=false: Not found: Dataset tensile-cogency-408304:tensile-cogency-408304.Math
[2025-05-19T12:53:27.080+0000] {MathDag.py:75} ERROR - Lỗi lưu BigQuery cho link 47: 404 POST https://bigquery.googleapis.com/bigquery/v2/projects/tensile-cogency-408304/datasets/tensile-cogency-408304.Math/tables/MathEx/insertAll?prettyPrint=false: Not found: Dataset tensile-cogency-408304:tensile-cogency-408304.Math
[2025-05-19T12:53:27.975+0000] {MathDag.py:75} ERROR - Lỗi lưu BigQuery cho link 48: 404 POST https://bigquery.googleapis.com/bigquery/v2/projects/tensile-cogency-408304/datasets/tensile-cogency-408304.Math/tables/MathEx/insertAll?prettyPrint=false: Not found: Dataset tensile-cogency-408304:tensile-cogency-408304.Math
[2025-05-19T12:53:28.655+0000] {MathDag.py:75} ERROR - Lỗi lưu BigQuery cho link 49: 404 POST https://bigquery.googleapis.com/bigquery/v2/projects/tensile-cogency-408304/datasets/tensile-cogency-408304.Math/tables/MathEx/insertAll?prettyPrint=false: Not found: Dataset tensile-cogency-408304:tensile-cogency-408304.Math
[2025-05-19T12:53:29.445+0000] {MathDag.py:75} ERROR - Lỗi lưu BigQuery cho link 50: 404 POST https://bigquery.googleapis.com/bigquery/v2/projects/tensile-cogency-408304/datasets/tensile-cogency-408304.Math/tables/MathEx/insertAll?prettyPrint=false: Not found: Dataset tensile-cogency-408304:tensile-cogency-408304.Math
[2025-05-19T12:53:30.088+0000] {MathDag.py:75} ERROR - Lỗi lưu BigQuery cho link 51: 404 POST https://bigquery.googleapis.com/bigquery/v2/projects/tensile-cogency-408304/datasets/tensile-cogency-408304.Math/tables/MathEx/insertAll?prettyPrint=false: Not found: Dataset tensile-cogency-408304:tensile-cogency-408304.Math
[2025-05-19T12:53:30.692+0000] {MathDag.py:75} ERROR - Lỗi lưu BigQuery cho link 52: 404 POST https://bigquery.googleapis.com/bigquery/v2/projects/tensile-cogency-408304/datasets/tensile-cogency-408304.Math/tables/MathEx/insertAll?prettyPrint=false: Not found: Dataset tensile-cogency-408304:tensile-cogency-408304.Math
[2025-05-19T12:53:31.332+0000] {MathDag.py:75} ERROR - Lỗi lưu BigQuery cho link 53: 404 POST https://bigquery.googleapis.com/bigquery/v2/projects/tensile-cogency-408304/datasets/tensile-cogency-408304.Math/tables/MathEx/insertAll?prettyPrint=false: Not found: Dataset tensile-cogency-408304:tensile-cogency-408304.Math
[2025-05-19T12:53:31.970+0000] {MathDag.py:75} ERROR - Lỗi lưu BigQuery cho link 54: 404 POST https://bigquery.googleapis.com/bigquery/v2/projects/tensile-cogency-408304/datasets/tensile-cogency-408304.Math/tables/MathEx/insertAll?prettyPrint=false: Not found: Dataset tensile-cogency-408304:tensile-cogency-408304.Math
[2025-05-19T12:53:32.611+0000] {MathDag.py:75} ERROR - Lỗi lưu BigQuery cho link 55: 404 POST https://bigquery.googleapis.com/bigquery/v2/projects/tensile-cogency-408304/datasets/tensile-cogency-408304.Math/tables/MathEx/insertAll?prettyPrint=false: Not found: Dataset tensile-cogency-408304:tensile-cogency-408304.Math
[2025-05-19T12:53:33.384+0000] {MathDag.py:75} ERROR - Lỗi lưu BigQuery cho link 56: 404 POST https://bigquery.googleapis.com/bigquery/v2/projects/tensile-cogency-408304/datasets/tensile-cogency-408304.Math/tables/MathEx/insertAll?prettyPrint=false: Not found: Dataset tensile-cogency-408304:tensile-cogency-408304.Math
[2025-05-19T12:53:33.990+0000] {MathDag.py:75} ERROR - Lỗi lưu BigQuery cho link 57: 404 POST https://bigquery.googleapis.com/bigquery/v2/projects/tensile-cogency-408304/datasets/tensile-cogency-408304.Math/tables/MathEx/insertAll?prettyPrint=false: Not found: Dataset tensile-cogency-408304:tensile-cogency-408304.Math
[2025-05-19T12:53:34.620+0000] {MathDag.py:75} ERROR - Lỗi lưu BigQuery cho link 58: 404 POST https://bigquery.googleapis.com/bigquery/v2/projects/tensile-cogency-408304/datasets/tensile-cogency-408304.Math/tables/MathEx/insertAll?prettyPrint=false: Not found: Dataset tensile-cogency-408304:tensile-cogency-408304.Math
[2025-05-19T12:53:35.405+0000] {MathDag.py:75} ERROR - Lỗi lưu BigQuery cho link 59: 404 POST https://bigquery.googleapis.com/bigquery/v2/projects/tensile-cogency-408304/datasets/tensile-cogency-408304.Math/tables/MathEx/insertAll?prettyPrint=false: Not found: Dataset tensile-cogency-408304:tensile-cogency-408304.Math
[2025-05-19T12:53:36.036+0000] {MathDag.py:75} ERROR - Lỗi lưu BigQuery cho link 60: 404 POST https://bigquery.googleapis.com/bigquery/v2/projects/tensile-cogency-408304/datasets/tensile-cogency-408304.Math/tables/MathEx/insertAll?prettyPrint=false: Not found: Dataset tensile-cogency-408304:tensile-cogency-408304.Math
[2025-05-19T12:53:36.632+0000] {MathDag.py:75} ERROR - Lỗi lưu BigQuery cho link 61: 404 POST https://bigquery.googleapis.com/bigquery/v2/projects/tensile-cogency-408304/datasets/tensile-cogency-408304.Math/tables/MathEx/insertAll?prettyPrint=false: Not found: Dataset tensile-cogency-408304:tensile-cogency-408304.Math
[2025-05-19T12:53:37.320+0000] {MathDag.py:75} ERROR - Lỗi lưu BigQuery cho link 62: 404 POST https://bigquery.googleapis.com/bigquery/v2/projects/tensile-cogency-408304/datasets/tensile-cogency-408304.Math/tables/MathEx/insertAll?prettyPrint=false: Not found: Dataset tensile-cogency-408304:tensile-cogency-408304.Math
[2025-05-19T12:53:38.063+0000] {MathDag.py:75} ERROR - Lỗi lưu BigQuery cho link 63: 404 POST https://bigquery.googleapis.com/bigquery/v2/projects/tensile-cogency-408304/datasets/tensile-cogency-408304.Math/tables/MathEx/insertAll?prettyPrint=false: Not found: Dataset tensile-cogency-408304:tensile-cogency-408304.Math
[2025-05-19T12:53:38.689+0000] {MathDag.py:75} ERROR - Lỗi lưu BigQuery cho link 64: 404 POST https://bigquery.googleapis.com/bigquery/v2/projects/tensile-cogency-408304/datasets/tensile-cogency-408304.Math/tables/MathEx/insertAll?prettyPrint=false: Not found: Dataset tensile-cogency-408304:tensile-cogency-408304.Math
[2025-05-19T12:53:38.690+0000] {python.py:177} INFO - Done. Returned value was: None
[2025-05-19T12:53:38.697+0000] {taskinstance.py:1322} INFO - Marking task as SUCCESS. dag_id=math_crawler_pipeline, task_id=save_to_bigquery, execution_date=20250519T112221, start_date=20250519T125252, end_date=20250519T125338
[2025-05-19T12:53:38.732+0000] {local_task_job.py:159} INFO - Task exited with return code 0
[2025-05-19T12:53:38.743+0000] {taskinstance.py:2582} INFO - 0 downstream tasks scheduled from follow-on schedule check
