[2025-05-19T12:56:27.924+0000] {taskinstance.py:1087} INFO - Dependencies all met for <TaskInstance: math_crawler_pipeline.extract_problem_and_solution manual__2025-05-19T12:56:24.211949+00:00 [queued]>
[2025-05-19T12:56:27.939+0000] {taskinstance.py:1087} INFO - Dependencies all met for <TaskInstance: math_crawler_pipeline.extract_problem_and_solution manual__2025-05-19T12:56:24.211949+00:00 [queued]>
[2025-05-19T12:56:27.940+0000] {taskinstance.py:1283} INFO - 
--------------------------------------------------------------------------------
[2025-05-19T12:56:27.941+0000] {taskinstance.py:1284} INFO - Starting attempt 1 of 3
[2025-05-19T12:56:27.942+0000] {taskinstance.py:1285} INFO - 
--------------------------------------------------------------------------------
[2025-05-19T12:56:27.980+0000] {taskinstance.py:1304} INFO - Executing <Task(PythonOperator): extract_problem_and_solution> on 2025-05-19 12:56:24.211949+00:00
[2025-05-19T12:56:28.005+0000] {standard_task_runner.py:55} INFO - Started process 273 to run task
[2025-05-19T12:56:28.015+0000] {standard_task_runner.py:82} INFO - Running: ['***', 'tasks', 'run', 'math_crawler_pipeline', 'extract_problem_and_solution', 'manual__2025-05-19T12:56:24.211949+00:00', '--job-id', '95', '--raw', '--subdir', 'DAGS_FOLDER/MathDag.py', '--cfg-path', '/tmp/tmp5e1c3cn2']
[2025-05-19T12:56:28.023+0000] {standard_task_runner.py:83} INFO - Job 95: Subtask extract_problem_and_solution
[2025-05-19T12:56:28.117+0000] {task_command.py:389} INFO - Running <TaskInstance: math_crawler_pipeline.extract_problem_and_solution manual__2025-05-19T12:56:24.211949+00:00 [running]> on host 11cd72090704
[2025-05-19T12:56:28.159+0000] {taskinstance.py:1511} INFO - Exporting the following env vars:
AIRFLOW_CTX_DAG_OWNER=***
AIRFLOW_CTX_DAG_ID=math_crawler_pipeline
AIRFLOW_CTX_TASK_ID=extract_problem_and_solution
AIRFLOW_CTX_EXECUTION_DATE=2025-05-19T12:56:24.211949+00:00
AIRFLOW_CTX_TRY_NUMBER=1
AIRFLOW_CTX_DAG_RUN_ID=manual__2025-05-19T12:56:24.211949+00:00
[2025-05-19T12:56:28.167+0000] {MathDag.py:45} INFO - Đang crawl link 1/64: https://loigiaihay.com/de-tham-khao-thi-vao-10-toan-ha-noi-nam-2025-co-dap-an-va-loi-giai-chi-tiet-a179519.html
[2025-05-19T13:01:28.189+0000] {MathDag.py:50} ERROR - Lỗi crawl link https://loigiaihay.com/de-tham-khao-thi-vao-10-toan-ha-noi-nam-2025-co-dap-an-va-loi-giai-chi-tiet-a179519.html: Message: Could not start a new session. New session request timed out 
Host info: host: '6d65284669c8', ip: '172.18.0.2'
Build info: version: '4.32.0', revision: 'd17c8aa950'
System info: os.name: 'Linux', os.arch: 'amd64', os.version: '6.10.14-linuxkit', java.version: '21.0.7'
Driver info: driver.version: unknown
Stacktrace:
    at org.openqa.selenium.grid.sessionqueue.local.LocalNewSessionQueue.addToQueue (LocalNewSessionQueue.java:224)
    at org.openqa.selenium.grid.sessionqueue.NewSessionQueue.lambda$new$0 (NewSessionQueue.java:68)
    at org.openqa.selenium.remote.http.Route$TemplatizedRoute.handle (Route.java:192)
    at org.openqa.selenium.remote.http.Route.execute (Route.java:69)
    at org.openqa.selenium.remote.http.Route$CombinedRoute.handle (Route.java:360)
    at org.openqa.selenium.remote.http.Route.execute (Route.java:69)
    at org.openqa.selenium.grid.sessionqueue.NewSessionQueue.execute (NewSessionQueue.java:128)
    at org.openqa.selenium.remote.tracing.SpanWrappedHttpHandler.execute (SpanWrappedHttpHandler.java:87)
    at org.openqa.selenium.remote.http.Filter$1.execute (Filter.java:63)
    at org.openqa.selenium.remote.http.Route$CombinedRoute.handle (Route.java:360)
    at org.openqa.selenium.remote.http.Route.execute (Route.java:69)
    at org.openqa.selenium.grid.router.Router.execute (Router.java:89)
    at org.openqa.selenium.grid.web.EnsureSpecCompliantResponseHeaders.lambda$apply$0 (EnsureSpecCompliantResponseHeaders.java:34)
    at org.openqa.selenium.remote.http.Filter$1.execute (Filter.java:63)
    at org.openqa.selenium.remote.http.Route$CombinedRoute.handle (Route.java:360)
    at org.openqa.selenium.remote.http.Route.execute (Route.java:69)
    at org.openqa.selenium.remote.http.Route$NestedRoute.handle (Route.java:270)
    at org.openqa.selenium.remote.http.Route.execute (Route.java:69)
    at org.openqa.selenium.remote.http.Route$CombinedRoute.handle (Route.java:360)
    at org.openqa.selenium.remote.http.Route.execute (Route.java:69)
    at org.openqa.selenium.remote.AddWebDriverSpecHeaders.lambda$apply$0 (AddWebDriverSpecHeaders.java:35)
    at org.openqa.selenium.remote.ErrorFilter.lambda$apply$0 (ErrorFilter.java:44)
    at org.openqa.selenium.remote.http.Filter$1.execute (Filter.java:63)
    at org.openqa.selenium.remote.ErrorFilter.lambda$apply$0 (ErrorFilter.java:44)
    at org.openqa.selenium.remote.http.Filter$1.execute (Filter.java:63)
    at org.openqa.selenium.netty.server.SeleniumHandler.lambda$channelRead0$0 (SeleniumHandler.java:49)
    at java.util.concurrent.Executors$RunnableAdapter.call (Executors.java:572)
    at java.util.concurrent.FutureTask.run (FutureTask.java:317)
    at java.util.concurrent.ThreadPoolExecutor.runWorker (ThreadPoolExecutor.java:1144)
    at java.util.concurrent.ThreadPoolExecutor$Worker.run (ThreadPoolExecutor.java:642)
    at java.lang.Thread.run (Thread.java:1583)
[2025-05-19T13:01:28.190+0000] {MathDag.py:45} INFO - Đang crawl link 2/64: https://loigiaihay.com/de-tham-khao-thi-vao-10-toan-ha-noi-nam-2025-co-dap-an-va-loi-giai-chi-tiet-de-2-a179539.html
[2025-05-19T13:01:51.086+0000] {MathDag.py:47} INFO -   -> Crawl thành công, số block: 208
[2025-05-19T13:01:51.087+0000] {MathDag.py:45} INFO - Đang crawl link 3/64: https://loigiaihay.com/de-tham-khao-thi-vao-10-toan-ha-noi-nam-2025-co-dap-an-va-loi-giai-chi-tiet-de-3-a181097.html
[2025-05-19T13:02:00.703+0000] {MathDag.py:47} INFO -   -> Crawl thành công, số block: 217
[2025-05-19T13:02:00.703+0000] {MathDag.py:45} INFO - Đang crawl link 4/64: https://loigiaihay.com/de-tham-khao-thi-vao-10-mon-toan-ha-noi-nam-2025-de-so-4-a181870.html
[2025-05-19T13:02:10.772+0000] {MathDag.py:47} INFO -   -> Crawl thành công, số block: 188
[2025-05-19T13:02:10.773+0000] {MathDag.py:45} INFO - Đang crawl link 5/64: https://loigiaihay.com/de-tham-khao-thi-vao-10-mon-toan-ha-noi-nam-2025-de-so-5-a182059.html
[2025-05-19T13:02:20.585+0000] {MathDag.py:47} INFO -   -> Crawl thành công, số block: 212
[2025-05-19T13:02:20.585+0000] {MathDag.py:45} INFO - Đang crawl link 6/64: https://loigiaihay.com/de-tham-khao-thi-vao-10-mon-toan-ha-noi-nam-2025-de-so-6-a182290.html
[2025-05-19T13:02:29.970+0000] {MathDag.py:47} INFO -   -> Crawl thành công, số block: 186
[2025-05-19T13:02:29.970+0000] {MathDag.py:45} INFO - Đang crawl link 7/64: https://loigiaihay.com/de-tham-khao-thi-vao-10-mon-toan-ha-noi-nam-2025-de-so-7-a182562.html
[2025-05-19T13:02:39.708+0000] {MathDag.py:47} INFO -   -> Crawl thành công, số block: 170
[2025-05-19T13:02:39.708+0000] {MathDag.py:45} INFO - Đang crawl link 8/64: https://loigiaihay.com/de-tham-khao-thi-vao-10-mon-toan-ha-noi-nam-2025-de-so-8-a183073.html
[2025-05-19T13:02:52.776+0000] {MathDag.py:47} INFO -   -> Crawl thành công, số block: 171
[2025-05-19T13:02:52.777+0000] {MathDag.py:45} INFO - Đang crawl link 9/64: https://loigiaihay.com/de-tham-khao-thi-vao-10-mon-toan-ha-noi-nam-2025-de-so-9-a183564.html
[2025-05-19T13:03:02.531+0000] {MathDag.py:47} INFO -   -> Crawl thành công, số block: 170
[2025-05-19T13:03:02.532+0000] {MathDag.py:45} INFO - Đang crawl link 10/64: https://loigiaihay.com/de-tham-khao-thi-vao-10-mon-toan-ha-noi-nam-2025-de-so-10-a183809.html
[2025-05-19T13:03:12.509+0000] {MathDag.py:47} INFO -   -> Crawl thành công, số block: 170
[2025-05-19T13:03:12.509+0000] {MathDag.py:45} INFO - Đang crawl link 11/64: https://loigiaihay.com/de-tham-khao-thi-vao-10-mon-toan-ha-noi-nam-2025-de-so-11-a184285.html
[2025-05-19T13:03:22.223+0000] {MathDag.py:47} INFO -   -> Crawl thành công, số block: 162
[2025-05-19T13:03:22.223+0000] {MathDag.py:45} INFO - Đang crawl link 12/64: https://loigiaihay.com/de-tham-khao-thi-vao-10-toan-tp-ho-chi-minh-nam-2025-co-dap-an-va-loi-giai-chi-tiet-de-1-a179544.html
[2025-05-19T13:03:31.939+0000] {MathDag.py:47} INFO -   -> Crawl thành công, số block: 207
[2025-05-19T13:03:31.939+0000] {MathDag.py:45} INFO - Đang crawl link 13/64: https://loigiaihay.com/de-tham-khao-thi-vao-10-mon-toan-tp-ho-chi-minh-nam-2025-de-so-2-a181829.html
[2025-05-19T13:03:39.848+0000] {MathDag.py:47} INFO -   -> Crawl thành công, số block: 226
[2025-05-19T13:03:39.849+0000] {MathDag.py:45} INFO - Đang crawl link 14/64: https://loigiaihay.com/de-tham-khao-thi-vao-10-mon-toan-tp-ho-chi-minh-nam-2025-de-so-3-a181884.html
[2025-05-19T13:03:49.160+0000] {MathDag.py:47} INFO -   -> Crawl thành công, số block: 191
[2025-05-19T13:03:49.161+0000] {MathDag.py:45} INFO - Đang crawl link 15/64: https://loigiaihay.com/de-tham-khao-thi-vao-10-mon-toan-tp-ho-chi-minh-nam-2025-de-so-4-a181981.html
[2025-05-19T13:03:59.764+0000] {MathDag.py:47} INFO -   -> Crawl thành công, số block: 237
[2025-05-19T13:03:59.765+0000] {MathDag.py:45} INFO - Đang crawl link 16/64: https://loigiaihay.com/de-tham-khao-thi-vao-10-mon-toan-tp-ho-chi-minh-nam-2025-de-so-5-a182269.html
[2025-05-19T13:04:09.452+0000] {MathDag.py:47} INFO -   -> Crawl thành công, số block: 246
[2025-05-19T13:04:09.453+0000] {MathDag.py:45} INFO - Đang crawl link 17/64: https://loigiaihay.com/de-tham-khao-thi-vao-10-mon-toan-tp-ho-chi-minh-nam-2025-de-so-6-a182568.html
[2025-05-19T13:04:19.749+0000] {MathDag.py:47} INFO -   -> Crawl thành công, số block: 249
[2025-05-19T13:04:19.750+0000] {MathDag.py:45} INFO - Đang crawl link 18/64: https://loigiaihay.com/de-tham-khao-thi-vao-10-mon-toan-tp-ho-chi-minh-nam-2025-de-so-7-a182986.html
[2025-05-19T13:04:29.955+0000] {MathDag.py:47} INFO -   -> Crawl thành công, số block: 199
[2025-05-19T13:04:29.955+0000] {MathDag.py:45} INFO - Đang crawl link 19/64: https://loigiaihay.com/de-tham-khao-thi-vao-10-mon-toan-tp-ho-chi-minh-nam-2025-de-so-8-a183544.html
[2025-05-19T13:04:39.847+0000] {MathDag.py:47} INFO -   -> Crawl thành công, số block: 218
[2025-05-19T13:04:39.847+0000] {MathDag.py:45} INFO - Đang crawl link 20/64: https://loigiaihay.com/de-tham-khao-thi-vao-10-mon-toan-tp-ho-chi-minh-nam-2025-de-so-9-a184122.html
[2025-05-19T13:04:49.504+0000] {MathDag.py:47} INFO -   -> Crawl thành công, số block: 208
[2025-05-19T13:04:49.504+0000] {MathDag.py:45} INFO - Đang crawl link 21/64: https://loigiaihay.com/de-tham-khao-thi-vao-10-mon-toan-tp-ho-chi-minh-nam-2025-de-so-10-a184527.html
[2025-05-19T13:04:59.058+0000] {MathDag.py:47} INFO -   -> Crawl thành công, số block: 191
[2025-05-19T13:04:59.059+0000] {MathDag.py:45} INFO - Đang crawl link 22/64: https://loigiaihay.com/de-so-1-de-thi-vao-lop-10-mon-toan-c44a49454.html
[2025-05-19T13:05:08.956+0000] {MathDag.py:47} INFO -   -> Crawl thành công, số block: 2
[2025-05-19T13:05:08.956+0000] {MathDag.py:45} INFO - Đang crawl link 23/64: https://loigiaihay.com/de-so-2-de-thi-vao-lop-10-mon-toan-c44a49464.html
[2025-05-19T13:05:18.362+0000] {MathDag.py:47} INFO -   -> Crawl thành công, số block: 2
[2025-05-19T13:05:18.362+0000] {MathDag.py:45} INFO - Đang crawl link 24/64: https://loigiaihay.com/de-so-3-de-thi-vao-lop-10-mon-toan-c44a49465.html
[2025-05-19T13:05:29.863+0000] {MathDag.py:47} INFO -   -> Crawl thành công, số block: 2
[2025-05-19T13:05:29.864+0000] {MathDag.py:45} INFO - Đang crawl link 25/64: https://loigiaihay.com/de-so-4-de-thi-vao-lop-10-mon-toan-c44a49466.html
[2025-05-19T13:05:40.232+0000] {MathDag.py:47} INFO -   -> Crawl thành công, số block: 2
[2025-05-19T13:05:40.232+0000] {MathDag.py:45} INFO - Đang crawl link 26/64: https://loigiaihay.com/de-so-5-de-thi-vao-lop-10-mon-toan-c44a49467.html
[2025-05-19T13:05:50.057+0000] {MathDag.py:47} INFO -   -> Crawl thành công, số block: 2
[2025-05-19T13:05:50.058+0000] {MathDag.py:45} INFO - Đang crawl link 27/64: https://loigiaihay.com/de-so-6-de-thi-vao-lop-10-mon-toan-c44a49468.html
[2025-05-19T13:06:02.801+0000] {MathDag.py:47} INFO -   -> Crawl thành công, số block: 2
[2025-05-19T13:06:02.801+0000] {MathDag.py:45} INFO - Đang crawl link 28/64: https://loigiaihay.com/de-so-7-de-thi-vao-lop-10-mon-toan-c44a49469.html
[2025-05-19T13:06:12.531+0000] {MathDag.py:47} INFO -   -> Crawl thành công, số block: 2
[2025-05-19T13:06:12.531+0000] {MathDag.py:45} INFO - Đang crawl link 29/64: https://loigiaihay.com/de-so-8-de-thi-vao-lop-10-mon-toan-c44a49470.html
[2025-05-19T13:06:23.006+0000] {MathDag.py:47} INFO -   -> Crawl thành công, số block: 2
[2025-05-19T13:06:23.006+0000] {MathDag.py:45} INFO - Đang crawl link 30/64: https://loigiaihay.com/de-so-9-de-thi-vao-lop-10-mon-toan-c44a49471.html
[2025-05-19T13:06:32.750+0000] {MathDag.py:47} INFO -   -> Crawl thành công, số block: 2
[2025-05-19T13:06:32.750+0000] {MathDag.py:45} INFO - Đang crawl link 31/64: https://loigiaihay.com/de-so-10-de-thi-vao-lop-10-mon-toan-c44a49472.html
[2025-05-19T13:06:43.113+0000] {MathDag.py:47} INFO -   -> Crawl thành công, số block: 2
[2025-05-19T13:06:43.113+0000] {MathDag.py:45} INFO - Đang crawl link 32/64: https://loigiaihay.com/de-so-11-de-thi-vao-lop-10-mon-toan-c44a49473.html
[2025-05-19T13:06:52.993+0000] {MathDag.py:47} INFO -   -> Crawl thành công, số block: 2
[2025-05-19T13:06:52.994+0000] {MathDag.py:45} INFO - Đang crawl link 33/64: https://loigiaihay.com/de-so-12-de-thi-vao-lop-10-mon-toan-c44a49474.html
[2025-05-19T13:07:04.787+0000] {MathDag.py:47} INFO -   -> Crawl thành công, số block: 2
[2025-05-19T13:07:04.787+0000] {MathDag.py:45} INFO - Đang crawl link 34/64: https://loigiaihay.com/de-so-13-de-thi-vao-lop-10-mon-toan-c44a49515.html
[2025-05-19T13:07:15.384+0000] {MathDag.py:47} INFO -   -> Crawl thành công, số block: 2
[2025-05-19T13:07:15.385+0000] {MathDag.py:45} INFO - Đang crawl link 35/64: https://loigiaihay.com/de-so-14-de-thi-vao-lop-10-mon-toan-c44a49529.html
[2025-05-19T13:07:27.032+0000] {MathDag.py:47} INFO -   -> Crawl thành công, số block: 2
[2025-05-19T13:07:27.033+0000] {MathDag.py:45} INFO - Đang crawl link 36/64: https://loigiaihay.com/de-so-15-de-thi-vao-lop-10-mon-toan-c44a49531.html
[2025-05-19T13:07:37.953+0000] {MathDag.py:47} INFO -   -> Crawl thành công, số block: 2
[2025-05-19T13:07:37.954+0000] {MathDag.py:45} INFO - Đang crawl link 37/64: https://loigiaihay.com/de-so-16-de-thi-vao-lop-10-mon-toan-c44a49533.html
[2025-05-19T13:07:49.374+0000] {MathDag.py:47} INFO -   -> Crawl thành công, số block: 2
[2025-05-19T13:07:49.374+0000] {MathDag.py:45} INFO - Đang crawl link 38/64: https://loigiaihay.com/de-so-17-de-thi-vao-lop-10-mon-toan-c44a49536.html
[2025-05-19T13:07:59.370+0000] {MathDag.py:47} INFO -   -> Crawl thành công, số block: 2
[2025-05-19T13:07:59.371+0000] {MathDag.py:45} INFO - Đang crawl link 39/64: https://loigiaihay.com/de-so-18-de-thi-vao-lop-10-mon-toan-c44a49538.html
[2025-05-19T13:08:14.007+0000] {MathDag.py:47} INFO -   -> Crawl thành công, số block: 2
[2025-05-19T13:08:14.007+0000] {MathDag.py:45} INFO - Đang crawl link 40/64: https://loigiaihay.com/de-so-19-de-thi-vao-lop-10-mon-toan-c44a49540.html
[2025-05-19T13:08:31.469+0000] {MathDag.py:47} INFO -   -> Crawl thành công, số block: 2
[2025-05-19T13:08:31.469+0000] {MathDag.py:45} INFO - Đang crawl link 41/64: https://loigiaihay.com/de-so-20-de-thi-vao-lop-10-mon-toan-c44a49541.html
[2025-05-19T13:08:42.575+0000] {MathDag.py:47} INFO -   -> Crawl thành công, số block: 2
[2025-05-19T13:08:42.575+0000] {MathDag.py:45} INFO - Đang crawl link 42/64: https://loigiaihay.com/de-so-21-de-thi-vao-lop-10-mon-toan-c44a49573.html
[2025-05-19T13:08:55.159+0000] {MathDag.py:47} INFO -   -> Crawl thành công, số block: 2
[2025-05-19T13:08:55.160+0000] {MathDag.py:45} INFO - Đang crawl link 43/64: https://loigiaihay.com/de-so-22-de-thi-vao-lop-10-mon-toan-c44a49582.html
[2025-05-19T13:09:07.203+0000] {MathDag.py:47} INFO -   -> Crawl thành công, số block: 2
[2025-05-19T13:09:07.204+0000] {MathDag.py:45} INFO - Đang crawl link 44/64: https://loigiaihay.com/de-so-23-de-thi-vao-lop-10-mon-toan-c44a49583.html
[2025-05-19T13:09:19.691+0000] {MathDag.py:47} INFO -   -> Crawl thành công, số block: 2
[2025-05-19T13:09:19.691+0000] {MathDag.py:45} INFO - Đang crawl link 45/64: https://loigiaihay.com/de-so-24-de-thi-vao-lop-10-mon-toan-c44a49585.html
[2025-05-19T13:09:30.567+0000] {MathDag.py:47} INFO -   -> Crawl thành công, số block: 2
[2025-05-19T13:09:30.567+0000] {MathDag.py:45} INFO - Đang crawl link 46/64: https://loigiaihay.com/de-so-25-de-thi-vao-lop-10-mon-toan-c44a49613.html
[2025-05-19T13:09:43.273+0000] {MathDag.py:47} INFO -   -> Crawl thành công, số block: 2
[2025-05-19T13:09:43.273+0000] {MathDag.py:45} INFO - Đang crawl link 47/64: https://loigiaihay.com/de-so-26-de-thi-vao-lop-10-mon-toan-c44a49614.html
[2025-05-19T13:09:53.104+0000] {MathDag.py:47} INFO -   -> Crawl thành công, số block: 2
[2025-05-19T13:09:53.105+0000] {MathDag.py:45} INFO - Đang crawl link 48/64: https://loigiaihay.com/de-so-27-de-thi-vao-lop-10-mon-toan-c44a49615.html
[2025-05-19T13:10:03.611+0000] {MathDag.py:47} INFO -   -> Crawl thành công, số block: 2
[2025-05-19T13:10:03.611+0000] {MathDag.py:45} INFO - Đang crawl link 49/64: https://loigiaihay.com/de-so-28-de-thi-vao-lop-10-mon-toan-c44a49616.html
[2025-05-19T13:10:17.466+0000] {MathDag.py:47} INFO -   -> Crawl thành công, số block: 2
[2025-05-19T13:10:17.467+0000] {MathDag.py:45} INFO - Đang crawl link 50/64: https://loigiaihay.com/de-so-29-de-thi-vao-lop-10-mon-toan-c44a49621.html
[2025-05-19T13:10:29.631+0000] {MathDag.py:47} INFO -   -> Crawl thành công, số block: 2
[2025-05-19T13:10:29.632+0000] {MathDag.py:45} INFO - Đang crawl link 51/64: https://loigiaihay.com/de-so-30-de-thi-vao-lop-10-mon-toan-c44a49629.html
[2025-05-19T13:10:46.066+0000] {MathDag.py:47} INFO -   -> Crawl thành công, số block: 2
[2025-05-19T13:10:46.067+0000] {MathDag.py:45} INFO - Đang crawl link 52/64: https://loigiaihay.com/de-so-31-de-thi-vao-lop-10-mon-toan-c44a49640.html
[2025-05-19T13:10:59.925+0000] {MathDag.py:47} INFO -   -> Crawl thành công, số block: 2
[2025-05-19T13:10:59.926+0000] {MathDag.py:45} INFO - Đang crawl link 53/64: https://loigiaihay.com/de-so-32-de-thi-vao-lop-10-mon-toan-c44a49639.html
[2025-05-19T13:11:15.416+0000] {MathDag.py:47} INFO -   -> Crawl thành công, số block: 2
[2025-05-19T13:11:15.417+0000] {MathDag.py:45} INFO - Đang crawl link 54/64: https://loigiaihay.com/de-so-33-de-thi-vao-lop-10-mon-toan-c44a49641.html
[2025-05-19T13:11:28.763+0000] {MathDag.py:47} INFO -   -> Crawl thành công, số block: 2
[2025-05-19T13:11:28.763+0000] {MathDag.py:45} INFO - Đang crawl link 55/64: https://loigiaihay.com/de-so-34-de-thi-vao-lop-10-mon-toan-c44a49643.html
[2025-05-19T13:11:40.926+0000] {MathDag.py:47} INFO -   -> Crawl thành công, số block: 2
[2025-05-19T13:11:40.927+0000] {MathDag.py:45} INFO - Đang crawl link 56/64: https://loigiaihay.com/de-so-35-de-thi-vao-lop-10-mon-toan-c44a49644.html
[2025-05-19T13:11:52.418+0000] {MathDag.py:47} INFO -   -> Crawl thành công, số block: 2
[2025-05-19T13:11:52.418+0000] {MathDag.py:45} INFO - Đang crawl link 57/64: https://loigiaihay.com/de-so-36-de-thi-vao-lop-10-mon-toan-c44a49645.html
[2025-05-19T13:12:05.653+0000] {MathDag.py:47} INFO -   -> Crawl thành công, số block: 2
[2025-05-19T13:12:05.654+0000] {MathDag.py:45} INFO - Đang crawl link 58/64: https://loigiaihay.com/de-so-37-de-thi-vao-lop-10-mon-toan-c44a49646.html
[2025-05-19T13:12:22.322+0000] {MathDag.py:47} INFO -   -> Crawl thành công, số block: 2
[2025-05-19T13:12:22.322+0000] {MathDag.py:45} INFO - Đang crawl link 59/64: https://loigiaihay.com/de-so-38-de-thi-vao-lop-10-mon-toan-c44a49647.html
[2025-05-19T13:12:34.569+0000] {MathDag.py:47} INFO -   -> Crawl thành công, số block: 2
[2025-05-19T13:12:34.569+0000] {MathDag.py:45} INFO - Đang crawl link 60/64: https://loigiaihay.com/de-so-39-de-thi-vao-lop-10-mon-toan-c44a49648.html
[2025-05-19T13:12:46.575+0000] {MathDag.py:47} INFO -   -> Crawl thành công, số block: 2
[2025-05-19T13:12:46.576+0000] {MathDag.py:45} INFO - Đang crawl link 61/64: https://loigiaihay.com/de-so-40-de-thi-vao-lop-10-mon-toan-c44a49649.html
[2025-05-19T13:12:59.207+0000] {MathDag.py:47} INFO -   -> Crawl thành công, số block: 2
[2025-05-19T13:12:59.208+0000] {MathDag.py:45} INFO - Đang crawl link 62/64: https://loigiaihay.com/de-so-41-de-thi-vao-lop-10-mon-toan-c44a49650.html
[2025-05-19T13:13:10.167+0000] {MathDag.py:47} INFO -   -> Crawl thành công, số block: 2
[2025-05-19T13:13:10.168+0000] {MathDag.py:45} INFO - Đang crawl link 63/64: https://loigiaihay.com/de-so-42-de-thi-vao-lop-10-mon-toan-c44a49651.html
[2025-05-19T13:13:22.102+0000] {MathDag.py:47} INFO -   -> Crawl thành công, số block: 2
[2025-05-19T13:13:22.102+0000] {MathDag.py:45} INFO - Đang crawl link 64/64: https://loigiaihay.com/de-so-43-de-thi-vao-lop-10-mon-toan-c44a49652.html
[2025-05-19T13:13:35.565+0000] {MathDag.py:47} INFO -   -> Crawl thành công, số block: 2
[2025-05-19T13:13:35.611+0000] {python.py:177} INFO - Done. Returned value was: None
[2025-05-19T13:13:35.617+0000] {taskinstance.py:1322} INFO - Marking task as SUCCESS. dag_id=math_crawler_pipeline, task_id=extract_problem_and_solution, execution_date=20250519T125624, start_date=20250519T125627, end_date=20250519T131335
[2025-05-19T13:13:35.672+0000] {local_task_job.py:159} INFO - Task exited with return code 0
[2025-05-19T13:13:35.717+0000] {taskinstance.py:2582} INFO - 2 downstream tasks scheduled from follow-on schedule check
