[2025-05-19T16:46:53.615+0000] {taskinstance.py:1087} INFO - Dependencies all met for <TaskInstance: math_crawler_pipeline.generate_pdf manual__2025-05-19T16:30:42.437473+00:00 [queued]>
[2025-05-19T16:46:53.629+0000] {taskinstance.py:1087} INFO - Dependencies all met for <TaskInstance: math_crawler_pipeline.generate_pdf manual__2025-05-19T16:30:42.437473+00:00 [queued]>
[2025-05-19T16:46:53.630+0000] {taskinstance.py:1283} INFO - 
--------------------------------------------------------------------------------
[2025-05-19T16:46:53.631+0000] {taskinstance.py:1284} INFO - Starting attempt 1 of 3
[2025-05-19T16:46:53.631+0000] {taskinstance.py:1285} INFO - 
--------------------------------------------------------------------------------
[2025-05-19T16:46:53.645+0000] {taskinstance.py:1304} INFO - Executing <Task(PythonOperator): generate_pdf> on 2025-05-19 16:30:42.437473+00:00
[2025-05-19T16:46:53.651+0000] {standard_task_runner.py:55} INFO - Started process 190 to run task
[2025-05-19T16:46:53.654+0000] {standard_task_runner.py:82} INFO - Running: ['***', 'tasks', 'run', 'math_crawler_pipeline', 'generate_pdf', 'manual__2025-05-19T16:30:42.437473+00:00', '--job-id', '144', '--raw', '--subdir', 'DAGS_FOLDER/MathDag.py', '--cfg-path', '/tmp/tmpsj3dvwae']
[2025-05-19T16:46:53.657+0000] {standard_task_runner.py:83} INFO - Job 144: Subtask generate_pdf
[2025-05-19T16:46:53.713+0000] {task_command.py:389} INFO - Running <TaskInstance: math_crawler_pipeline.generate_pdf manual__2025-05-19T16:30:42.437473+00:00 [running]> on host 11cd72090704
[2025-05-19T16:46:53.777+0000] {taskinstance.py:1511} INFO - Exporting the following env vars:
AIRFLOW_CTX_DAG_OWNER=***
AIRFLOW_CTX_DAG_ID=math_crawler_pipeline
AIRFLOW_CTX_TASK_ID=generate_pdf
AIRFLOW_CTX_EXECUTION_DATE=2025-05-19T16:30:42.437473+00:00
AIRFLOW_CTX_TRY_NUMBER=1
AIRFLOW_CTX_DAG_RUN_ID=manual__2025-05-19T16:30:42.437473+00:00
[2025-05-19T16:47:59.373+0000] {local_task_job.py:223} WARNING - State of this instance has been externally set to restarting. Terminating instance.
[2025-05-19T16:47:59.375+0000] {process_utils.py:129} INFO - Sending Signals.SIGTERM to group 190. PIDs of all processes in the group: [190]
[2025-05-19T16:47:59.376+0000] {process_utils.py:84} INFO - Sending the signal Signals.SIGTERM to group 190
[2025-05-19T16:47:59.376+0000] {taskinstance.py:1483} ERROR - Received SIGTERM. Terminating subprocesses.
[2025-05-19T16:48:59.379+0000] {process_utils.py:147} WARNING - process psutil.Process(pid=190, name='airflow task ru', status='sleeping', started='16:46:53') did not respond to SIGTERM. Trying SIGKILL
[2025-05-19T16:48:59.379+0000] {process_utils.py:84} INFO - Sending the signal Signals.SIGKILL to group 190
[2025-05-19T16:48:59.390+0000] {process_utils.py:79} INFO - Process psutil.Process(pid=190, name='airflow task ru', status='terminated', exitcode=<Negsignal.SIGKILL: -9>, started='16:46:53') (190) terminated with exit code Negsignal.SIGKILL
[2025-05-19T16:48:59.390+0000] {standard_task_runner.py:168} ERROR - Job 144 was killed before it finished (likely due to running out of memory)
