[2025-05-19T17:07:59.788+0000] {taskinstance.py:1087} INFO - Dependencies all met for <TaskInstance: math_crawler_pipeline.extract_problem_and_solution manual__2025-05-19T17:07:55.539387+00:00 [queued]>
[2025-05-19T17:07:59.798+0000] {taskinstance.py:1087} INFO - Dependencies all met for <TaskInstance: math_crawler_pipeline.extract_problem_and_solution manual__2025-05-19T17:07:55.539387+00:00 [queued]>
[2025-05-19T17:07:59.798+0000] {taskinstance.py:1283} INFO - 
--------------------------------------------------------------------------------
[2025-05-19T17:07:59.798+0000] {taskinstance.py:1284} INFO - Starting attempt 1 of 3
[2025-05-19T17:07:59.798+0000] {taskinstance.py:1285} INFO - 
--------------------------------------------------------------------------------
[2025-05-19T17:07:59.811+0000] {taskinstance.py:1304} INFO - Executing <Task(PythonOperator): extract_problem_and_solution> on 2025-05-19 17:07:55.539387+00:00
[2025-05-19T17:07:59.818+0000] {standard_task_runner.py:55} INFO - Started process 671 to run task
[2025-05-19T17:07:59.822+0000] {standard_task_runner.py:82} INFO - Running: ['***', 'tasks', 'run', 'math_crawler_pipeline', 'extract_problem_and_solution', 'manual__2025-05-19T17:07:55.539387+00:00', '--job-id', '149', '--raw', '--subdir', 'DAGS_FOLDER/MathDag.py', '--cfg-path', '/tmp/tmp1ialxodw']
[2025-05-19T17:07:59.824+0000] {standard_task_runner.py:83} INFO - Job 149: Subtask extract_problem_and_solution
[2025-05-19T17:07:59.880+0000] {task_command.py:389} INFO - Running <TaskInstance: math_crawler_pipeline.extract_problem_and_solution manual__2025-05-19T17:07:55.539387+00:00 [running]> on host 11cd72090704
[2025-05-19T17:07:59.936+0000] {taskinstance.py:1511} INFO - Exporting the following env vars:
AIRFLOW_CTX_DAG_OWNER=***
AIRFLOW_CTX_DAG_ID=math_crawler_pipeline
AIRFLOW_CTX_TASK_ID=extract_problem_and_solution
AIRFLOW_CTX_EXECUTION_DATE=2025-05-19T17:07:55.539387+00:00
AIRFLOW_CTX_TRY_NUMBER=1
AIRFLOW_CTX_DAG_RUN_ID=manual__2025-05-19T17:07:55.539387+00:00
[2025-05-19T17:07:59.946+0000] {MathDag.py:45} INFO - Đang crawl link 1/64: https://loigiaihay.com/de-tham-khao-thi-vao-10-toan-ha-noi-nam-2025-co-dap-an-va-loi-giai-chi-tiet-a179519.html
[2025-05-19T17:08:10.690+0000] {MathDag.py:47} INFO -   -> Crawl thành công, số block: 195
[2025-05-19T17:08:10.690+0000] {MathDag.py:45} INFO - Đang crawl link 2/64: https://loigiaihay.com/de-tham-khao-thi-vao-10-toan-ha-noi-nam-2025-co-dap-an-va-loi-giai-chi-tiet-de-2-a179539.html
[2025-05-19T17:08:21.087+0000] {MathDag.py:47} INFO -   -> Crawl thành công, số block: 208
[2025-05-19T17:08:21.087+0000] {MathDag.py:45} INFO - Đang crawl link 3/64: https://loigiaihay.com/de-tham-khao-thi-vao-10-toan-ha-noi-nam-2025-co-dap-an-va-loi-giai-chi-tiet-de-3-a181097.html
[2025-05-19T17:08:31.384+0000] {MathDag.py:47} INFO -   -> Crawl thành công, số block: 217
[2025-05-19T17:08:31.384+0000] {MathDag.py:45} INFO - Đang crawl link 4/64: https://loigiaihay.com/de-tham-khao-thi-vao-10-mon-toan-ha-noi-nam-2025-de-so-4-a181870.html
[2025-05-19T17:08:42.450+0000] {MathDag.py:47} INFO -   -> Crawl thành công, số block: 188
[2025-05-19T17:08:42.450+0000] {MathDag.py:45} INFO - Đang crawl link 5/64: https://loigiaihay.com/de-tham-khao-thi-vao-10-mon-toan-ha-noi-nam-2025-de-so-5-a182059.html
[2025-05-19T17:08:54.047+0000] {MathDag.py:47} INFO -   -> Crawl thành công, số block: 212
[2025-05-19T17:08:54.048+0000] {MathDag.py:45} INFO - Đang crawl link 6/64: https://loigiaihay.com/de-tham-khao-thi-vao-10-mon-toan-ha-noi-nam-2025-de-so-6-a182290.html
[2025-05-19T17:09:04.700+0000] {MathDag.py:47} INFO -   -> Crawl thành công, số block: 186
[2025-05-19T17:09:04.700+0000] {MathDag.py:45} INFO - Đang crawl link 7/64: https://loigiaihay.com/de-tham-khao-thi-vao-10-mon-toan-ha-noi-nam-2025-de-so-7-a182562.html
[2025-05-19T17:09:14.594+0000] {MathDag.py:47} INFO -   -> Crawl thành công, số block: 170
[2025-05-19T17:09:14.595+0000] {MathDag.py:45} INFO - Đang crawl link 8/64: https://loigiaihay.com/de-tham-khao-thi-vao-10-mon-toan-ha-noi-nam-2025-de-so-8-a183073.html
[2025-05-19T17:09:24.821+0000] {MathDag.py:47} INFO -   -> Crawl thành công, số block: 171
[2025-05-19T17:09:24.822+0000] {MathDag.py:45} INFO - Đang crawl link 9/64: https://loigiaihay.com/de-tham-khao-thi-vao-10-mon-toan-ha-noi-nam-2025-de-so-9-a183564.html
[2025-05-19T17:09:34.588+0000] {MathDag.py:47} INFO -   -> Crawl thành công, số block: 170
[2025-05-19T17:09:34.588+0000] {MathDag.py:45} INFO - Đang crawl link 10/64: https://loigiaihay.com/de-tham-khao-thi-vao-10-mon-toan-ha-noi-nam-2025-de-so-10-a183809.html
[2025-05-19T17:09:44.311+0000] {MathDag.py:47} INFO -   -> Crawl thành công, số block: 170
[2025-05-19T17:09:44.312+0000] {MathDag.py:45} INFO - Đang crawl link 11/64: https://loigiaihay.com/de-tham-khao-thi-vao-10-mon-toan-ha-noi-nam-2025-de-so-11-a184285.html
[2025-05-19T17:09:54.898+0000] {MathDag.py:47} INFO -   -> Crawl thành công, số block: 162
[2025-05-19T17:09:54.898+0000] {MathDag.py:45} INFO - Đang crawl link 12/64: https://loigiaihay.com/de-tham-khao-thi-vao-10-toan-tp-ho-chi-minh-nam-2025-co-dap-an-va-loi-giai-chi-tiet-de-1-a179544.html
[2025-05-19T17:10:05.283+0000] {MathDag.py:47} INFO -   -> Crawl thành công, số block: 207
[2025-05-19T17:10:05.285+0000] {MathDag.py:45} INFO - Đang crawl link 13/64: https://loigiaihay.com/de-tham-khao-thi-vao-10-mon-toan-tp-ho-chi-minh-nam-2025-de-so-2-a181829.html
[2025-05-19T17:10:15.561+0000] {MathDag.py:47} INFO -   -> Crawl thành công, số block: 226
[2025-05-19T17:10:15.562+0000] {MathDag.py:45} INFO - Đang crawl link 14/64: https://loigiaihay.com/de-tham-khao-thi-vao-10-mon-toan-tp-ho-chi-minh-nam-2025-de-so-3-a181884.html
[2025-05-19T17:10:25.276+0000] {MathDag.py:47} INFO -   -> Crawl thành công, số block: 191
[2025-05-19T17:10:25.277+0000] {MathDag.py:45} INFO - Đang crawl link 15/64: https://loigiaihay.com/de-tham-khao-thi-vao-10-mon-toan-tp-ho-chi-minh-nam-2025-de-so-4-a181981.html
[2025-05-19T17:10:35.740+0000] {MathDag.py:47} INFO -   -> Crawl thành công, số block: 237
[2025-05-19T17:10:35.740+0000] {MathDag.py:45} INFO - Đang crawl link 16/64: https://loigiaihay.com/de-tham-khao-thi-vao-10-mon-toan-tp-ho-chi-minh-nam-2025-de-so-5-a182269.html
[2025-05-19T17:10:46.196+0000] {MathDag.py:47} INFO -   -> Crawl thành công, số block: 246
[2025-05-19T17:10:46.197+0000] {MathDag.py:45} INFO - Đang crawl link 17/64: https://loigiaihay.com/de-tham-khao-thi-vao-10-mon-toan-tp-ho-chi-minh-nam-2025-de-so-6-a182568.html
[2025-05-19T17:10:57.328+0000] {MathDag.py:47} INFO -   -> Crawl thành công, số block: 249
[2025-05-19T17:10:57.331+0000] {MathDag.py:45} INFO - Đang crawl link 18/64: https://loigiaihay.com/de-tham-khao-thi-vao-10-mon-toan-tp-ho-chi-minh-nam-2025-de-so-7-a182986.html
[2025-05-19T17:11:07.205+0000] {MathDag.py:47} INFO -   -> Crawl thành công, số block: 199
[2025-05-19T17:11:07.206+0000] {MathDag.py:45} INFO - Đang crawl link 19/64: https://loigiaihay.com/de-tham-khao-thi-vao-10-mon-toan-tp-ho-chi-minh-nam-2025-de-so-8-a183544.html
[2025-05-19T17:11:17.417+0000] {MathDag.py:47} INFO -   -> Crawl thành công, số block: 218
[2025-05-19T17:11:17.418+0000] {MathDag.py:45} INFO - Đang crawl link 20/64: https://loigiaihay.com/de-tham-khao-thi-vao-10-mon-toan-tp-ho-chi-minh-nam-2025-de-so-9-a184122.html
[2025-05-19T17:11:27.104+0000] {MathDag.py:47} INFO -   -> Crawl thành công, số block: 208
[2025-05-19T17:11:27.104+0000] {MathDag.py:45} INFO - Đang crawl link 21/64: https://loigiaihay.com/de-tham-khao-thi-vao-10-mon-toan-tp-ho-chi-minh-nam-2025-de-so-10-a184527.html
[2025-05-19T17:11:37.020+0000] {MathDag.py:47} INFO -   -> Crawl thành công, số block: 191
[2025-05-19T17:11:37.020+0000] {MathDag.py:45} INFO - Đang crawl link 22/64: https://loigiaihay.com/de-so-1-de-thi-vao-lop-10-mon-toan-c44a49454.html
[2025-05-19T17:11:45.272+0000] {MathDag.py:47} INFO -   -> Crawl thành công, số block: 16
[2025-05-19T17:11:45.276+0000] {MathDag.py:45} INFO - Đang crawl link 23/64: https://loigiaihay.com/de-so-2-de-thi-vao-lop-10-mon-toan-c44a49464.html
[2025-05-19T17:11:55.950+0000] {MathDag.py:47} INFO -   -> Crawl thành công, số block: 23
[2025-05-19T17:11:55.951+0000] {MathDag.py:45} INFO - Đang crawl link 24/64: https://loigiaihay.com/de-so-3-de-thi-vao-lop-10-mon-toan-c44a49465.html
[2025-05-19T17:12:06.212+0000] {MathDag.py:47} INFO -   -> Crawl thành công, số block: 23
[2025-05-19T17:12:06.212+0000] {MathDag.py:45} INFO - Đang crawl link 25/64: https://loigiaihay.com/de-so-4-de-thi-vao-lop-10-mon-toan-c44a49466.html
[2025-05-19T17:12:18.622+0000] {MathDag.py:47} INFO -   -> Crawl thành công, số block: 18
[2025-05-19T17:12:18.622+0000] {MathDag.py:45} INFO - Đang crawl link 26/64: https://loigiaihay.com/de-so-5-de-thi-vao-lop-10-mon-toan-c44a49467.html
[2025-05-19T17:12:31.935+0000] {MathDag.py:47} INFO -   -> Crawl thành công, số block: 4
[2025-05-19T17:12:31.935+0000] {MathDag.py:45} INFO - Đang crawl link 27/64: https://loigiaihay.com/de-so-6-de-thi-vao-lop-10-mon-toan-c44a49468.html
[2025-05-19T17:12:41.835+0000] {MathDag.py:47} INFO -   -> Crawl thành công, số block: 16
[2025-05-19T17:12:41.835+0000] {MathDag.py:45} INFO - Đang crawl link 28/64: https://loigiaihay.com/de-so-7-de-thi-vao-lop-10-mon-toan-c44a49469.html
[2025-05-19T17:12:51.683+0000] {MathDag.py:47} INFO -   -> Crawl thành công, số block: 26
[2025-05-19T17:12:51.684+0000] {MathDag.py:45} INFO - Đang crawl link 29/64: https://loigiaihay.com/de-so-8-de-thi-vao-lop-10-mon-toan-c44a49470.html
[2025-05-19T17:13:01.314+0000] {MathDag.py:47} INFO -   -> Crawl thành công, số block: 5
[2025-05-19T17:13:01.315+0000] {MathDag.py:45} INFO - Đang crawl link 30/64: https://loigiaihay.com/de-so-9-de-thi-vao-lop-10-mon-toan-c44a49471.html
[2025-05-19T17:13:11.341+0000] {MathDag.py:47} INFO -   -> Crawl thành công, số block: 3
[2025-05-19T17:13:11.341+0000] {MathDag.py:45} INFO - Đang crawl link 31/64: https://loigiaihay.com/de-so-10-de-thi-vao-lop-10-mon-toan-c44a49472.html
[2025-05-19T17:13:21.289+0000] {MathDag.py:47} INFO -   -> Crawl thành công, số block: 3
[2025-05-19T17:13:21.290+0000] {MathDag.py:45} INFO - Đang crawl link 32/64: https://loigiaihay.com/de-so-11-de-thi-vao-lop-10-mon-toan-c44a49473.html
[2025-05-19T17:13:30.823+0000] {MathDag.py:47} INFO -   -> Crawl thành công, số block: 9
[2025-05-19T17:13:30.824+0000] {MathDag.py:45} INFO - Đang crawl link 33/64: https://loigiaihay.com/de-so-12-de-thi-vao-lop-10-mon-toan-c44a49474.html
[2025-05-19T17:13:41.017+0000] {MathDag.py:47} INFO -   -> Crawl thành công, số block: 3
[2025-05-19T17:13:41.018+0000] {MathDag.py:45} INFO - Đang crawl link 34/64: https://loigiaihay.com/de-so-13-de-thi-vao-lop-10-mon-toan-c44a49515.html
[2025-05-19T17:13:50.745+0000] {MathDag.py:47} INFO -   -> Crawl thành công, số block: 16
[2025-05-19T17:13:50.745+0000] {MathDag.py:45} INFO - Đang crawl link 35/64: https://loigiaihay.com/de-so-14-de-thi-vao-lop-10-mon-toan-c44a49529.html
[2025-05-19T17:14:01.858+0000] {MathDag.py:47} INFO -   -> Crawl thành công, số block: 9
[2025-05-19T17:14:01.858+0000] {MathDag.py:45} INFO - Đang crawl link 36/64: https://loigiaihay.com/de-so-15-de-thi-vao-lop-10-mon-toan-c44a49531.html
[2025-05-19T17:14:10.624+0000] {MathDag.py:47} INFO -   -> Crawl thành công, số block: 18
[2025-05-19T17:14:10.624+0000] {MathDag.py:45} INFO - Đang crawl link 37/64: https://loigiaihay.com/de-so-16-de-thi-vao-lop-10-mon-toan-c44a49533.html
[2025-05-19T17:14:20.491+0000] {MathDag.py:47} INFO -   -> Crawl thành công, số block: 24
[2025-05-19T17:14:20.492+0000] {MathDag.py:45} INFO - Đang crawl link 38/64: https://loigiaihay.com/de-so-17-de-thi-vao-lop-10-mon-toan-c44a49536.html
[2025-05-19T17:14:30.075+0000] {MathDag.py:47} INFO -   -> Crawl thành công, số block: 11
[2025-05-19T17:14:30.075+0000] {MathDag.py:45} INFO - Đang crawl link 39/64: https://loigiaihay.com/de-so-18-de-thi-vao-lop-10-mon-toan-c44a49538.html
[2025-05-19T17:14:41.772+0000] {MathDag.py:47} INFO -   -> Crawl thành công, số block: 5
[2025-05-19T17:14:41.772+0000] {MathDag.py:45} INFO - Đang crawl link 40/64: https://loigiaihay.com/de-so-19-de-thi-vao-lop-10-mon-toan-c44a49540.html
[2025-05-19T17:14:51.782+0000] {MathDag.py:47} INFO -   -> Crawl thành công, số block: 23
[2025-05-19T17:14:51.782+0000] {MathDag.py:45} INFO - Đang crawl link 41/64: https://loigiaihay.com/de-so-20-de-thi-vao-lop-10-mon-toan-c44a49541.html
[2025-05-19T17:15:01.060+0000] {MathDag.py:47} INFO -   -> Crawl thành công, số block: 16
[2025-05-19T17:15:01.061+0000] {MathDag.py:45} INFO - Đang crawl link 42/64: https://loigiaihay.com/de-so-21-de-thi-vao-lop-10-mon-toan-c44a49573.html
[2025-05-19T17:15:16.716+0000] {MathDag.py:47} INFO -   -> Crawl thành công, số block: 4
[2025-05-19T17:15:16.719+0000] {MathDag.py:45} INFO - Đang crawl link 43/64: https://loigiaihay.com/de-so-22-de-thi-vao-lop-10-mon-toan-c44a49582.html
[2025-05-19T17:15:35.789+0000] {MathDag.py:47} INFO -   -> Crawl thành công, số block: 9
[2025-05-19T17:15:35.790+0000] {MathDag.py:45} INFO - Đang crawl link 44/64: https://loigiaihay.com/de-so-23-de-thi-vao-lop-10-mon-toan-c44a49583.html
[2025-05-19T17:15:46.671+0000] {MathDag.py:47} INFO -   -> Crawl thành công, số block: 3
[2025-05-19T17:15:46.671+0000] {MathDag.py:45} INFO - Đang crawl link 45/64: https://loigiaihay.com/de-so-24-de-thi-vao-lop-10-mon-toan-c44a49585.html
[2025-05-19T17:15:59.078+0000] {MathDag.py:47} INFO -   -> Crawl thành công, số block: 4
[2025-05-19T17:15:59.078+0000] {MathDag.py:45} INFO - Đang crawl link 46/64: https://loigiaihay.com/de-so-25-de-thi-vao-lop-10-mon-toan-c44a49613.html
[2025-05-19T17:16:09.504+0000] {MathDag.py:47} INFO -   -> Crawl thành công, số block: 16
[2025-05-19T17:16:09.504+0000] {MathDag.py:45} INFO - Đang crawl link 47/64: https://loigiaihay.com/de-so-26-de-thi-vao-lop-10-mon-toan-c44a49614.html
[2025-05-19T17:16:20.384+0000] {MathDag.py:47} INFO -   -> Crawl thành công, số block: 3
[2025-05-19T17:16:20.385+0000] {MathDag.py:45} INFO - Đang crawl link 48/64: https://loigiaihay.com/de-so-27-de-thi-vao-lop-10-mon-toan-c44a49615.html
[2025-05-19T17:16:30.669+0000] {MathDag.py:47} INFO -   -> Crawl thành công, số block: 6
[2025-05-19T17:16:30.669+0000] {MathDag.py:45} INFO - Đang crawl link 49/64: https://loigiaihay.com/de-so-28-de-thi-vao-lop-10-mon-toan-c44a49616.html
[2025-05-19T17:16:41.069+0000] {MathDag.py:47} INFO -   -> Crawl thành công, số block: 4
[2025-05-19T17:16:41.070+0000] {MathDag.py:45} INFO - Đang crawl link 50/64: https://loigiaihay.com/de-so-29-de-thi-vao-lop-10-mon-toan-c44a49621.html
[2025-05-19T17:16:51.267+0000] {MathDag.py:47} INFO -   -> Crawl thành công, số block: 16
[2025-05-19T17:16:51.268+0000] {MathDag.py:45} INFO - Đang crawl link 51/64: https://loigiaihay.com/de-so-30-de-thi-vao-lop-10-mon-toan-c44a49629.html
[2025-05-19T17:17:02.633+0000] {MathDag.py:47} INFO -   -> Crawl thành công, số block: 3
[2025-05-19T17:17:02.633+0000] {MathDag.py:45} INFO - Đang crawl link 52/64: https://loigiaihay.com/de-so-31-de-thi-vao-lop-10-mon-toan-c44a49640.html
[2025-05-19T17:17:14.865+0000] {MathDag.py:47} INFO -   -> Crawl thành công, số block: 3
[2025-05-19T17:17:14.866+0000] {MathDag.py:45} INFO - Đang crawl link 53/64: https://loigiaihay.com/de-so-32-de-thi-vao-lop-10-mon-toan-c44a49639.html
[2025-05-19T17:17:26.594+0000] {MathDag.py:47} INFO -   -> Crawl thành công, số block: 28
[2025-05-19T17:17:26.594+0000] {MathDag.py:45} INFO - Đang crawl link 54/64: https://loigiaihay.com/de-so-33-de-thi-vao-lop-10-mon-toan-c44a49641.html
[2025-05-19T17:17:37.606+0000] {MathDag.py:47} INFO -   -> Crawl thành công, số block: 4
[2025-05-19T17:17:37.607+0000] {MathDag.py:45} INFO - Đang crawl link 55/64: https://loigiaihay.com/de-so-34-de-thi-vao-lop-10-mon-toan-c44a49643.html
[2025-05-19T17:17:48.858+0000] {MathDag.py:47} INFO -   -> Crawl thành công, số block: 22
[2025-05-19T17:17:48.859+0000] {MathDag.py:45} INFO - Đang crawl link 56/64: https://loigiaihay.com/de-so-35-de-thi-vao-lop-10-mon-toan-c44a49644.html
[2025-05-19T17:18:03.841+0000] {MathDag.py:47} INFO -   -> Crawl thành công, số block: 17
[2025-05-19T17:18:03.841+0000] {MathDag.py:45} INFO - Đang crawl link 57/64: https://loigiaihay.com/de-so-36-de-thi-vao-lop-10-mon-toan-c44a49645.html
[2025-05-19T17:18:14.559+0000] {MathDag.py:47} INFO -   -> Crawl thành công, số block: 3
[2025-05-19T17:18:14.560+0000] {MathDag.py:45} INFO - Đang crawl link 58/64: https://loigiaihay.com/de-so-37-de-thi-vao-lop-10-mon-toan-c44a49646.html
[2025-05-19T17:18:25.273+0000] {MathDag.py:47} INFO -   -> Crawl thành công, số block: 5
[2025-05-19T17:18:25.274+0000] {MathDag.py:45} INFO - Đang crawl link 59/64: https://loigiaihay.com/de-so-38-de-thi-vao-lop-10-mon-toan-c44a49647.html
[2025-05-19T17:18:36.234+0000] {MathDag.py:47} INFO -   -> Crawl thành công, số block: 22
[2025-05-19T17:18:36.236+0000] {MathDag.py:45} INFO - Đang crawl link 60/64: https://loigiaihay.com/de-so-39-de-thi-vao-lop-10-mon-toan-c44a49648.html
[2025-05-19T17:18:46.985+0000] {MathDag.py:47} INFO -   -> Crawl thành công, số block: 3
[2025-05-19T17:18:46.985+0000] {MathDag.py:45} INFO - Đang crawl link 61/64: https://loigiaihay.com/de-so-40-de-thi-vao-lop-10-mon-toan-c44a49649.html
[2025-05-19T17:18:57.894+0000] {MathDag.py:47} INFO -   -> Crawl thành công, số block: 16
[2025-05-19T17:18:57.897+0000] {MathDag.py:45} INFO - Đang crawl link 62/64: https://loigiaihay.com/de-so-41-de-thi-vao-lop-10-mon-toan-c44a49650.html
[2025-05-19T17:19:08.549+0000] {MathDag.py:47} INFO -   -> Crawl thành công, số block: 3
[2025-05-19T17:19:08.549+0000] {MathDag.py:45} INFO - Đang crawl link 63/64: https://loigiaihay.com/de-so-42-de-thi-vao-lop-10-mon-toan-c44a49651.html
[2025-05-19T17:19:20.369+0000] {MathDag.py:47} INFO -   -> Crawl thành công, số block: 16
[2025-05-19T17:19:20.370+0000] {MathDag.py:45} INFO - Đang crawl link 64/64: https://loigiaihay.com/de-so-43-de-thi-vao-lop-10-mon-toan-c44a49652.html
[2025-05-19T17:19:31.926+0000] {MathDag.py:47} INFO -   -> Crawl thành công, số block: 16
[2025-05-19T17:19:31.982+0000] {python.py:177} INFO - Done. Returned value was: None
[2025-05-19T17:19:31.991+0000] {taskinstance.py:1322} INFO - Marking task as SUCCESS. dag_id=math_crawler_pipeline, task_id=extract_problem_and_solution, execution_date=20250519T170755, start_date=20250519T170759, end_date=20250519T171931
[2025-05-19T17:19:32.025+0000] {local_task_job.py:159} INFO - Task exited with return code 0
[2025-05-19T17:19:32.047+0000] {taskinstance.py:2582} INFO - 2 downstream tasks scheduled from follow-on schedule check
